#
# A fatal error has been detected by the Java Runtime Environment:
#
#  SIGSEGV (0xb) at pc=0x0000000105b8e082, pid=74010, tid=259
#
# JRE version: OpenJDK Runtime Environment Temurin-18.0.2.1+1 (18.0.2.1+1) (build 18.0.2.1+1)
# Java VM: OpenJDK 64-Bit Server VM Temurin-18.0.2.1+1 (18.0.2.1+1, mixed mode, sharing, tiered, compressed oops, compressed class ptrs, g1 gc, bsd-amd64)
# Problematic frame:
# V  [libjvm.dylib+0xa42082]  _ZN16SystemDictionary30resolve_instance_class_or_nullEP6Symbol6HandleS2_P10JavaThread+0x142
#
# No core dump will be written. Core dumps have been disabled. To enable core dumping, try "ulimit -c unlimited" before starting Java again
#
# If you would like to submit a bug report, please visit:
#   https://github.com/adoptium/adoptium-support/issues
#

---------------  S U M M A R Y ------------

Command Line: --add-modules=javafx.controls --module-path=/Users/hubertkowal/.gradle/caches/modules-2/files-2.1/org.openjfx/javafx-controls/17/e73acf695ffccb4f904ff7b76de8999eefb547c2/javafx-controls-17-mac.jar:/Users/hubertkowal/.gradle/caches/modules-2/files-2.1/org.openjfx/javafx-graphics/17/8b1d1124ce83e874db390016913fba7708f3592d/javafx-graphics-17-mac.jar:/Users/hubertkowal/.gradle/caches/modules-2/files-2.1/org.openjfx/javafx-base/17/61d52392b063be78f7cc1b0fbfc04dda7a835a15/javafx-base-17-mac.jar -Dfile.encoding=UTF-8 -Duser.country=PL -Duser.language=pl -Duser.variant agh.ics.oop.World

Host: "MacBookAir9,1" x86_64 1100 MHz, 4 cores, 8G, Darwin 21.6.0, macOS 10.16 (21G115)
Time: Mon Jan  2 19:29:11 2023 CET elapsed time: 0.634410 seconds (0d 0h 0m 0s)

---------------  T H R E A D  ---------------

Current thread (0x00007fa7cc81bc00):  JavaThread "JavaFX Application Thread" [_thread_in_vm, id=259, stack(0x00007ff7bb817000,0x00007ff7bc017000)]

Stack: [0x00007ff7bb817000,0x00007ff7bc017000],  sp=0x00007ff7bc0135c0,  free space=8177k
Native frames: (J=compiled Java code, j=interpreted, Vv=VM code, C=native code)
V  [libjvm.dylib+0xa42082]  _ZN16SystemDictionary30resolve_instance_class_or_nullEP6Symbol6HandleS2_P10JavaThread+0x142
V  [libjvm.dylib+0xa41a3f]  _ZN16SystemDictionary15resolve_or_failEP6Symbol6HandleS2_bP10JavaThread+0x6f
V  [libjvm.dylib+0x5c2e3d]  JVM_FindClassFromCaller+0x1ed
C  [libjava.dylib+0x13a5]  Java_java_lang_Class_forName0+0x185
j  java.lang.Class.forName0(Ljava/lang/String;ZLjava/lang/ClassLoader;Ljava/lang/Class;)Ljava/lang/Class;+0 java.base@18.0.2.1
j  java.lang.Class.forName(Ljava/lang/String;ZLjava/lang/ClassLoader;Ljava/lang/Class;)Ljava/lang/Class;+37 java.base@18.0.2.1
j  java.lang.Class.forName(Ljava/lang/String;ZLjava/lang/ClassLoader;)Ljava/lang/Class;+20 java.base@18.0.2.1
v  ~StubRoutines::call_stub
V  [libjvm.dylib+0x529516]  _ZN9JavaCalls11call_helperEP9JavaValueRK12methodHandleP17JavaCallArgumentsP10JavaThread+0x2b6
V  [libjvm.dylib+0x58bcc8]  _ZL17jni_invoke_staticP7JNIEnv_P9JavaValueP8_jobject11JNICallTypeP10_jmethodIDP18JNI_ArgumentPusherP10JavaThread+0x158
V  [libjvm.dylib+0x58c5de]  jni_CallStaticObjectMethod+0x18e
C  [libglass.dylib+0x27052]  +[GlassHelper ClassForName:withEnv:]+0xf2
C  [libglass.dylib+0x9651]  -[GlassApplication application:openFiles:]+0x121
C  [AppKit+0x466b67]  -[NSApplication _doOpenFile:ok:tryTemp:]+0x10b
C  [AppKit+0x30678]  -[NSApplication finishLaunching]+0x800
C  [AppKit+0x2fbc9]  -[NSApplication run]+0xfa
C  [libglass.dylib+0xa2a5]  -[GlassApplication runLoop:]+0x795
C  [Foundation+0x81527]  __NSThreadPerformPerform+0xb3
C  [CoreFoundation+0x8017b]  __CFRUNLOOP_IS_CALLING_OUT_TO_A_SOURCE0_PERFORM_FUNCTION__+0x11
C  [CoreFoundation+0x800e3]  __CFRunLoopDoSource0+0xb4
C  [CoreFoundation+0x7fe5d]  __CFRunLoopDoSources0+0xf2
C  [CoreFoundation+0x7e878]  __CFRunLoopRun+0x37c
C  [CoreFoundation+0x7de3c]  CFRunLoopRunSpecific+0x232
C  [libjli.dylib+0x6d02]  CreateExecutionEnvironment+0x192
C  [libjli.dylib+0x2705]  JLI_Launch+0x605
C  [java+0xc0e]  main+0x19e
C  0x000000010e6b152e

Java frames: (J=compiled Java code, j=interpreted, Vv=VM code)
j  java.lang.Class.forName0(Ljava/lang/String;ZLjava/lang/ClassLoader;Ljava/lang/Class;)Ljava/lang/Class;+0 java.base@18.0.2.1
j  java.lang.Class.forName(Ljava/lang/String;ZLjava/lang/ClassLoader;Ljava/lang/Class;)Ljava/lang/Class;+37 java.base@18.0.2.1
j  java.lang.Class.forName(Ljava/lang/String;ZLjava/lang/ClassLoader;)Ljava/lang/Class;+20 java.base@18.0.2.1
v  ~StubRoutines::call_stub

siginfo: si_signo: 11 (SIGSEGV), si_code: 0 (unknown), si_addr: 0x0000000000000000

Register to memory mapping:

RAX=0xf0edf95a03fbcaa0 is an unknown value
RBX=0x00006000031b8e28 points into unknown readable memory: 0x0000000787f19648 | 48 96 f1 87 07 00 00 00
RCX=0x0000000000000014 is an unknown value
RDX=0x0000000800000000 is pointing into metadata
RSP=0x00007ff7bc0135c0 is pointing into the stack for thread: 0x00007fa7cc81bc00
RBP=0x00007ff7bc0136c0 is pointing into the stack for thread: 0x00007fa7cc81bc00
RSI=0x000000080007b7f0 is a pointer to class: 
jdk.internal.loader.ClassLoaders$AppClassLoader {0x000000080007b7f0}
 - instance size:     13
 - klass size:        101
 - access:            synchronized 
 - state:             fully_initialized
 - name:              'jdk/internal/loader/ClassLoaders$AppClassLoader'
 - super:             'jdk/internal/loader/BuiltinClassLoader'
 - sub:               
 - arrays:            NULL
 - methods:           Array<T>(0x0000000800672bf8)
 - method ordering:   Array<T>(0x0000000800672d48)
 - default_methods:   Array<T>(0x0000000000000000)
 - local interfaces:  Array<T>(0x00000008005c7f18)
 - trans. interfaces: Array<T>(0x00000008005c7f18)
 - constants:         constant pool [119] {0x0000000800672690} for 'jdk/internal/loader/ClassLoaders$AppClassLoader' cache=0x000000080007bbf0
 - class loader data:  loader data: 0x0000600003fb9d60 of 'bootstrap'
 - source file:       'ClassLoaders.java'
 - class annotations:       Array<T>(0x0000000000000000)
 - class type annotations:  Array<T>(0x0000000000000000)
 - field annotations:       Array<T>(0x0000000000000000)
 - field type annotations:  Array<T>(0x0000000000000000)
 - inner classes:     Array<T>(0x0000000800672be0)
 - nest members:     Array<T>(0x00000008005c7ea8)
 - permitted subclasses:     Array<T>(0x00000008005c7ea8)
 - java mirror:       a 'java/lang/Class'{0x00000007ffe04018} = 'jdk/internal/loader/ClassLoaders$AppClassLoader'
 - vtable length      43  (start addr: 0x000000080007b9a8)
 - itable length      2 (start addr: 0x000000080007bb00)
 - ---- static fields (0 words):
 - ---- non-static fields (23 words):
 - private 'defaultAssertionStatus' 'Z' @12 
 - abstract internal 'loader_data' 'J' @16 
 - private final 'parent' 'Ljava/lang/ClassLoader;' @24 
 - private final 'name' 'Ljava/lang/String;' @28 
 - private final 'unnamedModule' 'Ljava/lang/Module;' @32 
 - private final 'nameAndId' 'Ljava/lang/String;' @36 
 - private final 'parallelLockMap' 'Ljava/util/concurrent/ConcurrentHashMap;' @40 
 - private final 'package2certs' 'Ljava/util/concurrent/ConcurrentHashMap;' @44 
 - private final 'classes' 'Ljava/util/ArrayList;' @48 
 - private final 'defaultDomain' 'Ljava/security/ProtectionDomain;' @52 
 - private final 'packages' 'Ljava/util/concurrent/ConcurrentHashMap;' @56 
 - private final 'libraries' 'Ljdk/internal/loader/NativeLibraries;' @60 
 - final 'assertionLock' 'Ljava/lang/Object;' @64 
 - private 'packageAssertionStatus' 'Ljava/util/Map;' @68 
 - 'classAssertionStatus' 'Ljava/util/Map;' @72 
 - private volatile 'classLoaderValueMap' 'Ljava/util/concurrent/ConcurrentHashMap;' @76 
 - private final 'pdcache' 'Ljava/util/Map;' @80 
 - private final 'parent' 'Ljdk/internal/loader/BuiltinClassLoader;' @84 
 - private synchronized 'ucp' 'Ljdk/internal/loader/URLClassPath;' @88 
 - private final 'nameToModule' 'Ljava/util/Map;' @92 
 - private final 'moduleToReader' 'Ljava/util/Map;' @96 
 - private volatile 'resourceCache' 'Ljava/lang/ref/SoftReference;' @100 
 - non-static oop maps: 24-100 
RDI=0x0000000787f19648 is an oop: jdk.internal.loader.ClassLoaders$AppClassLoader 
{0x0000000787f19648} - klass: 'jdk/internal/loader/ClassLoaders$AppClassLoader'
 - ---- fields (total size 13 words):
 - private 'defaultAssertionStatus' 'Z' @12  false
 - abstract internal 'loader_data' 'J' @16  -1085937770117215584 (3fbcaa0 f0edf95a)
 - private final 'parent' 'Ljava/lang/ClassLoader;' @24  a 'java/lang/invoke/MethodType'{0x0000000787fcd440} = ()V (f0ff9a88)
 - private final 'name' 'Ljava/lang/String;' @28  "app"{0x00000007fff0a288} (fffe1451)
 - private final 'unnamedModule' 'Ljava/lang/Module;' @32  a 'java/lang/Module'{0x0000000787f197d8} (f0fe32fb)
 - private final 'nameAndId' 'Ljava/lang/String;' @36  "'app'"{0x0000000787f198d8} (f0fe331b)
 - private final 'parallelLockMap' 'Ljava/util/concurrent/ConcurrentHashMap;' @40  a 'java/util/concurrent/ConcurrentHashMap'{0x0000000787f19810} (f0fe3302)
 - private final 'package2certs' 'Ljava/util/concurrent/ConcurrentHashMap;' @44  a 'java/util/concurrent/ConcurrentHashMap'{0x0000000787f19860} (f0fe330c)
 - private final 'classes' 'Ljava/util/ArrayList;' @48  a 'java/util/ArrayList'{0x0000000787f196b0} (f0fe32d6)
 - private final 'defaultDomain' 'Ljava/security/ProtectionDomain;' @52  a 'java/security/ProtectionDomain'{0x0000000787f196c8} (f0fe32d9)
 - private final 'packages' 'Ljava/util/concurrent/ConcurrentHashMap;' @56  a 'java/util/concurrent/ConcurrentHashMap'{0x0000000787f19738} (f0fe32e7)
 - private final 'libraries' 'Ljdk/internal/loader/NativeLibraries;' @60  a 'jdk/internal/loader/NativeLibraries'{0x0000000787f19778} (f0fe32ef)
 - final 'assertionLock' 'Ljava/lang/Object;' @64  a 'java/lang/Object'{0x0000000787f19850} (f0fe330a)
 - private 'packageAssertionStatus' 'Ljava/util/Map;' @68  NULL (0)
 - 'classAssertionStatus' 'Ljava/util/Map;' @72  NULL (0)
 - private volatile 'classLoaderValueMap' 'Ljava/util/concurrent/ConcurrentHashMap;' @76  a 'java/util/concurrent/ConcurrentHashMap'{0x0000000787f19c48} (f0fe3389)
 - private final 'pdcache' 'Ljava/util/Map;' @80  a 'java/util/concurrent/ConcurrentHashMap'{0x0000000787f19908} (f0fe3321)
 - private final 'parent' 'Ljdk/internal/loader/BuiltinClassLoader;' @84  a 'jdk/internal/loader/ClassLoaders$PlatformClassLoader'{0x0000000787f18568} (f0fe30ad)
 - private synchronized 'ucp' 'Ljdk/internal/loader/URLClassPath;' @88  a 'jdk/internal/loader/URLClassPath'{0x0000000787f18bc0} (f0fe3178)
 - private final 'nameToModule' 'Ljava/util/Map;' @92  a 'java/util/concurrent/ConcurrentHashMap'{0x0000000787f19948} (f0fe3329)
 - private final 'moduleToReader' 'Ljava/util/Map;' @96  a 'java/util/concurrent/ConcurrentHashMap'{0x0000000787f19988} (f0fe3331)
 - private volatile 'resourceCache' 'Ljava/lang/ref/SoftReference;' @100  NULL (0)
R8 =
[error occurred during error reporting (printing register info), id 0xb, SIGSEGV (0xb) at pc=0x000000010556c509]

Registers:
RAX=0xf0edf95a03fbcaa0, RBX=0x00006000031b8e28, RCX=0x0000000000000014, RDX=0x0000000800000000
RSP=0x00007ff7bc0135c0, RBP=0x00007ff7bc0136c0, RSI=0x000000080007b7f0, RDI=0x0000000787f19648
R8 =0x0000000780000000, R9 =0x0000000000003000, R10=0x0000000000000000, R11=0x0000000000000000
R12=0xf0edf95a03fbcaa0, R13=0x00000008004470c8, R14=0x0000000787f19648, R15=0x00007fa7cc81bc00
RIP=0x0000000105b8e082, EFLAGS=0x0000000000010286, ERR=0x0000000000000000
  TRAPNO=0x000000000000000d

Top of Stack: (sp=0x00007ff7bc0135c0)
0x00007ff7bc0135c0:   00007ff858722220 00007fa7cc81bc00
0x00007ff7bc0135d0:   0000600001b9f4c0 00006000031b8e10
0x00007ff7bc0135e0:   00006000031b8e28 00006000031b8ef8
0x00007ff7bc0135f0:   00000000000000d8 00007ff7bc013a60
0x00007ff7bc013600:   0000000000000000 0000000000000002
0x00007ff7bc013610:   00007ff7bc013650 00007ff816e866fa
0x00007ff7bc013620:   0000000000000000 0000000000000000
0x00007ff7bc013630:   00007ff700000000 0000000105b84d78
0x00007ff7bc013640:   0000000000000010 0000000000000010
0x00007ff7bc013650:   0000000000000000 0000000083d61705
0x00007ff7bc013660:   00007fa7cc81bc00 00007ff7bc0138c0
0x00007ff7bc013670:   0000000000000010 00007ff7bc013770
0x00007ff7bc013680:   00007fa7cc81bc00 00006000031b8e28
0x00007ff7bc013690:   00007ff700000000 00006000031b8e20
0x00007ff7bc0136a0:   00000008004470c8 0000000000000000
0x00007ff7bc0136b0:   0000000000000000 00007fa7cc81bc00
0x00007ff7bc0136c0:   00007ff7bc013700 0000000105b8da3f
0x00007ff7bc0136d0:   00006000031b8e28 0000000000000000
0x00007ff7bc0136e0:   00007fa7cc81bc00 0000000000000000
0x00007ff7bc0136f0:   00000008004470c8 00006000031b8e20
0x00007ff7bc013700:   00007ff7bc013740 000000010570ee3d
0x00007ff7bc013710:   0000000100000001 0000000000000010
0x00007ff7bc013720:   0000000000000010 00007fa7cc81be90
0x00007ff7bc013730:   00007ff7bc013770 00007ff7bc0138d0
0x00007ff7bc013740:   00007ff7bc013820 00000001040a83a5
0x00007ff7bc013750:   00000000ffdd7b60 0000000000000000
0x00007ff7bc013760:   00007ff7bc0138c0 0000000116e88759
0x00007ff7bc013770:   6e616c2f6176616a 676e697274532f67
0x00007ff7bc013780:   a9030ab24b470000 00007ff7bc013808
0x00007ff7bc013790:   0000000000001400 0000600002ab1620
0x00007ff7bc0137a0:   0000000000000000 0000000000000000
0x00007ff7bc0137b0:   00007ff7bc0137d0 00007ff81714db44 

Instructions: (pc=0x0000000105b8e082)
0x0000000105b8df82:   00 74 13 c6 85 70 ff ff ff 01 e8 7f 0d 05 00 48
0x0000000105b8df92:   89 85 60 ff ff ff 48 8d bd 08 ff ff ff 4c 89 fe
0x0000000105b8dfa2:   e8 e9 97 a8 ff 48 85 db 74 16 48 8b 3b e8 0c 36
0x0000000105b8dfb2:   af ff 48 85 c0 4c 89 7d c0 75 19 e9 ab 00 00 00
0x0000000105b8dfc2:   31 ff e8 f7 35 af ff 48 85 c0 4c 89 7d c0 0f 84
0x0000000105b8dfd2:   97 00 00 00 49 89 c6 49 8b bf 20 02 00 00 48 8b
0x0000000105b8dfe2:   5f 18 48 8b 47 20 48 29 d8 48 83 f8 08 73 6c be
0x0000000105b8dff2:   08 00 00 00 31 d2 e8 c3 1c 72 ff 48 89 c3 4c 89
0x0000000105b8e002:   33 48 85 db 74 65 31 f6 4c 89 f7 e8 7e b6 e5 ff
0x0000000105b8e012:   84 c0 75 26 48 8d 3d 89 aa 19 00 48 8d 15 be aa
0x0000000105b8e022:   19 00 48 8d 0d f7 aa 19 00 be 24 00 00 00 31 c0
0x0000000105b8e032:   e8 a9 64 92 ff e8 e4 b9 e6 ff 48 8b 3b e8 0c 32
0x0000000105b8e042:   af ff 48 85 c0 48 89 5d c8 0f 84 dc 01 00 00 49
0x0000000105b8e052:   89 c4 c7 45 d0 00 00 00 00 eb 25 48 8d 43 08 48
0x0000000105b8e062:   89 47 18 4c 89 33 48 85 db 75 9b 48 8d 05 e4 39
0x0000000105b8e072:   30 00 4c 8b 20 b1 01 89 4d d0 31 c9 48 89 4d c8
0x0000000105b8e082:   4d 8b 7c 24 58 44 89 ee c1 ee 03 41 8b 4d 00 41
0x0000000105b8e092:   8b 55 04 c1 e2 08 31 f2 41 0f b6 45 06 c1 e0 08
0x0000000105b8e0a2:   45 0f b6 75 07 41 09 c6 41 31 d6 41 0f a4 ce 10
0x0000000105b8e0b2:   4c 89 ff 44 89 f6 4c 89 ea 48 8b 4d 90 e8 ac ae
0x0000000105b8e0c2:   99 ff 48 89 c3 48 85 c0 0f 85 03 03 00 00 4c 89
0x0000000105b8e0d2:   7d a8 4c 89 65 b8 80 7d d0 00 74 04 31 c9 eb 19
0x0000000105b8e0e2:   4c 8b 65 c8 49 8b 3c 24 e8 e1 33 af ff 31 c9 84
0x0000000105b8e0f2:   c0 4c 89 65 c8 49 0f 44 cc 48 8b 5d c0 48 8d bd
0x0000000105b8e102:   40 ff ff ff 48 89 8d 58 ff ff ff 48 89 ce 48 89
0x0000000105b8e112:   da e8 d8 c6 ff ff 48 8d 05 89 ed 31 00 4c 8b 38
0x0000000105b8e122:   4d 85 ff 74 0b 4c 89 ff 48 89 de e8 0e 69 e3 ff
0x0000000105b8e132:   48 8b 7d a8 44 89 f6 4c 89 ea e8 ef ae 99 ff 48
0x0000000105b8e142:   85 c0 48 89 45 b0 0f 84 f8 00 00 00 48 89 c2 31
0x0000000105b8e152:   f6 45 31 e4 4d 85 ff 74 12 4c 89 ff 48 89 f3 e8
0x0000000105b8e162:   0a 6b e3 ff 48 89 de 48 8b 55 b0 45 84 e4 4c 8b
0x0000000105b8e172:   7d c0 74 28 41 b8 01 00 00 00 4c 89 ef 48 8b 55 


Stack slot to memory mapping:
stack at sp + 0 slots: 0x00007ff858722220: OBJC_METACLASS_$_NSObject+0 in /usr/lib/libobjc.A.dylib at 0x00007ff816e81000
stack at sp + 1 slots: 0x00007fa7cc81bc00 is a thread
stack at sp + 2 slots: 0x0000600001b9f4c0 points into unknown readable memory: 0x0000000000000002 | 02 00 00 00 00 00 00 00
stack at sp + 3 slots: 0x00006000031b8e10 points into unknown readable memory: 0x0000000000000000 | 00 00 00 00 00 00 00 00
stack at sp + 4 slots: 0x00006000031b8e28 points into unknown readable memory: 0x0000000787f19648 | 48 96 f1 87 07 00 00 00
stack at sp + 5 slots: 0x00006000031b8ef8 points into unknown readable memory: 0x0000000000000000 | 00 00 00 00 00 00 00 00
stack at sp + 6 slots: 0x00000000000000d8 is an unknown value
stack at sp + 7 slots: 0x00007ff7bc013a60 is pointing into the stack for thread: 0x00007fa7cc81bc00


---------------  P R O C E S S  ---------------

Threads class SMR info:
_java_thread_list=0x0000600000eeea00, length=15, elements={
0x00007fa7cc808800, 0x00007fa7cc815400, 0x00007fa7cc817c00, 0x00007fa7cc818800,
0x00007fa7cb851600, 0x00007fa7cc011200, 0x00007fa7cb853a00, 0x00007fa7cb84d000,
0x00007fa7cb84e400, 0x00007fa7cc815a00, 0x00007fa7cc010c00, 0x00007fa7cb850800,
0x00007fa7cc010600, 0x00007fa7cc120000, 0x00007fa7cc81bc00
}

Java Threads: ( => current thread )
  0x00007fa7cc808800 JavaThread "main" [_thread_blocked, id=5891, stack(0x000070000c612000,0x000070000c712000)]
  0x00007fa7cc815400 JavaThread "Reference Handler" daemon [_thread_blocked, id=15107, stack(0x000070000cd27000,0x000070000ce27000)]
  0x00007fa7cc817c00 JavaThread "Finalizer" daemon [_thread_blocked, id=16131, stack(0x000070000ce2a000,0x000070000cf2a000)]
  0x00007fa7cc818800 JavaThread "Signal Dispatcher" daemon [_thread_blocked, id=42243, stack(0x000070000d033000,0x000070000d133000)]
  0x00007fa7cb851600 JavaThread "Service Thread" daemon [_thread_blocked, id=41987, stack(0x000070000d136000,0x000070000d236000)]
  0x00007fa7cc011200 JavaThread "Monitor Deflation Thread" daemon [_thread_blocked, id=23299, stack(0x000070000d239000,0x000070000d339000)]
  0x00007fa7cb853a00 JavaThread "C2 CompilerThread0" daemon [_thread_blocked, id=23811, stack(0x000070000d33c000,0x000070000d43c000)]
  0x00007fa7cb84d000 JavaThread "C1 CompilerThread0" daemon [_thread_blocked, id=41475, stack(0x000070000d43f000,0x000070000d53f000)]
  0x00007fa7cb84e400 JavaThread "Sweeper thread" daemon [_thread_blocked, id=40963, stack(0x000070000d542000,0x000070000d642000)]
  0x00007fa7cc815a00 JavaThread "Common-Cleaner" daemon [_thread_blocked, id=40707, stack(0x000070000d645000,0x000070000d745000)]
  0x00007fa7cc010c00 JavaThread "Notification Thread" daemon [_thread_blocked, id=24323, stack(0x000070000d748000,0x000070000d848000)]
  0x00007fa7cb850800 JavaThread "JavaFX-Launcher" [_thread_blocked, id=25091, stack(0x000070000d94e000,0x000070000da4e000)]
  0x00007fa7cc010600 JavaThread "QuantumRenderer-0" daemon [_thread_blocked, id=39683, stack(0x000070000da51000,0x000070000db51000)]
  0x00007fa7cc120000 JavaThread "InvokeLaterDispatcher" daemon [_thread_blocked, id=35595, stack(0x000070000db54000,0x000070000dc54000)]
=>0x00007fa7cc81bc00 JavaThread "JavaFX Application Thread" [_thread_in_vm, id=259, stack(0x00007ff7bb817000,0x00007ff7bc017000)]

Other Threads:
  0x00007fa7cb10c2b0 VMThread "VM Thread" [stack: 0x000070000cc24000,0x000070000cd24000] [id=14595]
  0x00007fa7cb128df0 WatcherThread "VM Periodic Task Thread" [stack: 0x000070000d84b000,0x000070000d94b000] [id=24579]
  0x00007fa7cb006310 WorkerThread "GC Thread#0" [stack: 0x000070000c715000,0x000070000c815000] [id=19203]
  0x00007fa7cb0069a0 ConcurrentGCThread "G1 Main Marker" [stack: 0x000070000c818000,0x000070000c918000] [id=12035]
  0x00007fa7cb104450 WorkerThread "G1 Conc#0" [stack: 0x000070000c91b000,0x000070000ca1b000] [id=12291]
  0x00007fa7cb00a380 ConcurrentGCThread "G1 Refine#0" [stack: 0x000070000ca1e000,0x000070000cb1e000] [id=13059]
  0x00007fa7cb00ac00 ConcurrentGCThread "G1 Service" [stack: 0x000070000cb21000,0x000070000cc21000] [id=17923]

Threads with active compile tasks:

VM state: not at safepoint (normal execution)

VM Mutex/Monitor currently owned by a thread: None

Heap address: 0x0000000780000000, size: 2048 MB, Compressed Oops mode: Zero based, Oop shift amount: 3

CDS archive(s) mapped at: [0x0000000800000000-0x0000000800ba6000-0x0000000800ba6000), size 12214272, SharedBaseAddress: 0x0000000800000000, ArchiveRelocationMode: 0.
Compressed class space mapped at: 0x0000000800c00000-0x0000000840c00000, reserved size: 1073741824
Narrow klass base: 0x0000000800000000, Narrow klass shift: 0, Narrow klass range: 0x100000000

GC Precious Log:
 CardTable entry size: 512
 Card Set container configuration: InlinePtr #cards 5 size 8 Array Of Cards #cards 12 size 40 Howl #buckets 4 coarsen threshold 1843 Howl Bitmap #cards 512 size 80 coarsen threshold 460 Card regions per heap region 1 cards per card region 2048
 CPUs: 4 total, 4 available
 Memory: 8192M
 Large Page Support: Disabled
 NUMA Support: Disabled
 Compressed Oops: Enabled (Zero based)
 Heap Region Size: 1M
 Heap Min Capacity: 8M
 Heap Initial Capacity: 128M
 Heap Max Capacity: 2G
 Pre-touch: Disabled
 Parallel Workers: 4
 Concurrent Workers: 1
 Concurrent Refinement Workers: 4
 Periodic GC: Disabled

Heap:
 garbage-first heap   total 133120K, used 10136K [0x0000000780000000, 0x0000000800000000)
  region size 1024K, 11 young (11264K), 0 survivors (0K)
 Metaspace       used 2754K, committed 2944K, reserved 1114112K
  class space    used 289K, committed 384K, reserved 1048576K

Heap Regions: E=young(eden), S=young(survivor), O=old, HS=humongous(starts), HC=humongous(continues), CS=collection set, F=free, OA=open archive, CA=closed archive, TAMS=top-at-mark-start (previous, next)
|   0|0x0000000780000000, 0x0000000780000000, 0x0000000780100000|  0%| F|  |TAMS 0x0000000780000000, 0x0000000780000000| Untracked 
|   1|0x0000000780100000, 0x0000000780100000, 0x0000000780200000|  0%| F|  |TAMS 0x0000000780100000, 0x0000000780100000| Untracked 
|   2|0x0000000780200000, 0x0000000780200000, 0x0000000780300000|  0%| F|  |TAMS 0x0000000780200000, 0x0000000780200000| Untracked 
|   3|0x0000000780300000, 0x0000000780300000, 0x0000000780400000|  0%| F|  |TAMS 0x0000000780300000, 0x0000000780300000| Untracked 
|   4|0x0000000780400000, 0x0000000780400000, 0x0000000780500000|  0%| F|  |TAMS 0x0000000780400000, 0x0000000780400000| Untracked 
|   5|0x0000000780500000, 0x0000000780500000, 0x0000000780600000|  0%| F|  |TAMS 0x0000000780500000, 0x0000000780500000| Untracked 
|   6|0x0000000780600000, 0x0000000780600000, 0x0000000780700000|  0%| F|  |TAMS 0x0000000780600000, 0x0000000780600000| Untracked 
|   7|0x0000000780700000, 0x0000000780700000, 0x0000000780800000|  0%| F|  |TAMS 0x0000000780700000, 0x0000000780700000| Untracked 
|   8|0x0000000780800000, 0x0000000780800000, 0x0000000780900000|  0%| F|  |TAMS 0x0000000780800000, 0x0000000780800000| Untracked 
|   9|0x0000000780900000, 0x0000000780900000, 0x0000000780a00000|  0%| F|  |TAMS 0x0000000780900000, 0x0000000780900000| Untracked 
|  10|0x0000000780a00000, 0x0000000780a00000, 0x0000000780b00000|  0%| F|  |TAMS 0x0000000780a00000, 0x0000000780a00000| Untracked 
|  11|0x0000000780b00000, 0x0000000780b00000, 0x0000000780c00000|  0%| F|  |TAMS 0x0000000780b00000, 0x0000000780b00000| Untracked 
|  12|0x0000000780c00000, 0x0000000780c00000, 0x0000000780d00000|  0%| F|  |TAMS 0x0000000780c00000, 0x0000000780c00000| Untracked 
|  13|0x0000000780d00000, 0x0000000780d00000, 0x0000000780e00000|  0%| F|  |TAMS 0x0000000780d00000, 0x0000000780d00000| Untracked 
|  14|0x0000000780e00000, 0x0000000780e00000, 0x0000000780f00000|  0%| F|  |TAMS 0x0000000780e00000, 0x0000000780e00000| Untracked 
|  15|0x0000000780f00000, 0x0000000780f00000, 0x0000000781000000|  0%| F|  |TAMS 0x0000000780f00000, 0x0000000780f00000| Untracked 
|  16|0x0000000781000000, 0x0000000781000000, 0x0000000781100000|  0%| F|  |TAMS 0x0000000781000000, 0x0000000781000000| Untracked 
|  17|0x0000000781100000, 0x0000000781100000, 0x0000000781200000|  0%| F|  |TAMS 0x0000000781100000, 0x0000000781100000| Untracked 
|  18|0x0000000781200000, 0x0000000781200000, 0x0000000781300000|  0%| F|  |TAMS 0x0000000781200000, 0x0000000781200000| Untracked 
|  19|0x0000000781300000, 0x0000000781300000, 0x0000000781400000|  0%| F|  |TAMS 0x0000000781300000, 0x0000000781300000| Untracked 
|  20|0x0000000781400000, 0x0000000781400000, 0x0000000781500000|  0%| F|  |TAMS 0x0000000781400000, 0x0000000781400000| Untracked 
|  21|0x0000000781500000, 0x0000000781500000, 0x0000000781600000|  0%| F|  |TAMS 0x0000000781500000, 0x0000000781500000| Untracked 
|  22|0x0000000781600000, 0x0000000781600000, 0x0000000781700000|  0%| F|  |TAMS 0x0000000781600000, 0x0000000781600000| Untracked 
|  23|0x0000000781700000, 0x0000000781700000, 0x0000000781800000|  0%| F|  |TAMS 0x0000000781700000, 0x0000000781700000| Untracked 
|  24|0x0000000781800000, 0x0000000781800000, 0x0000000781900000|  0%| F|  |TAMS 0x0000000781800000, 0x0000000781800000| Untracked 
|  25|0x0000000781900000, 0x0000000781900000, 0x0000000781a00000|  0%| F|  |TAMS 0x0000000781900000, 0x0000000781900000| Untracked 
|  26|0x0000000781a00000, 0x0000000781a00000, 0x0000000781b00000|  0%| F|  |TAMS 0x0000000781a00000, 0x0000000781a00000| Untracked 
|  27|0x0000000781b00000, 0x0000000781b00000, 0x0000000781c00000|  0%| F|  |TAMS 0x0000000781b00000, 0x0000000781b00000| Untracked 
|  28|0x0000000781c00000, 0x0000000781c00000, 0x0000000781d00000|  0%| F|  |TAMS 0x0000000781c00000, 0x0000000781c00000| Untracked 
|  29|0x0000000781d00000, 0x0000000781d00000, 0x0000000781e00000|  0%| F|  |TAMS 0x0000000781d00000, 0x0000000781d00000| Untracked 
|  30|0x0000000781e00000, 0x0000000781e00000, 0x0000000781f00000|  0%| F|  |TAMS 0x0000000781e00000, 0x0000000781e00000| Untracked 
|  31|0x0000000781f00000, 0x0000000781f00000, 0x0000000782000000|  0%| F|  |TAMS 0x0000000781f00000, 0x0000000781f00000| Untracked 
|  32|0x0000000782000000, 0x0000000782000000, 0x0000000782100000|  0%| F|  |TAMS 0x0000000782000000, 0x0000000782000000| Untracked 
|  33|0x0000000782100000, 0x0000000782100000, 0x0000000782200000|  0%| F|  |TAMS 0x0000000782100000, 0x0000000782100000| Untracked 
|  34|0x0000000782200000, 0x0000000782200000, 0x0000000782300000|  0%| F|  |TAMS 0x0000000782200000, 0x0000000782200000| Untracked 
|  35|0x0000000782300000, 0x0000000782300000, 0x0000000782400000|  0%| F|  |TAMS 0x0000000782300000, 0x0000000782300000| Untracked 
|  36|0x0000000782400000, 0x0000000782400000, 0x0000000782500000|  0%| F|  |TAMS 0x0000000782400000, 0x0000000782400000| Untracked 
|  37|0x0000000782500000, 0x0000000782500000, 0x0000000782600000|  0%| F|  |TAMS 0x0000000782500000, 0x0000000782500000| Untracked 
|  38|0x0000000782600000, 0x0000000782600000, 0x0000000782700000|  0%| F|  |TAMS 0x0000000782600000, 0x0000000782600000| Untracked 
|  39|0x0000000782700000, 0x0000000782700000, 0x0000000782800000|  0%| F|  |TAMS 0x0000000782700000, 0x0000000782700000| Untracked 
|  40|0x0000000782800000, 0x0000000782800000, 0x0000000782900000|  0%| F|  |TAMS 0x0000000782800000, 0x0000000782800000| Untracked 
|  41|0x0000000782900000, 0x0000000782900000, 0x0000000782a00000|  0%| F|  |TAMS 0x0000000782900000, 0x0000000782900000| Untracked 
|  42|0x0000000782a00000, 0x0000000782a00000, 0x0000000782b00000|  0%| F|  |TAMS 0x0000000782a00000, 0x0000000782a00000| Untracked 
|  43|0x0000000782b00000, 0x0000000782b00000, 0x0000000782c00000|  0%| F|  |TAMS 0x0000000782b00000, 0x0000000782b00000| Untracked 
|  44|0x0000000782c00000, 0x0000000782c00000, 0x0000000782d00000|  0%| F|  |TAMS 0x0000000782c00000, 0x0000000782c00000| Untracked 
|  45|0x0000000782d00000, 0x0000000782d00000, 0x0000000782e00000|  0%| F|  |TAMS 0x0000000782d00000, 0x0000000782d00000| Untracked 
|  46|0x0000000782e00000, 0x0000000782e00000, 0x0000000782f00000|  0%| F|  |TAMS 0x0000000782e00000, 0x0000000782e00000| Untracked 
|  47|0x0000000782f00000, 0x0000000782f00000, 0x0000000783000000|  0%| F|  |TAMS 0x0000000782f00000, 0x0000000782f00000| Untracked 
|  48|0x0000000783000000, 0x0000000783000000, 0x0000000783100000|  0%| F|  |TAMS 0x0000000783000000, 0x0000000783000000| Untracked 
|  49|0x0000000783100000, 0x0000000783100000, 0x0000000783200000|  0%| F|  |TAMS 0x0000000783100000, 0x0000000783100000| Untracked 
|  50|0x0000000783200000, 0x0000000783200000, 0x0000000783300000|  0%| F|  |TAMS 0x0000000783200000, 0x0000000783200000| Untracked 
|  51|0x0000000783300000, 0x0000000783300000, 0x0000000783400000|  0%| F|  |TAMS 0x0000000783300000, 0x0000000783300000| Untracked 
|  52|0x0000000783400000, 0x0000000783400000, 0x0000000783500000|  0%| F|  |TAMS 0x0000000783400000, 0x0000000783400000| Untracked 
|  53|0x0000000783500000, 0x0000000783500000, 0x0000000783600000|  0%| F|  |TAMS 0x0000000783500000, 0x0000000783500000| Untracked 
|  54|0x0000000783600000, 0x0000000783600000, 0x0000000783700000|  0%| F|  |TAMS 0x0000000783600000, 0x0000000783600000| Untracked 
|  55|0x0000000783700000, 0x0000000783700000, 0x0000000783800000|  0%| F|  |TAMS 0x0000000783700000, 0x0000000783700000| Untracked 
|  56|0x0000000783800000, 0x0000000783800000, 0x0000000783900000|  0%| F|  |TAMS 0x0000000783800000, 0x0000000783800000| Untracked 
|  57|0x0000000783900000, 0x0000000783900000, 0x0000000783a00000|  0%| F|  |TAMS 0x0000000783900000, 0x0000000783900000| Untracked 
|  58|0x0000000783a00000, 0x0000000783a00000, 0x0000000783b00000|  0%| F|  |TAMS 0x0000000783a00000, 0x0000000783a00000| Untracked 
|  59|0x0000000783b00000, 0x0000000783b00000, 0x0000000783c00000|  0%| F|  |TAMS 0x0000000783b00000, 0x0000000783b00000| Untracked 
|  60|0x0000000783c00000, 0x0000000783c00000, 0x0000000783d00000|  0%| F|  |TAMS 0x0000000783c00000, 0x0000000783c00000| Untracked 
|  61|0x0000000783d00000, 0x0000000783d00000, 0x0000000783e00000|  0%| F|  |TAMS 0x0000000783d00000, 0x0000000783d00000| Untracked 
|  62|0x0000000783e00000, 0x0000000783e00000, 0x0000000783f00000|  0%| F|  |TAMS 0x0000000783e00000, 0x0000000783e00000| Untracked 
|  63|0x0000000783f00000, 0x0000000783f00000, 0x0000000784000000|  0%| F|  |TAMS 0x0000000783f00000, 0x0000000783f00000| Untracked 
|  64|0x0000000784000000, 0x0000000784000000, 0x0000000784100000|  0%| F|  |TAMS 0x0000000784000000, 0x0000000784000000| Untracked 
|  65|0x0000000784100000, 0x0000000784100000, 0x0000000784200000|  0%| F|  |TAMS 0x0000000784100000, 0x0000000784100000| Untracked 
|  66|0x0000000784200000, 0x0000000784200000, 0x0000000784300000|  0%| F|  |TAMS 0x0000000784200000, 0x0000000784200000| Untracked 
|  67|0x0000000784300000, 0x0000000784300000, 0x0000000784400000|  0%| F|  |TAMS 0x0000000784300000, 0x0000000784300000| Untracked 
|  68|0x0000000784400000, 0x0000000784400000, 0x0000000784500000|  0%| F|  |TAMS 0x0000000784400000, 0x0000000784400000| Untracked 
|  69|0x0000000784500000, 0x0000000784500000, 0x0000000784600000|  0%| F|  |TAMS 0x0000000784500000, 0x0000000784500000| Untracked 
|  70|0x0000000784600000, 0x0000000784600000, 0x0000000784700000|  0%| F|  |TAMS 0x0000000784600000, 0x0000000784600000| Untracked 
|  71|0x0000000784700000, 0x0000000784700000, 0x0000000784800000|  0%| F|  |TAMS 0x0000000784700000, 0x0000000784700000| Untracked 
|  72|0x0000000784800000, 0x0000000784800000, 0x0000000784900000|  0%| F|  |TAMS 0x0000000784800000, 0x0000000784800000| Untracked 
|  73|0x0000000784900000, 0x0000000784900000, 0x0000000784a00000|  0%| F|  |TAMS 0x0000000784900000, 0x0000000784900000| Untracked 
|  74|0x0000000784a00000, 0x0000000784a00000, 0x0000000784b00000|  0%| F|  |TAMS 0x0000000784a00000, 0x0000000784a00000| Untracked 
|  75|0x0000000784b00000, 0x0000000784b00000, 0x0000000784c00000|  0%| F|  |TAMS 0x0000000784b00000, 0x0000000784b00000| Untracked 
|  76|0x0000000784c00000, 0x0000000784c00000, 0x0000000784d00000|  0%| F|  |TAMS 0x0000000784c00000, 0x0000000784c00000| Untracked 
|  77|0x0000000784d00000, 0x0000000784d00000, 0x0000000784e00000|  0%| F|  |TAMS 0x0000000784d00000, 0x0000000784d00000| Untracked 
|  78|0x0000000784e00000, 0x0000000784e00000, 0x0000000784f00000|  0%| F|  |TAMS 0x0000000784e00000, 0x0000000784e00000| Untracked 
|  79|0x0000000784f00000, 0x0000000784f00000, 0x0000000785000000|  0%| F|  |TAMS 0x0000000784f00000, 0x0000000784f00000| Untracked 
|  80|0x0000000785000000, 0x0000000785000000, 0x0000000785100000|  0%| F|  |TAMS 0x0000000785000000, 0x0000000785000000| Untracked 
|  81|0x0000000785100000, 0x0000000785100000, 0x0000000785200000|  0%| F|  |TAMS 0x0000000785100000, 0x0000000785100000| Untracked 
|  82|0x0000000785200000, 0x0000000785200000, 0x0000000785300000|  0%| F|  |TAMS 0x0000000785200000, 0x0000000785200000| Untracked 
|  83|0x0000000785300000, 0x0000000785300000, 0x0000000785400000|  0%| F|  |TAMS 0x0000000785300000, 0x0000000785300000| Untracked 
|  84|0x0000000785400000, 0x0000000785400000, 0x0000000785500000|  0%| F|  |TAMS 0x0000000785400000, 0x0000000785400000| Untracked 
|  85|0x0000000785500000, 0x0000000785500000, 0x0000000785600000|  0%| F|  |TAMS 0x0000000785500000, 0x0000000785500000| Untracked 
|  86|0x0000000785600000, 0x0000000785600000, 0x0000000785700000|  0%| F|  |TAMS 0x0000000785600000, 0x0000000785600000| Untracked 
|  87|0x0000000785700000, 0x0000000785700000, 0x0000000785800000|  0%| F|  |TAMS 0x0000000785700000, 0x0000000785700000| Untracked 
|  88|0x0000000785800000, 0x0000000785800000, 0x0000000785900000|  0%| F|  |TAMS 0x0000000785800000, 0x0000000785800000| Untracked 
|  89|0x0000000785900000, 0x0000000785900000, 0x0000000785a00000|  0%| F|  |TAMS 0x0000000785900000, 0x0000000785900000| Untracked 
|  90|0x0000000785a00000, 0x0000000785a00000, 0x0000000785b00000|  0%| F|  |TAMS 0x0000000785a00000, 0x0000000785a00000| Untracked 
|  91|0x0000000785b00000, 0x0000000785b00000, 0x0000000785c00000|  0%| F|  |TAMS 0x0000000785b00000, 0x0000000785b00000| Untracked 
|  92|0x0000000785c00000, 0x0000000785c00000, 0x0000000785d00000|  0%| F|  |TAMS 0x0000000785c00000, 0x0000000785c00000| Untracked 
|  93|0x0000000785d00000, 0x0000000785d00000, 0x0000000785e00000|  0%| F|  |TAMS 0x0000000785d00000, 0x0000000785d00000| Untracked 
|  94|0x0000000785e00000, 0x0000000785e00000, 0x0000000785f00000|  0%| F|  |TAMS 0x0000000785e00000, 0x0000000785e00000| Untracked 
|  95|0x0000000785f00000, 0x0000000785f00000, 0x0000000786000000|  0%| F|  |TAMS 0x0000000785f00000, 0x0000000785f00000| Untracked 
|  96|0x0000000786000000, 0x0000000786000000, 0x0000000786100000|  0%| F|  |TAMS 0x0000000786000000, 0x0000000786000000| Untracked 
|  97|0x0000000786100000, 0x0000000786100000, 0x0000000786200000|  0%| F|  |TAMS 0x0000000786100000, 0x0000000786100000| Untracked 
|  98|0x0000000786200000, 0x0000000786200000, 0x0000000786300000|  0%| F|  |TAMS 0x0000000786200000, 0x0000000786200000| Untracked 
|  99|0x0000000786300000, 0x0000000786300000, 0x0000000786400000|  0%| F|  |TAMS 0x0000000786300000, 0x0000000786300000| Untracked 
| 100|0x0000000786400000, 0x0000000786400000, 0x0000000786500000|  0%| F|  |TAMS 0x0000000786400000, 0x0000000786400000| Untracked 
| 101|0x0000000786500000, 0x0000000786500000, 0x0000000786600000|  0%| F|  |TAMS 0x0000000786500000, 0x0000000786500000| Untracked 
| 102|0x0000000786600000, 0x0000000786600000, 0x0000000786700000|  0%| F|  |TAMS 0x0000000786600000, 0x0000000786600000| Untracked 
| 103|0x0000000786700000, 0x0000000786700000, 0x0000000786800000|  0%| F|  |TAMS 0x0000000786700000, 0x0000000786700000| Untracked 
| 104|0x0000000786800000, 0x0000000786800000, 0x0000000786900000|  0%| F|  |TAMS 0x0000000786800000, 0x0000000786800000| Untracked 
| 105|0x0000000786900000, 0x0000000786900000, 0x0000000786a00000|  0%| F|  |TAMS 0x0000000786900000, 0x0000000786900000| Untracked 
| 106|0x0000000786a00000, 0x0000000786a00000, 0x0000000786b00000|  0%| F|  |TAMS 0x0000000786a00000, 0x0000000786a00000| Untracked 
| 107|0x0000000786b00000, 0x0000000786b00000, 0x0000000786c00000|  0%| F|  |TAMS 0x0000000786b00000, 0x0000000786b00000| Untracked 
| 108|0x0000000786c00000, 0x0000000786c00000, 0x0000000786d00000|  0%| F|  |TAMS 0x0000000786c00000, 0x0000000786c00000| Untracked 
| 109|0x0000000786d00000, 0x0000000786d00000, 0x0000000786e00000|  0%| F|  |TAMS 0x0000000786d00000, 0x0000000786d00000| Untracked 
| 110|0x0000000786e00000, 0x0000000786e00000, 0x0000000786f00000|  0%| F|  |TAMS 0x0000000786e00000, 0x0000000786e00000| Untracked 
| 111|0x0000000786f00000, 0x0000000786f00000, 0x0000000787000000|  0%| F|  |TAMS 0x0000000786f00000, 0x0000000786f00000| Untracked 
| 112|0x0000000787000000, 0x0000000787000000, 0x0000000787100000|  0%| F|  |TAMS 0x0000000787000000, 0x0000000787000000| Untracked 
| 113|0x0000000787100000, 0x0000000787100000, 0x0000000787200000|  0%| F|  |TAMS 0x0000000787100000, 0x0000000787100000| Untracked 
| 114|0x0000000787200000, 0x0000000787200000, 0x0000000787300000|  0%| F|  |TAMS 0x0000000787200000, 0x0000000787200000| Untracked 
| 115|0x0000000787300000, 0x0000000787300000, 0x0000000787400000|  0%| F|  |TAMS 0x0000000787300000, 0x0000000787300000| Untracked 
| 116|0x0000000787400000, 0x0000000787400000, 0x0000000787500000|  0%| F|  |TAMS 0x0000000787400000, 0x0000000787400000| Untracked 
| 117|0x0000000787500000, 0x0000000787585a88, 0x0000000787600000| 52%| E|  |TAMS 0x0000000787500000, 0x0000000787500000| Complete 
| 118|0x0000000787600000, 0x0000000787700000, 0x0000000787700000|100%| E|CS|TAMS 0x0000000787600000, 0x0000000787600000| Complete 
| 119|0x0000000787700000, 0x0000000787800000, 0x0000000787800000|100%| E|CS|TAMS 0x0000000787700000, 0x0000000787700000| Complete 
| 120|0x0000000787800000, 0x0000000787900000, 0x0000000787900000|100%| E|CS|TAMS 0x0000000787800000, 0x0000000787800000| Complete 
| 121|0x0000000787900000, 0x0000000787a00000, 0x0000000787a00000|100%| E|CS|TAMS 0x0000000787900000, 0x0000000787900000| Complete 
| 122|0x0000000787a00000, 0x0000000787b00000, 0x0000000787b00000|100%| E|CS|TAMS 0x0000000787a00000, 0x0000000787a00000| Complete 
| 123|0x0000000787b00000, 0x0000000787c00000, 0x0000000787c00000|100%| E|CS|TAMS 0x0000000787b00000, 0x0000000787b00000| Complete 
| 124|0x0000000787c00000, 0x0000000787d00000, 0x0000000787d00000|100%| E|  |TAMS 0x0000000787c00000, 0x0000000787c00000| Complete 
| 125|0x0000000787d00000, 0x0000000787e00000, 0x0000000787e00000|100%| E|CS|TAMS 0x0000000787d00000, 0x0000000787d00000| Complete 
| 126|0x0000000787e00000, 0x0000000787f00000, 0x0000000787f00000|100%| E|CS|TAMS 0x0000000787e00000, 0x0000000787e00000| Complete 
| 127|0x0000000787f00000, 0x0000000788000000, 0x0000000788000000|100%| E|CS|TAMS 0x0000000787f00000, 0x0000000787f00000| Complete 
|2046|0x00000007ffe00000, 0x00000007ffe74000, 0x00000007fff00000| 45%|OA|  |TAMS 0x00000007ffe00000, 0x00000007ffe00000| Untracked 
|2047|0x00000007fff00000, 0x00000007fff72000, 0x0000000800000000| 44%|CA|  |TAMS 0x00000007fff00000, 0x00000007fff00000| Untracked 

Card table byte_map: [0x00000001046a8000,0x0000000104aa8000] _byte_map_base: 0x0000000100aa8000

Marking Bits (Prev, Next): (CMBitMap*) 0x00007fa7cb82c410, (CMBitMap*) 0x00007fa7cb82c450
 Prev Bits: [0x000000011d764000, 0x000000011f764000)
 Next Bits: [0x000000011f764000, 0x0000000121764000)

Polling page: 0x0000000104024000

Metaspace:

Usage:
  Non-class:      2.41 MB used.
      Class:    289.45 KB used.
       Both:      2.69 MB used.

Virtual space:
  Non-class space:       64.00 MB reserved,       2.50 MB (  4%) committed,  1 nodes.
      Class space:        1.00 GB reserved,     384.00 KB ( <1%) committed,  1 nodes.
             Both:        1.06 GB reserved,       2.88 MB ( <1%) committed. 

Chunk freelists:
   Non-Class:  2.86 MB
       Class:  3.55 MB
        Both:  6.41 MB

MaxMetaspaceSize: unlimited
CompressedClassSpaceSize: 1.00 GB
Initial GC threshold: 21.00 MB
Current GC threshold: 21.00 MB
CDS: on
MetaspaceReclaimPolicy: balanced
 - commit_granule_bytes: 65536.
 - commit_granule_words: 8192.
 - virtual_space_node_default_size: 8388608.
 - enlarge_chunks_in_place: 1.
 - new_chunks_are_fully_committed: 0.
 - uncommit_free_chunks: 1.
 - use_allocation_guard: 0.


Internal statistics:

num_allocs_failed_limit: 0.
num_arena_births: 74.
num_arena_deaths: 0.
num_vsnodes_births: 2.
num_vsnodes_deaths: 0.
num_space_committed: 46.
num_space_uncommitted: 0.
num_chunks_returned_to_freelist: 0.
num_chunks_taken_from_freelist: 158.
num_chunk_merges: 0.
num_chunk_splits: 93.
num_chunks_enlarged: 59.
num_inconsistent_stats: 0.

CodeHeap 'non-profiled nmethods': size=120032Kb used=215Kb max_used=215Kb free=119816Kb
 bounds [0x000000011622c000, 0x000000011649c000, 0x000000011d764000]
CodeHeap 'profiled nmethods': size=120028Kb used=967Kb max_used=967Kb free=119060Kb
 bounds [0x000000010ecf5000, 0x000000010ef65000, 0x000000011622c000]
CodeHeap 'non-nmethods': size=5700Kb used=1183Kb max_used=1198Kb free=4517Kb
 bounds [0x000000010e764000, 0x000000010e9d4000, 0x000000010ecf5000]
 total_blobs=1141 nmethods=670 adapters=385
 compilation: enabled
              stopped_count=0, restarted_count=0
 full_count=0

Compilation events (20 events):
Event: 0.451 Thread 0x00007fa7cb84d000  659       3       java.lang.invoke.MemberName$Factory::resolveOrFail (79 bytes)
Event: 0.452 Thread 0x00007fa7cb84d000 nmethod 659 0x000000010ede2b10 code [0x000000010ede2d20, 0x000000010ede3430]
Event: 0.452 Thread 0x00007fa7cb84d000  660       1       java.lang.invoke.InfoFromMemberName::getReferenceKind (5 bytes)
Event: 0.452 Thread 0x00007fa7cb84d000 nmethod 660 0x000000011625e290 code [0x000000011625e420, 0x000000011625e4f0]
Event: 0.454 Thread 0x00007fa7cb853a00 nmethod 652 0x000000011625e590 code [0x000000011625e720, 0x000000011625f3f8]
Event: 0.454 Thread 0x00007fa7cb853a00  657       4       java.lang.Math::min (11 bytes)
Event: 0.454 Thread 0x00007fa7cb853a00 nmethod 657 0x000000011625f690 code [0x000000011625f800, 0x000000011625f858]
Event: 0.455 Thread 0x00007fa7cb853a00  655       4       java.util.HashMap::put (13 bytes)
Event: 0.470 Thread 0x00007fa7cb853a00 nmethod 655 0x000000011625f990 code [0x000000011625fbc0, 0x00000001162608b0]
Event: 0.616 Thread 0x00007fa7cb84d000  661       3       java.lang.invoke.MethodHandles$Lookup::fixmods (28 bytes)
Event: 0.618 Thread 0x00007fa7cb84d000 nmethod 661 0x000000010ede3690 code [0x000000010ede3840, 0x000000010ede3a70]
Event: 0.618 Thread 0x00007fa7cb84d000  662       3       sun.invoke.util.VerifyAccess::isMemberAccessible (338 bytes)
Event: 0.621 Thread 0x00007fa7cb84d000 nmethod 662 0x000000010ede3b10 code [0x000000010ede3ea0, 0x000000010ede5200]
Event: 0.626 Thread 0x00007fa7cb853a00  665       4       java.lang.invoke.MemberName::getReferenceKind (12 bytes)
Event: 0.626 Thread 0x00007fa7cb84d000  663       3       java.lang.invoke.MethodHandles$Lookup::<init> (84 bytes)
Event: 0.627 Thread 0x00007fa7cb84d000 nmethod 663 0x000000010ede5790 code [0x000000010ede5940, 0x000000010ede5b90]
Event: 0.627 Thread 0x00007fa7cb84d000  666       3       java.lang.ref.SoftReference::get (29 bytes)
Event: 0.627 Thread 0x00007fa7cb853a00 nmethod 665 0x0000000116261410 code [0x0000000116261580, 0x00000001162615f8]
Event: 0.627 Thread 0x00007fa7cb84d000 nmethod 666 0x000000010ede5c90 code [0x000000010ede5e40, 0x000000010ede6010]
Event: 0.627 Thread 0x00007fa7cb84d000  664       3       java.lang.invoke.DirectMethodHandle::maybeCompile (24 bytes)

GC Heap History (0 events):
No events

Deoptimization events (20 events):
Event: 0.120 Thread 0x00007fa7cc808800 Uncommon trap: trap_request=0xffffff45 fr.pc=0x00000001162378a0 relative=0x0000000000000080
Event: 0.120 Thread 0x00007fa7cc808800 Uncommon trap: reason=unstable_if action=reinterpret pc=0x00000001162378a0 method=java.lang.CharacterDataLatin1.isJavaIdentifierPart(I)Z @ 11 c2
Event: 0.120 Thread 0x00007fa7cc808800 DEOPT PACKING pc=0x00000001162378a0 sp=0x000070000c710570
Event: 0.121 Thread 0x00007fa7cc808800 DEOPT UNPACKING pc=0x000000010e7b6099 sp=0x000070000c710508 mode 2
Event: 0.169 Thread 0x00007fa7cc808800 Uncommon trap: trap_request=0xffffff45 fr.pc=0x0000000116239474 relative=0x0000000000000134
Event: 0.169 Thread 0x00007fa7cc808800 Uncommon trap: reason=unstable_if action=reinterpret pc=0x0000000116239474 method=java.lang.StringLatin1.replace([BCC)Ljava/lang/String; @ 19 c2
Event: 0.169 Thread 0x00007fa7cc808800 DEOPT PACKING pc=0x0000000116239474 sp=0x000070000c711980
Event: 0.169 Thread 0x00007fa7cc808800 DEOPT UNPACKING pc=0x000000010e7b6099 sp=0x000070000c711920 mode 2
Event: 0.239 Thread 0x00007fa7cb850800 Uncommon trap: trap_request=0xfffffff4 fr.pc=0x0000000116242148 relative=0x00000000000001a8
Event: 0.239 Thread 0x00007fa7cb850800 Uncommon trap: reason=null_check action=make_not_entrant pc=0x0000000116242148 method=java.lang.String.equals(Ljava/lang/Object;)Z @ 8 c2
Event: 0.239 Thread 0x00007fa7cb850800 DEOPT PACKING pc=0x0000000116242148 sp=0x000070000da4d0b0
Event: 0.239 Thread 0x00007fa7cb850800 DEOPT UNPACKING pc=0x000000010e7b6099 sp=0x000070000da4d078 mode 2
Event: 0.318 Thread 0x00007fa7cc010600 Uncommon trap: trap_request=0xffffff45 fr.pc=0x000000011623f2ac relative=0x00000000000006ec
Event: 0.318 Thread 0x00007fa7cc010600 Uncommon trap: reason=unstable_if action=reinterpret pc=0x000000011623f2ac method=java.lang.String.isEmpty()Z @ 5 c2
Event: 0.318 Thread 0x00007fa7cc010600 DEOPT PACKING pc=0x000000011623f2ac sp=0x000070000db4fcf0
Event: 0.318 Thread 0x00007fa7cc010600 DEOPT UNPACKING pc=0x000000010e7b6099 sp=0x000070000db4fc50 mode 2
Event: 0.624 Thread 0x00007fa7cc81bc00 Uncommon trap: trap_request=0xffffff45 fr.pc=0x000000011625cbc8 relative=0x0000000000000188
Event: 0.624 Thread 0x00007fa7cc81bc00 Uncommon trap: reason=unstable_if action=reinterpret pc=0x000000011625cbc8 method=java.lang.invoke.VarHandle.checkExactAccessMode(Ljava/lang/invoke/VarHandle$AccessDescriptor;)V @ 4 c2
Event: 0.624 Thread 0x00007fa7cc81bc00 DEOPT PACKING pc=0x000000011625cbc8 sp=0x00007ff7bc012be0
Event: 0.624 Thread 0x00007fa7cc81bc00 DEOPT UNPACKING pc=0x000000010e7b6099 sp=0x00007ff7bc012b40 mode 2

Classes loaded (20 events):
Event: 0.346 Loading class sun/security/provider/ByteArrayAccess
Event: 0.346 Loading class sun/security/provider/ByteArrayAccess done
Event: 0.416 Loading class java/util/concurrent/locks/AbstractQueuedSynchronizer$ConditionNode
Event: 0.416 Loading class java/util/concurrent/ForkJoinPool$ManagedBlocker
Event: 0.416 Loading class java/util/concurrent/ForkJoinPool$ManagedBlocker done
Event: 0.416 Loading class java/util/concurrent/locks/AbstractQueuedSynchronizer$ConditionNode done
Event: 0.449 Loading class java/util/concurrent/BlockingDeque
Event: 0.449 Loading class java/util/concurrent/BlockingDeque done
Event: 0.449 Loading class java/util/concurrent/LinkedBlockingDeque
Event: 0.450 Loading class java/util/concurrent/LinkedBlockingDeque done
Event: 0.618 Loading class java/util/concurrent/LinkedBlockingDeque$Node
Event: 0.619 Loading class java/util/concurrent/LinkedBlockingDeque$Node done
Event: 0.625 Loading class java/util/concurrent/FutureTask
Event: 0.625 Loading class java/util/concurrent/FutureTask done
Event: 0.626 Loading class java/lang/Throwable$WrappedPrintStream
Event: 0.626 Loading class java/lang/Throwable$PrintStreamOrWriter
Event: 0.626 Loading class java/lang/Throwable$PrintStreamOrWriter done
Event: 0.626 Loading class java/lang/Throwable$WrappedPrintStream done
Event: 0.627 Loading class java/lang/StackTraceElement$HashedModules
Event: 0.627 Loading class java/lang/StackTraceElement$HashedModules done

Classes unloaded (0 events):
No events

Classes redefined (0 events):
No events

Internal exceptions (9 events):
Event: 0.182 Thread 0x00007fa7cc808800 Exception <a 'java/lang/NoSuchMethodError'{0x0000000787cdbea0}: 'java.lang.Object java.lang.invoke.DirectMethodHandle$Holder.invokeStaticInit(java.lang.Object)'> (0x0000000787cdbea0) 
thrown [src/hotspot/share/interpreter/linkResolver.cpp, line 759]
Event: 0.189 Thread 0x00007fa7cc808800 Exception <a 'java/lang/NoSuchMethodError'{0x0000000787cf9530}: 'java.lang.Object java.lang.invoke.DirectMethodHandle$Holder.newInvokeSpecial(java.lang.Object, java.lang.Object, java.lang.Object, java.lang.Object, java.lang.Object)'> (0x0000000787cf9530) 
thrown [src/hotspot/share/interpreter/linkResolver.cpp, line 759]
Event: 0.191 Thread 0x00007fa7cb850800 Exception <a 'java/lang/NoSuchMethodError'{0x0000000787b4a788}: 'void java.lang.invoke.DirectMethodHandle$Holder.invokeStatic(java.lang.Object, java.lang.Object)'> (0x0000000787b4a788) 
thrown [src/hotspot/share/interpreter/linkResolver.cpp, line 759]
Event: 0.239 Thread 0x00007fa7cb850800 Implicit null exception at 0x0000000116241fd5 to 0x0000000116242138
Event: 0.275 Thread 0x00007fa7cb850800 Exception <a 'java/lang/NoSuchMethodError'{0x00000007879dfba0}: 'void java.lang.invoke.DirectMethodHandle$Holder.invokeSpecial(java.lang.Object, java.lang.Object, java.lang.Object)'> (0x00000007879dfba0) 
thrown [src/hotspot/share/interpreter/linkResolver.cpp, line 759]
Event: 0.286 Thread 0x00007fa7cb850800 Exception <a 'java/lang/NoSuchMethodError'{0x000000078781d108}: 'void java.lang.invoke.DirectMethodHandle$Holder.invokeStatic(java.lang.Object, java.lang.Object, java.lang.Object)'> (0x000000078781d108) 
thrown [src/hotspot/share/interpreter/linkResolver.cpp, line 759]
Event: 0.418 Thread 0x00007fa7cb850800 Exception <a 'java/lang/NoSuchMethodError'{0x0000000787839a28}: 'int java.lang.invoke.DirectMethodHandle$Holder.invokeStaticInit(java.lang.Object, java.lang.Object, java.lang.Object)'> (0x0000000787839a28) 
thrown [src/hotspot/share/interpreter/linkResolver.cpp, line 759]
Event: 0.626 Thread 0x00007fa7cc81bc00 Exception <a 'java/lang/ClassCastException'{0x00000007876fcc00}: class java.lang.invoke.MethodType cannot be cast to class java.lang.invoke.MethodHandle (java.lang.invoke.MethodType and java.lang.invoke.MethodHandle are in module java.base of loader 'bootstrap')> (0x00000007876fcc00) 
thrown [src/hotspot/share/interpreter/interpreterRuntime.cpp, line 447]
Event: 0.626 Thread 0x00007fa7cc81bc00 Exception <a 'java/lang/BootstrapMethodError'{0x00000007876fced0}> (0x00000007876fced0) 
thrown [src/hotspot/share/utilities/exceptions.cpp, line 452]

VM Operations (4 events):
Event: 0.150 Executing VM operation: HandshakeAllThreads
Event: 0.150 Executing VM operation: HandshakeAllThreads done
Event: 0.150 Executing VM operation: HandshakeAllThreads
Event: 0.150 Executing VM operation: HandshakeAllThreads done

Events (20 events):
Event: 0.068 Protecting memory [0x000070000d645000,0x000070000d649000] with protection modes 0
Event: 0.088 Loaded shared library /Users/hubertkowal/.gradle/jdks/adoptium-18-x64-hotspot-mac/Contents/Home/lib/libzip.dylib
Event: 0.168 Thread 0x00007fa7cc010c00 Thread added: 0x00007fa7cc010c00
Event: 0.168 Protecting memory [0x000070000d748000,0x000070000d74c000] with protection modes 0
Event: 0.190 Thread 0x00007fa7cb850800 Thread added: 0x00007fa7cb850800
Event: 0.190 Protecting memory [0x000070000d94e000,0x000070000d952000] with protection modes 0
Event: 0.287 Thread 0x00007fa7cc010600 Thread added: 0x00007fa7cc010600
Event: 0.287 Protecting memory [0x000070000da51000,0x000070000da55000] with protection modes 0
Event: 0.318 Loading shared library /Users/hubertkowal/.gradle/caches/modules-2/files-2.1/org.openjfx/javafx-graphics/17/8b1d1124ce83e874db390016913fba7708f3592d/libprism_es2.dylib failed, dlopen(/Users/hubertkowal/.gradle/caches/modules-2/files-2.1/org.openjfx/javafx
Event: 0.355 Loaded shared library /Users/hubertkowal/.openjfx/cache/17/libprism_es2.dylib
Event: 0.432 Loading shared library /Users/hubertkowal/.gradle/caches/modules-2/files-2.1/org.openjfx/javafx-graphics/17/8b1d1124ce83e874db390016913fba7708f3592d/libglass.dylib failed, dlopen(/Users/hubertkowal/.gradle/caches/modules-2/files-2.1/org.openjfx/javafx-gra
Event: 0.446 Loaded shared library /Users/hubertkowal/.openjfx/cache/17/libglass.dylib
Event: 0.450 Thread 0x00007fa7cc120000 Thread added: 0x00007fa7cc120000
Event: 0.450 Protecting memory [0x000070000db54000,0x000070000db58000] with protection modes 0
Event: 0.452 Protecting memory [0x00007ff7bb817000,0x00007ff7bb81b000] with protection modes 0
Event: 0.452 Thread 0x00007fa7cc81bc00 Thread added: 0x00007fa7cc81bc00
Event: 0.541 Thread 0x00007fa7cc134800 Thread added: 0x00007fa7cc134800
Event: 0.542 Protecting memory [0x000070000dcda000,0x000070000dcde000] with protection modes 0
Event: 0.620 Protecting memory [0x000070000dcda000,0x000070000dcde000] with protection modes 3
Event: 0.620 Thread 0x00007fa7cc134800 Thread exited: 0x00007fa7cc134800


Dynamic libraries:
0x0000000104006000 	/Users/hubertkowal/.gradle/jdks/adoptium-18-x64-hotspot-mac/Contents/Home/lib/libjli.dylib
0x00007ff821d0e000 	/usr/lib/libz.1.dylib
0x00007ff821dee000 	/usr/lib/libSystem.B.dylib
0x00007ff821de9000 	/usr/lib/system/libcache.dylib
0x00007ff821da5000 	/usr/lib/system/libcommonCrypto.dylib
0x00007ff821dce000 	/usr/lib/system/libcompiler_rt.dylib
0x00007ff821dc4000 	/usr/lib/system/libcopyfile.dylib
0x00007ff816d7c000 	/usr/lib/system/libcorecrypto.dylib
0x00007ff816e3a000 	/usr/lib/system/libdispatch.dylib
0x00007ff816ffa000 	/usr/lib/system/libdyld.dylib
0x00007ff821de0000 	/usr/lib/system/libkeymgr.dylib
0x00007ff821d83000 	/usr/lib/system/libmacho.dylib
0x00007ff821404000 	/usr/lib/system/libquarantine.dylib
0x00007ff821dde000 	/usr/lib/system/libremovefile.dylib
0x00007ff81bf8f000 	/usr/lib/system/libsystem_asl.dylib
0x00007ff816d25000 	/usr/lib/system/libsystem_blocks.dylib
0x00007ff816ebe000 	/usr/lib/system/libsystem_c.dylib
0x00007ff821dd6000 	/usr/lib/system/libsystem_collections.dylib
0x00007ff8206b8000 	/usr/lib/system/libsystem_configuration.dylib
0x00007ff81f961000 	/usr/lib/system/libsystem_containermanager.dylib
0x00007ff821abb000 	/usr/lib/system/libsystem_coreservices.dylib
0x00007ff819630000 	/usr/lib/system/libsystem_darwin.dylib
0x00007ff821de1000 	/usr/lib/system/libsystem_dnssd.dylib
0x00007ff816ebb000 	/usr/lib/system/libsystem_featureflags.dylib
0x00007ff817010000 	/usr/lib/system/libsystem_info.dylib
0x00007ff821d21000 	/usr/lib/system/libsystem_m.dylib
0x00007ff816e0e000 	/usr/lib/system/libsystem_malloc.dylib
0x00007ff81bf2a000 	/usr/lib/system/libsystem_networkextension.dylib
0x00007ff819a56000 	/usr/lib/system/libsystem_notify.dylib
0x00007ff82805e000 	/usr/lib/system/libsystem_product_info_filter.dylib
0x00007ff8206bc000 	/usr/lib/system/libsystem_sandbox.dylib
0x00007ff821ddb000 	/usr/lib/system/libsystem_secinit.dylib
0x00007ff816fb6000 	/usr/lib/system/libsystem_kernel.dylib
0x00007ff817006000 	/usr/lib/system/libsystem_platform.dylib
0x00007ff816fee000 	/usr/lib/system/libsystem_pthread.dylib
0x00007ff81d7dd000 	/usr/lib/system/libsystem_symptoms.dylib
0x00007ff816d63000 	/usr/lib/system/libsystem_trace.dylib
0x00007ff821db1000 	/usr/lib/system/libunwind.dylib
0x00007ff816d27000 	/usr/lib/system/libxpc.dylib
0x00007ff816fa0000 	/usr/lib/libc++abi.dylib
0x00007ff816e81000 	/usr/lib/libobjc.A.dylib
0x00007ff821dbc000 	/usr/lib/liboah.dylib
0x00007ff816f47000 	/usr/lib/libc++.1.dylib
0x00007ff82de60000 	/System/Library/Frameworks/Cocoa.framework/Versions/A/Cocoa
0x00007ff819ab4000 	/System/Library/Frameworks/AppKit.framework/Versions/C/AppKit
0x00007ff81cfcb000 	/System/Library/Frameworks/CoreData.framework/Versions/A/CoreData
0x00007ff817eb7000 	/System/Library/Frameworks/Foundation.framework/Versions/C/Foundation
0x00007ff81a944000 	/System/Library/PrivateFrameworks/UIFoundation.framework/Versions/A/UIFoundation
0x00007ff827d61000 	/System/Library/PrivateFrameworks/RemoteViewServices.framework/Versions/A/RemoteViewServices
0x00007ff820042000 	/System/Library/PrivateFrameworks/XCTTargetBootstrap.framework/Versions/A/XCTTargetBootstrap
0x00007ff823bf7000 	/System/Library/PrivateFrameworks/InternationalSupport.framework/Versions/A/InternationalSupport
0x00007ff823c81000 	/System/Library/PrivateFrameworks/UserActivity.framework/Versions/A/UserActivity
0x00007ff822fd5000 	/usr/lib/libspindump.dylib
0x00007ff81abd3000 	/System/Library/Frameworks/UniformTypeIdentifiers.framework/Versions/A/UniformTypeIdentifiers
0x00007ff81e766000 	/usr/lib/libapp_launch_measurement.dylib
0x00007ff81d99d000 	/System/Library/PrivateFrameworks/CoreAnalytics.framework/Versions/A/CoreAnalytics
0x00007ff81e769000 	/System/Library/PrivateFrameworks/CoreAutoLayout.framework/Versions/A/CoreAutoLayout
0x00007ff81f999000 	/System/Library/Frameworks/Metal.framework/Versions/A/Metal
0x00007ff8206c8000 	/usr/lib/liblangid.dylib
0x00007ff820047000 	/System/Library/PrivateFrameworks/CoreSVG.framework/Versions/A/CoreSVG
0x00007ff81bfbf000 	/System/Library/PrivateFrameworks/SkyLight.framework/Versions/A/SkyLight
0x00007ff81c35e000 	/System/Library/Frameworks/CoreGraphics.framework/Versions/A/CoreGraphics
0x00007ff828421000 	/System/Library/Frameworks/Accelerate.framework/Versions/A/Accelerate
0x00007ff822a54000 	/System/Library/PrivateFrameworks/IconServices.framework/Versions/A/IconServices
0x00007ff81f97e000 	/System/Library/Frameworks/IOSurface.framework/Versions/A/IOSurface
0x00007ff81d9cb000 	/usr/lib/libDiagnosticMessagesClient.dylib
0x00007ff82bb04000 	/System/Library/Frameworks/ApplicationServices.framework/Versions/A/ApplicationServices
0x00007ff82002e000 	/System/Library/PrivateFrameworks/DFRFoundation.framework/Versions/A/DFRFoundation
0x00007ff81939c000 	/usr/lib/libicucore.A.dylib
0x00007ff8249ed000 	/System/Library/Frameworks/AudioToolbox.framework/Versions/A/AudioToolbox
0x00007ff823c03000 	/System/Library/PrivateFrameworks/DataDetectorsCore.framework/Versions/A/DataDetectorsCore
0x00007ff9200fe000 	/System/Library/PrivateFrameworks/TextInput.framework/Versions/A/TextInput
0x00007ff81bf42000 	/usr/lib/libMobileGestalt.dylib
0x00007ff81fd3a000 	/System/Library/Frameworks/Carbon.framework/Versions/A/Frameworks/HIToolbox.framework/Versions/A/HIToolbox
0x00007ff81e168000 	/System/Library/Frameworks/QuartzCore.framework/Versions/A/QuartzCore
0x00007ff819041000 	/System/Library/Frameworks/Security.framework/Versions/A/Security
0x00007ff827d99000 	/System/Library/Frameworks/Carbon.framework/Versions/A/Frameworks/SpeechRecognition.framework/Versions/A/SpeechRecognition
0x00007ff81e4c6000 	/System/Library/PrivateFrameworks/CoreUI.framework/Versions/A/CoreUI
0x00007ff81890b000 	/System/Library/Frameworks/CoreAudio.framework/Versions/A/CoreAudio
0x00007ff81daba000 	/System/Library/Frameworks/DiskArbitration.framework/Versions/A/DiskArbitration
0x00007ff8233c3000 	/System/Library/PrivateFrameworks/MultitouchSupport.framework/Versions/A/MultitouchSupport
0x00007ff81bf41000 	/usr/lib/libenergytrace.dylib
0x00007ff8199a0000 	/System/Library/Frameworks/IOKit.framework/Versions/A/IOKit
0x00007ff828189000 	/System/Library/Frameworks/CoreServices.framework/Versions/A/CoreServices
0x00007ff81e700000 	/System/Library/PrivateFrameworks/PerformanceAnalysis.framework/Versions/A/PerformanceAnalysis
0x00007ffa2fde0000 	/System/Library/Frameworks/OpenGL.framework/Versions/A/OpenGL
0x00007ff82132a000 	/System/Library/PrivateFrameworks/MobileKeyBag.framework/Versions/A/MobileKeyBag
0x00007ff81ca2a000 	/System/Library/Frameworks/ColorSync.framework/Versions/A/ColorSync
0x00007ff81703b000 	/System/Library/Frameworks/CoreFoundation.framework/Versions/A/CoreFoundation
0x00007ff8202be000 	/System/Library/Frameworks/CoreImage.framework/Versions/A/CoreImage
0x00007ff81871f000 	/System/Library/Frameworks/CoreText.framework/Versions/A/CoreText
0x00007ff820077000 	/System/Library/Frameworks/ImageIO.framework/Versions/A/ImageIO
0x00007ff821df4000 	/System/Library/PrivateFrameworks/SoftLinking.framework/Versions/A/SoftLinking
0x00007ff81e7b1000 	/usr/lib/libxml2.2.dylib
0x00007ff822078000 	/usr/lib/libcompression.dylib
0x00007ff823b2a000 	/System/Library/PrivateFrameworks/TextureIO.framework/Versions/A/TextureIO
0x00007ff822766000 	/usr/lib/libate.dylib
0x00007ff822542000 	/usr/lib/liblzma.5.dylib
0x00007ff817bc9000 	/System/Library/Frameworks/SystemConfiguration.framework/Versions/A/SystemConfiguration
0x00007ff821df0000 	/usr/lib/libfakelink.dylib
0x00007ff81ba9a000 	/System/Library/Frameworks/CFNetwork.framework/Versions/A/CFNetwork
0x00007ff821f31000 	/usr/lib/libarchive.2.dylib
0x00007ff8206c4000 	/System/Library/PrivateFrameworks/AppleSystemInfo.framework/Versions/A/AppleSystemInfo
0x00007ff82142b000 	/usr/lib/libbsm.0.dylib
0x00007ff81b0a9000 	/usr/lib/libnetwork.dylib
0x00007ff821d89000 	/usr/lib/system/libkxld.dylib
0x00007ff82105e000 	/System/Library/PrivateFrameworks/IOMobileFramebuffer.framework/Versions/A/IOMobileFramebuffer
0x00007ffb2f7af000 	/usr/lib/libCoreEntitlements.dylib
0x00007ff821a9d000 	/System/Library/PrivateFrameworks/AppleFSCompression.framework/Versions/A/AppleFSCompression
0x00007ff821413000 	/usr/lib/libcoretls.dylib
0x00007ff82255c000 	/usr/lib/libcoretls_cfhelpers.dylib
0x00007ff822073000 	/usr/lib/libpam.2.dylib
0x00007ff81d3fc000 	/usr/lib/libsqlite3.dylib
0x00007ff8225cb000 	/usr/lib/libxar.1.dylib
0x00007ff821aad000 	/usr/lib/libbz2.1.0.dylib
0x00007ff821df5000 	/usr/lib/libpcap.A.dylib
0x00007ff81d7d5000 	/usr/lib/libdns_services.dylib
0x00007ff822043000 	/usr/lib/libapple_nghttp2.dylib
0x00007ff821e2f000 	/usr/lib/libiconv.2.dylib
0x00007ff821d82000 	/usr/lib/libcharset.1.dylib
0x00007ff81e734000 	/System/Library/Frameworks/CoreServices.framework/Versions/A/Frameworks/FSEvents.framework/Versions/A/FSEvents
0x00007ff81963a000 	/System/Library/Frameworks/CoreServices.framework/Versions/A/Frameworks/CarbonCore.framework/Versions/A/CarbonCore
0x00007ff81da1e000 	/System/Library/Frameworks/CoreServices.framework/Versions/A/Frameworks/Metadata.framework/Versions/A/Metadata
0x00007ff821ac0000 	/System/Library/Frameworks/CoreServices.framework/Versions/A/Frameworks/OSServices.framework/Versions/A/OSServices
0x00007ff821fb8000 	/System/Library/Frameworks/CoreServices.framework/Versions/A/Frameworks/SearchKit.framework/Versions/A/SearchKit
0x00007ff81d767000 	/System/Library/Frameworks/CoreServices.framework/Versions/A/Frameworks/AE.framework/Versions/A/AE
0x00007ff81753e000 	/System/Library/Frameworks/CoreServices.framework/Versions/A/Frameworks/LaunchServices.framework/Versions/A/LaunchServices
0x00007ff8224f3000 	/System/Library/Frameworks/CoreServices.framework/Versions/A/Frameworks/DictionaryServices.framework/Versions/A/DictionaryServices
0x00007ff81e741000 	/System/Library/Frameworks/CoreServices.framework/Versions/A/Frameworks/SharedFileList.framework/Versions/A/SharedFileList
0x00007ff821407000 	/usr/lib/libCheckFix.dylib
0x00007ff81bfa6000 	/System/Library/PrivateFrameworks/TCC.framework/Versions/A/TCC
0x00007ff8206ca000 	/System/Library/PrivateFrameworks/CoreNLP.framework/Versions/A/CoreNLP
0x00007ff81d9ce000 	/System/Library/PrivateFrameworks/MetadataUtilities.framework/Versions/A/MetadataUtilities
0x00007ff817c7a000 	/usr/lib/libmecabra.dylib
0x00007ff82143b000 	/usr/lib/libmecab.dylib
0x00007ff817c45000 	/usr/lib/libCRFSuite.dylib
0x00007ff821495000 	/usr/lib/libgermantok.dylib
0x00007ff82201e000 	/usr/lib/libThaiTokenizer.dylib
0x00007ff81dac1000 	/System/Library/Frameworks/Accelerate.framework/Versions/A/Frameworks/vImage.framework/Versions/A/vImage
0x00007ff828160000 	/System/Library/Frameworks/Accelerate.framework/Versions/A/Frameworks/vecLib.framework/Versions/A/vecLib
0x00007ff82260c000 	/System/Library/Frameworks/Accelerate.framework/Versions/A/Frameworks/vecLib.framework/Versions/A/libvMisc.dylib
0x00007ff820e89000 	/System/Library/Frameworks/Accelerate.framework/Versions/A/Frameworks/vecLib.framework/Versions/A/libvDSP.dylib
0x00007ff8178b9000 	/System/Library/Frameworks/Accelerate.framework/Versions/A/Frameworks/vecLib.framework/Versions/A/libBLAS.dylib
0x00007ff822155000 	/System/Library/Frameworks/Accelerate.framework/Versions/A/Frameworks/vecLib.framework/Versions/A/libLAPACK.dylib
0x00007ff821498000 	/System/Library/Frameworks/Accelerate.framework/Versions/A/Frameworks/vecLib.framework/Versions/A/libLinearAlgebra.dylib
0x00007ff82205b000 	/System/Library/Frameworks/Accelerate.framework/Versions/A/Frameworks/vecLib.framework/Versions/A/libSparseBLAS.dylib
0x00007ff82214f000 	/System/Library/Frameworks/Accelerate.framework/Versions/A/Frameworks/vecLib.framework/Versions/A/libQuadrature.dylib
0x00007ff8207b5000 	/System/Library/Frameworks/Accelerate.framework/Versions/A/Frameworks/vecLib.framework/Versions/A/libBNNS.dylib
0x00007ff817b53000 	/System/Library/Frameworks/Accelerate.framework/Versions/A/Frameworks/vecLib.framework/Versions/A/libSparse.dylib
0x00007ff8207ae000 	/System/Library/PrivateFrameworks/LinguisticData.framework/Versions/A/LinguisticData
0x00007ff817b09000 	/System/Library/PrivateFrameworks/Lexicon.framework/Versions/A/Lexicon
0x00007ff822605000 	/usr/lib/libChineseTokenizer.dylib
0x00007ff818274000 	/System/Library/PrivateFrameworks/LanguageModeling.framework/Versions/A/LanguageModeling
0x00007ff822020000 	/System/Library/PrivateFrameworks/AppleSauce.framework/Versions/A/AppleSauce
0x00007ff82104c000 	/System/Library/PrivateFrameworks/CoreEmoji.framework/Versions/A/CoreEmoji
0x00007ff821f20000 	/usr/lib/libcmph.dylib
0x00007ff81e718000 	/System/Library/Frameworks/OpenDirectory.framework/Versions/A/Frameworks/CFOpenDirectory.framework/Versions/A/CFOpenDirectory
0x00007ff81e70c000 	/System/Library/Frameworks/OpenDirectory.framework/Versions/A/OpenDirectory
0x00007ff82255e000 	/System/Library/PrivateFrameworks/APFS.framework/Versions/A/APFS
0x00007ff821362000 	/System/Library/Frameworks/SecurityFoundation.framework/Versions/A/SecurityFoundation
0x00007ff8225d9000 	/usr/lib/libutil.dylib
0x00007ff819964000 	/System/Library/PrivateFrameworks/CoreServicesStore.framework/Versions/A/CoreServicesStore
0x00007ff8225dd000 	/usr/lib/libxslt.1.dylib
0x00007ff8213ef000 	/System/Library/PrivateFrameworks/BackgroundTaskManagement.framework/Versions/A/BackgroundTaskManagement
0x00007ff823a4a000 	/System/Library/Frameworks/ImageIO.framework/Versions/A/Resources/libRadiance.dylib
0x00007ff823a53000 	/System/Library/Frameworks/ImageIO.framework/Versions/A/Resources/libJPEG.dylib
0x00007ff8239a2000 	/System/Library/Frameworks/ImageIO.framework/Versions/A/Resources/libPng.dylib
0x00007ff8239c3000 	/System/Library/Frameworks/ImageIO.framework/Versions/A/Resources/libTIFF.dylib
0x00007ff823ab3000 	/System/Library/Frameworks/ImageIO.framework/Versions/A/Resources/libGIF.dylib
0x00007ff8232dd000 	/System/Library/Frameworks/ImageIO.framework/Versions/A/Resources/libJP2.dylib
0x00007ff822a1b000 	/usr/lib/libexpat.1.dylib
0x00007ff823292000 	/System/Library/PrivateFrameworks/AppleJPEG.framework/Versions/A/AppleJPEG
0x00007ff81fbfe000 	/System/Library/PrivateFrameworks/FontServices.framework/libFontParser.dylib
0x00007ff81d711000 	/System/Library/PrivateFrameworks/RunningBoardServices.framework/Versions/A/RunningBoardServices
0x00007ff82e41b000 	/System/Library/PrivateFrameworks/IOSurfaceAccelerator.framework/Versions/A/IOSurfaceAccelerator
0x00007ff8233bf000 	/System/Library/PrivateFrameworks/WatchdogClient.framework/Versions/A/WatchdogClient
0x00007ff818362000 	/System/Library/Frameworks/CoreDisplay.framework/Versions/A/CoreDisplay
0x00007ff81fafc000 	/System/Library/Frameworks/CoreMedia.framework/Versions/A/CoreMedia
0x00007ff81f990000 	/System/Library/PrivateFrameworks/IOAccelerator.framework/Versions/A/IOAccelerator
0x00007ff81e895000 	/System/Library/Frameworks/CoreVideo.framework/Versions/A/CoreVideo
0x00007ff822071000 	/System/Library/Frameworks/MetalPerformanceShaders.framework/Versions/A/MetalPerformanceShaders
0x00007ff8233fc000 	/System/Library/Frameworks/VideoToolbox.framework/Versions/A/VideoToolbox
0x00007ff81d65b000 	/System/Library/PrivateFrameworks/BaseBoard.framework/Versions/A/BaseBoard
0x00007ff81d3e2000 	/System/Library/PrivateFrameworks/ProtocolBuffer.framework/Versions/A/ProtocolBuffer
0x00007ff823a43000 	/System/Library/PrivateFrameworks/GPUWrangler.framework/Versions/A/GPUWrangler
0x00007ff823a27000 	/System/Library/PrivateFrameworks/IOPresentment.framework/Versions/A/IOPresentment
0x00007ff823a4d000 	/System/Library/PrivateFrameworks/DSExternalDisplay.framework/Versions/A/DSExternalDisplay
0x00007ffa2fdd4000 	/System/Library/Frameworks/OpenGL.framework/Versions/A/Libraries/libCoreFSCache.dylib
0x00007ffb1ceab000 	/System/Library/PrivateFrameworks/GPUCompiler.framework/Versions/31001/Libraries/libGPUCompilerUtils.dylib
0x00007ff823ab8000 	/System/Library/PrivateFrameworks/CMCaptureCore.framework/Versions/A/CMCaptureCore
0x00007ff822fc3000 	/System/Library/PrivateFrameworks/AppServerSupport.framework/Versions/A/AppServerSupport
0x00007ff825286000 	/System/Library/PrivateFrameworks/perfdata.framework/Versions/A/perfdata
0x00007ff81848e000 	/System/Library/PrivateFrameworks/AudioToolboxCore.framework/Versions/A/AudioToolboxCore
0x00007ff81fada000 	/System/Library/PrivateFrameworks/caulk.framework/Versions/A/caulk
0x00007ff824b98000 	/usr/lib/libAudioStatistics.dylib
0x00007ff91c88c000 	/System/Library/PrivateFrameworks/SystemPolicy.framework/Versions/A/SystemPolicy
0x00007ff824df3000 	/usr/lib/libSMC.dylib
0x00007ff82dd13000 	/System/Library/Frameworks/CoreMIDI.framework/Versions/A/CoreMIDI
0x00007ff823971000 	/usr/lib/libAudioToolboxUtility.dylib
0x00007ff918ab8000 	/System/Library/PrivateFrameworks/OSAServicesClient.framework/Versions/A/OSAServicesClient
0x00007ff825293000 	/usr/lib/libperfcheck.dylib
0x00007ff91d339000 	/usr/lib/libmis.dylib
0x00007ffa2fe2f000 	/System/Library/Frameworks/OpenGL.framework/Versions/A/Libraries/libGLU.dylib
0x00007ffa2fdf3000 	/System/Library/Frameworks/OpenGL.framework/Versions/A/Libraries/libGFXShared.dylib
0x00007ffa2fffc000 	/System/Library/Frameworks/OpenGL.framework/Versions/A/Libraries/libGL.dylib
0x00007ffa2fdfc000 	/System/Library/Frameworks/OpenGL.framework/Versions/A/Libraries/libGLImage.dylib
0x00007ffa2fdf0000 	/System/Library/Frameworks/OpenGL.framework/Versions/A/Libraries/libCVMSPluginSupport.dylib
0x00007ffa2fddb000 	/System/Library/Frameworks/OpenGL.framework/Versions/A/Libraries/libCoreVMClient.dylib
0x00007ff820646000 	/System/Library/Frameworks/MetalPerformanceShaders.framework/Versions/A/Frameworks/MPSCore.framework/Versions/A/MPSCore
0x00007ff821a08000 	/System/Library/Frameworks/MetalPerformanceShaders.framework/Versions/A/Frameworks/MPSImage.framework/Versions/A/MPSImage
0x00007ff8214ae000 	/System/Library/Frameworks/MetalPerformanceShaders.framework/Versions/A/Frameworks/MPSNeuralNetwork.framework/Versions/A/MPSNeuralNetwork
0x00007ff821922000 	/System/Library/Frameworks/MetalPerformanceShaders.framework/Versions/A/Frameworks/MPSMatrix.framework/Versions/A/MPSMatrix
0x00007ff8216dd000 	/System/Library/Frameworks/MetalPerformanceShaders.framework/Versions/A/Frameworks/MPSRayIntersector.framework/Versions/A/MPSRayIntersector
0x00007ff82195a000 	/System/Library/Frameworks/MetalPerformanceShaders.framework/Versions/A/Frameworks/MPSNDArray.framework/Versions/A/MPSNDArray
0x00007ffa358b4000 	/System/Library/Frameworks/MetalPerformanceShaders.framework/Versions/A/Frameworks/MPSFunctions.framework/Versions/A/MPSFunctions
0x00007ff817795000 	/System/Library/PrivateFrameworks/MetalTools.framework/Versions/A/MetalTools
0x00007ff8206c2000 	/System/Library/PrivateFrameworks/AggregateDictionary.framework/Versions/A/AggregateDictionary
0x00007ff8227fd000 	/usr/lib/libIOReport.dylib
0x00007ffa3140b000 	/System/Library/Frameworks/OpenCL.framework/Versions/A/OpenCL
0x00007ff822b61000 	/System/Library/PrivateFrameworks/FaceCore.framework/Versions/A/FaceCore
0x00007ff822b52000 	/System/Library/PrivateFrameworks/GraphVisualizer.framework/Versions/A/GraphVisualizer
0x00007ffb1cdb6000 	/System/Library/PrivateFrameworks/FontServices.framework/Versions/A/FontServices
0x00007ff822f7b000 	/System/Library/PrivateFrameworks/OTSVG.framework/Versions/A/OTSVG
0x00007ff81e47b000 	/System/Library/Frameworks/ApplicationServices.framework/Versions/A/Frameworks/ATS.framework/Versions/A/Resources/libFontRegistry.dylib
0x00007ff822fcb000 	/System/Library/PrivateFrameworks/FontServices.framework/libhvf.dylib
0x00007ffb1cdb7000 	/System/Library/PrivateFrameworks/FontServices.framework/libXTFontStaticRegistryData.dylib
0x00007ff8229cb000 	/System/Library/PrivateFrameworks/AppleVA.framework/Versions/A/AppleVA
0x00007ff824bb8000 	/System/Library/Frameworks/ApplicationServices.framework/Versions/A/Frameworks/ATS.framework/Versions/A/ATS
0x00007ff81cb28000 	/System/Library/Frameworks/ApplicationServices.framework/Versions/A/Frameworks/HIServices.framework/Versions/A/HIServices
0x00007ff823ac2000 	/System/Library/Frameworks/ApplicationServices.framework/Versions/A/Frameworks/PrintCore.framework/Versions/A/PrintCore
0x00007ff824f46000 	/System/Library/Frameworks/ApplicationServices.framework/Versions/A/Frameworks/QD.framework/Versions/A/QD
0x00007ff824f3e000 	/System/Library/Frameworks/ApplicationServices.framework/Versions/A/Frameworks/ColorSyncLegacy.framework/Versions/A/ColorSyncLegacy
0x00007ff824ba8000 	/System/Library/Frameworks/ApplicationServices.framework/Versions/A/Frameworks/SpeechSynthesis.framework/Versions/A/SpeechSynthesis
0x00007ff823a83000 	/System/Library/Frameworks/ApplicationServices.framework/Versions/A/Frameworks/ATSUI.framework/Versions/A/ATSUI
0x00007ff824ed3000 	/usr/lib/libcups.2.dylib
0x00007ff8252a2000 	/System/Library/Frameworks/Kerberos.framework/Versions/A/Kerberos
0x00007ff8252b1000 	/System/Library/Frameworks/GSS.framework/Versions/A/GSS
0x00007ff824c24000 	/usr/lib/libresolv.9.dylib
0x00007ff822fda000 	/System/Library/PrivateFrameworks/Heimdal.framework/Versions/A/Heimdal
0x00007ff82be96000 	/System/Library/Frameworks/Kerberos.framework/Versions/A/Libraries/libHeimdalProxy.dylib
0x00007ff81d7e5000 	/System/Library/Frameworks/Network.framework/Versions/A/Network
0x00007ff822a35000 	/usr/lib/libheimdal-asn1.dylib
0x00007ff8252fc000 	/System/Library/PrivateFrameworks/CommonAuth.framework/Versions/A/CommonAuth
0x00007ff824b2a000 	/System/Library/PrivateFrameworks/AudioSession.framework/Versions/A/AudioSession
0x00007ff822ac5000 	/System/Library/PrivateFrameworks/MediaExperience.framework/Versions/A/MediaExperience
0x00007ff8249bc000 	/System/Library/PrivateFrameworks/AudioSession.framework/libSessionUtility.dylib
0x00007ff824f52000 	/System/Library/PrivateFrameworks/AudioResourceArbitration.framework/Versions/A/AudioResourceArbitration
0x00007ff828fd3000 	/System/Library/PrivateFrameworks/PowerLog.framework/Versions/A/PowerLog
0x00007ff822a3e000 	/System/Library/PrivateFrameworks/IconFoundation.framework/Versions/A/IconFoundation
0x00007ff827d89000 	/System/Library/PrivateFrameworks/SpeechRecognitionCore.framework/Versions/A/SpeechRecognitionCore
0x00007ffa22076000 	/System/Library/CoreServices/Encodings/libLatin2Converter.dylib
0x000000010514c000 	/Users/hubertkowal/.gradle/jdks/adoptium-18-x64-hotspot-mac/Contents/Home/lib/server/libjvm.dylib
0x0000000104030000 	/Users/hubertkowal/.gradle/jdks/adoptium-18-x64-hotspot-mac/Contents/Home/lib/libjimage.dylib
0x00000001040a7000 	/Users/hubertkowal/.gradle/jdks/adoptium-18-x64-hotspot-mac/Contents/Home/lib/libjava.dylib
0x0000000104f02000 	/Users/hubertkowal/.gradle/jdks/adoptium-18-x64-hotspot-mac/Contents/Home/lib/libnio.dylib
0x0000000104f17000 	/Users/hubertkowal/.gradle/jdks/adoptium-18-x64-hotspot-mac/Contents/Home/lib/libnet.dylib
0x0000000104f2b000 	/Users/hubertkowal/.gradle/jdks/adoptium-18-x64-hotspot-mac/Contents/Home/lib/libzip.dylib
0x0000000104f39000 	/Users/hubertkowal/.openjfx/cache/17/libprism_es2.dylib
0x00007ff819926000 	/System/Library/PrivateFrameworks/CoreServicesInternal.framework/Versions/A/CoreServicesInternal
0x00007ffa30007000 	/System/Library/Frameworks/OpenGL.framework/Versions/A/Resources/GLEngine.bundle/GLEngine
0x00007ffa2fe6d000 	/System/Library/Frameworks/OpenGL.framework/Versions/A/Libraries/libGLProgrammability.dylib
0x00007ffa28cf9000 	/System/Library/Extensions/AppleIntelICLGraphicsGLDriver.bundle/Contents/MacOS/AppleIntelICLGraphicsGLDriver
0x00007ff9274d4000 	/System/Library/PrivateFrameworks/GPUSupport.framework/Versions/A/Libraries/libGPUSupportMercury.dylib
0x00007ffa30191000 	/System/Library/Frameworks/OpenGL.framework/Versions/A/Resources/GLRendererFloat.bundle/GLRendererFloat
0x00000001294fe000 	/Users/hubertkowal/.openjfx/cache/17/libglass.dylib
0x00007ff8295c4000 	/System/Library/Frameworks/FileProvider.framework/Versions/A/FileProvider
0x00007ff81d5c8000 	/System/Library/Frameworks/Accounts.framework/Versions/A/Accounts
0x00007ff82973d000 	/System/Library/PrivateFrameworks/GenerationalStorage.framework/Versions/A/GenerationalStorage
0x00007ff82a24d000 	/System/Library/PrivateFrameworks/CoreSymbolication.framework/Versions/A/CoreSymbolication
0x00007ff828fc8000 	/System/Library/PrivateFrameworks/SymptomDiagnosticReporter.framework/Versions/A/SymptomDiagnosticReporter
0x00007ff81abe7000 	/System/Library/PrivateFrameworks/DesktopServicesPriv.framework/Versions/A/DesktopServicesPriv
0x00007ff819a65000 	/usr/lib/libsandbox.1.dylib
0x00007ff81e914000 	/System/Library/PrivateFrameworks/UserManagement.framework/Versions/A/UserManagement
0x00007ff82a212000 	/System/Library/PrivateFrameworks/DebugSymbols.framework/Versions/A/DebugSymbols
0x00007ff824f33000 	/System/Library/PrivateFrameworks/NetAuth.framework/Versions/A/NetAuth
0x00007ff825e42000 	/System/Library/PrivateFrameworks/Sharing.framework/Versions/A/Sharing
0x00007ff81e8e7000 	/System/Library/PrivateFrameworks/login.framework/Versions/A/Frameworks/loginsupport.framework/Versions/A/loginsupport
0x00007ff82b3b0000 	/System/Library/PrivateFrameworks/Apple80211.framework/Versions/A/Apple80211
0x00007ff821aed000 	/System/Library/PrivateFrameworks/AuthKit.framework/Versions/A/AuthKit
0x00007ff821142000 	/System/Library/PrivateFrameworks/CoreUtils.framework/Versions/A/CoreUtils
0x00007ff821069000 	/System/Library/Frameworks/CoreWLAN.framework/Versions/A/CoreWLAN
0x00007ff825fa1000 	/System/Library/Frameworks/IOBluetooth.framework/Versions/A/IOBluetooth
0x00007ff82b418000 	/System/Library/PrivateFrameworks/CoreWiFi.framework/Versions/A/CoreWiFi
0x00007ff829de7000 	/System/Library/PrivateFrameworks/FrontBoardServices.framework/Versions/A/FrontBoardServices
0x00007ff829e78000 	/System/Library/PrivateFrameworks/BoardServices.framework/Versions/A/BoardServices
0x00007ff821351000 	/System/Library/PrivateFrameworks/AssertionServices.framework/Versions/A/AssertionServices
0x00007ff82b59b000 	/System/Library/PrivateFrameworks/BackBoardServices.framework/Versions/A/BackBoardServices
0x00007ff82538d000 	/System/Library/PrivateFrameworks/CorePhoneNumbers.framework/Versions/A/CorePhoneNumbers
0x00007ff824c51000 	/System/Library/PrivateFrameworks/MultiverseSupport.framework/Versions/A/MultiverseSupport
0x00007ff82b80f000 	/System/Library/PrivateFrameworks/RemoteServiceDiscovery.framework/Versions/A/RemoteServiceDiscovery
0x00007ff8290e5000 	/System/Library/PrivateFrameworks/DiskManagement.framework/Versions/A/DiskManagement
0x00007ff828ff9000 	/System/Library/PrivateFrameworks/AppleIDAuthSupport.framework/Versions/A/AppleIDAuthSupport
0x00007ffb17731000 	/System/Library/PrivateFrameworks/AAAFoundation.framework/Versions/A/AAAFoundation
0x00007ff82536e000 	/System/Library/PrivateFrameworks/KeychainCircle.framework/Versions/A/KeychainCircle
0x00007ff82b81f000 	/System/Library/PrivateFrameworks/RemoteXPC.framework/Versions/A/RemoteXPC
0x00007ff8290b1000 	/System/Library/PrivateFrameworks/MediaKit.framework/Versions/A/MediaKit
0x00007ff829005000 	/System/Library/Frameworks/DiscRecording.framework/Versions/A/DiscRecording
0x00007ff822943000 	/usr/lib/libCoreStorage.dylib
0x00007ff82b88a000 	/usr/lib/libcsfde.dylib
0x00007ff82606e000 	/System/Library/PrivateFrameworks/ProtectedCloudStorage.framework/Versions/A/ProtectedCloudStorage
0x00007ff82b886000 	/System/Library/PrivateFrameworks/EFILogin.framework/Versions/A/EFILogin
0x00007ff829763000 	/System/Library/PrivateFrameworks/OctagonTrust.framework/Versions/A/OctagonTrust
0x00007ffb1c019000 	/System/Library/PrivateFrameworks/CoreUtilsExtras.framework/Versions/A/CoreUtilsExtras
0x00007ff828f2c000 	/System/Library/Frameworks/CoreBluetooth.framework/Versions/A/CoreBluetooth
0x00007ff82bf1b000 	/System/Library/Frameworks/AudioUnit.framework/Versions/A/AudioUnit
0x00007ff82293b000 	/usr/lib/libMatch.1.dylib
0x00007ff92195d000 	/System/Library/Frameworks/Accelerate.framework/Versions/A/Frameworks/vImage.framework/Versions/A/Libraries/libCGInterfaces.dylib
0x000000012a92b000 	/usr/lib/libobjc-trampolines.dylib
0x00007ff81e60c000 	/System/Library/PrivateFrameworks/ViewBridge.framework/Versions/A/ViewBridge


VM Arguments:
jvm_args: --add-modules=javafx.controls --module-path=/Users/hubertkowal/.gradle/caches/modules-2/files-2.1/org.openjfx/javafx-controls/17/e73acf695ffccb4f904ff7b76de8999eefb547c2/javafx-controls-17-mac.jar:/Users/hubertkowal/.gradle/caches/modules-2/files-2.1/org.openjfx/javafx-graphics/17/8b1d1124ce83e874db390016913fba7708f3592d/javafx-graphics-17-mac.jar:/Users/hubertkowal/.gradle/caches/modules-2/files-2.1/org.openjfx/javafx-base/17/61d52392b063be78f7cc1b0fbfc04dda7a835a15/javafx-base-17-mac.jar -Dfile.encoding=UTF-8 -Duser.country=PL -Duser.language=pl -Duser.variant 
java_command: agh.ics.oop.World
java_class_path (initial): /Users/hubertkowal/Documents/java/obiektowe/AnimalWorld/build/classes/java/main:/Users/hubertkowal/Documents/java/obiektowe/AnimalWorld/build/resources/main
Launcher Type: SUN_STANDARD

[Global flags]
     intx CICompilerCount                          = 3                                         {product} {ergonomic}
     uint ConcGCThreads                            = 1                                         {product} {ergonomic}
     uint G1ConcRefinementThreads                  = 4                                         {product} {ergonomic}
   size_t G1HeapRegionSize                         = 1048576                                   {product} {ergonomic}
    uintx GCDrainStackTargetSize                   = 64                                        {product} {ergonomic}
   size_t InitialHeapSize                          = 134217728                                 {product} {ergonomic}
   size_t MarkStackSize                            = 4194304                                   {product} {ergonomic}
   size_t MaxHeapSize                              = 2147483648                                {product} {ergonomic}
   size_t MaxNewSize                               = 1287651328                                {product} {ergonomic}
   size_t MinHeapDeltaBytes                        = 1048576                                   {product} {ergonomic}
   size_t MinHeapSize                              = 8388608                                   {product} {ergonomic}
    uintx NonNMethodCodeHeapSize                   = 5832780                                {pd product} {ergonomic}
    uintx NonProfiledCodeHeapSize                  = 122912730                              {pd product} {ergonomic}
    uintx ProfiledCodeHeapSize                     = 122912730                              {pd product} {ergonomic}
    uintx ReservedCodeCacheSize                    = 251658240                              {pd product} {ergonomic}
     bool SegmentedCodeCache                       = true                                      {product} {ergonomic}
   size_t SoftMaxHeapSize                          = 2147483648                             {manageable} {ergonomic}
     bool UseCompressedClassPointers               = true                           {product lp64_product} {ergonomic}
     bool UseCompressedOops                        = true                           {product lp64_product} {ergonomic}
     bool UseG1GC                                  = true                                      {product} {ergonomic}
     bool UseNUMA                                  = false                                     {product} {ergonomic}
     bool UseNUMAInterleaving                      = false                                     {product} {ergonomic}

Logging:
Log output configuration:
 #0: stdout all=warning uptime,level,tags foldmultilines=false
 #1: stderr all=off uptime,level,tags foldmultilines=false

Environment Variables:
PATH=/Library/Frameworks/Python.framework/Versions/3.11/bin:/Library/Frameworks/Python.framework/Versions/3.10/bin:/usr/local/bin:/usr/bin:/bin:/usr/sbin:/sbin:/Users/hubertkowal/.cabal/bin:/Users/hubertkowal/.ghcup/bin
SHELL=/bin/zsh
LC_CTYPE=pl_PL.UTF-8

Signal Handlers:
   SIGSEGV: _ZL13crash_handleriP9__siginfoPv in libjvm.dylib, mask=11100110000111110111111111111111, flags=SA_RESTART|SA_SIGINFO
    SIGBUS: _ZL13crash_handleriP9__siginfoPv in libjvm.dylib, mask=11100110000111110111111111111111, flags=SA_RESTART|SA_SIGINFO
    SIGFPE: _ZL13crash_handleriP9__siginfoPv in libjvm.dylib, mask=11100110000111110111111111111111, flags=SA_RESTART|SA_SIGINFO
   SIGPIPE: _ZL17javaSignalHandleriP9__siginfoPv in libjvm.dylib, mask=11100110000111110111111111111111, flags=SA_RESTART|SA_SIGINFO
   SIGXFSZ: _ZL17javaSignalHandleriP9__siginfoPv in libjvm.dylib, mask=11100110000111110111111111111111, flags=SA_RESTART|SA_SIGINFO
    SIGILL: _ZL13crash_handleriP9__siginfoPv in libjvm.dylib, mask=11100110000111110111111111111111, flags=SA_RESTART|SA_SIGINFO
   SIGUSR2: _ZL10SR_handleriP9__siginfoP17__darwin_ucontext in libjvm.dylib, mask=00100000000000000000000000000000, flags=SA_RESTART|SA_SIGINFO
    SIGHUP: _ZL11UserHandleriPvS_ in libjvm.dylib, mask=11100110000111110111111111111111, flags=SA_RESTART|SA_SIGINFO
    SIGINT: _ZL11UserHandleriPvS_ in libjvm.dylib, mask=11100110000111110111111111111111, flags=SA_RESTART|SA_SIGINFO
   SIGTERM: _ZL11UserHandleriPvS_ in libjvm.dylib, mask=11100110000111110111111111111111, flags=SA_RESTART|SA_SIGINFO
   SIGQUIT: _ZL11UserHandleriPvS_ in libjvm.dylib, mask=11100110000111110111111111111111, flags=SA_RESTART|SA_SIGINFO
   SIGTRAP: _ZL13crash_handleriP9__siginfoPv in libjvm.dylib, mask=11100110000111110111111111111111, flags=SA_RESTART|SA_SIGINFO


---------------  S Y S T E M  ---------------

OS:
uname: Darwin 21.6.0 Darwin Kernel Version 21.6.0: Mon Aug 22 20:17:10 PDT 2022; root:xnu-8020.140.49~2/RELEASE_X86_64 x86_64
OS uptime: 78 days 5:02 hours
rlimit (soft/hard): STACK 8192k/65532k , CORE 0k/infinity , NPROC 1392/2088 , NOFILE 10240/infinity , AS infinity/infinity , CPU infinity/infinity , DATA infinity/infinity , FSIZE infinity/infinity , MEMLOCK infinity/infinity , RSS infinity/infinity
load average: 2.52 3.10 2.56

CPU: total 4 (initial active 4) (2 cores per cpu, 2 threads per core) family 6 model 126 stepping 5 microcode 0xb2, cx8, cmov, fxsr, ht, mmx, 3dnowpref, sse, sse2, sse3, ssse3, sse4.1, sse4.2, popcnt, lzcnt, tsc, tscinvbit, avx, avx2, aes, erms, clmul, bmi1, bmi2, adx, sha, fma, vzeroupper, clflush, clflushopt

Memory: 4k page, physical 8388608k(272484k free), swap 2097152k(519936k free)

vm_info: OpenJDK 64-Bit Server VM (18.0.2.1+1) for bsd-amd64 JRE (18.0.2.1+1), built on Aug 25 2022 18:06:32 by "jenkins" with clang 4.2.1 Compatible Apple LLVM 10.0.1 (clang-1001.0.46.4)

END.
