#
# A fatal error has been detected by the Java Runtime Environment:
#
#  SIGSEGV (0xb) at pc=0x0000000108e0ae7f, pid=74070, tid=259
#
# JRE version: OpenJDK Runtime Environment Temurin-18.0.2.1+1 (18.0.2.1+1) (build 18.0.2.1+1)
# Java VM: OpenJDK 64-Bit Server VM Temurin-18.0.2.1+1 (18.0.2.1+1, mixed mode, sharing, tiered, compressed oops, compressed class ptrs, g1 gc, bsd-amd64)
# Problematic frame:
# V  [libjvm.dylib+0x2eee7f]  _ZN15ClassFileParserC2EP15ClassFileStreamP6SymbolP15ClassLoaderDataPK13ClassLoadInfoNS_9PublicityEP10JavaThread+0x1cf
#
# No core dump will be written. Core dumps have been disabled. To enable core dumping, try "ulimit -c unlimited" before starting Java again
#
# If you would like to submit a bug report, please visit:
#   https://github.com/adoptium/adoptium-support/issues
# The crash happened outside the Java Virtual Machine in native code.
# See problematic frame for where to report the bug.
#

---------------  S U M M A R Y ------------

Command Line: --add-modules=javafx.controls --module-path=/Users/hubertkowal/.gradle/caches/modules-2/files-2.1/org.openjfx/javafx-controls/17/e73acf695ffccb4f904ff7b76de8999eefb547c2/javafx-controls-17-mac.jar:/Users/hubertkowal/.gradle/caches/modules-2/files-2.1/org.openjfx/javafx-graphics/17/8b1d1124ce83e874db390016913fba7708f3592d/javafx-graphics-17-mac.jar:/Users/hubertkowal/.gradle/caches/modules-2/files-2.1/org.openjfx/javafx-base/17/61d52392b063be78f7cc1b0fbfc04dda7a835a15/javafx-base-17-mac.jar -Dfile.encoding=UTF-8 -Duser.country=PL -Duser.language=pl -Duser.variant agh.ics.oop.World

Host: "MacBookAir9,1" x86_64 1100 MHz, 4 cores, 8G, Darwin 21.6.0, macOS 10.16 (21G115)
Time: Mon Jan  2 19:36:22 2023 CET elapsed time: 0.668483 seconds (0d 0h 0m 0s)

---------------  T H R E A D  ---------------

Current thread (0x00007fca79033a00):  JavaThread "Thread-2" [_thread_in_native, id=259, stack(0x00007ff7b7e47000,0x00007ff7b8647000)]

Stack: [0x00007ff7b7e47000,0x00007ff7b8647000],  sp=0x00007ff7b8641380,  free space=8168k
Native frames: (J=compiled Java code, j=interpreted, Vv=VM code, C=native code)
V  [libjvm.dylib+0x2eee7f]  _ZN15ClassFileParserC2EP15ClassFileStreamP6SymbolP15ClassLoaderDataPK13ClassLoadInfoNS_9PublicityEP10JavaThread+0x1cf
V  [libjvm.dylib+0x702d61]  _ZN12KlassFactory18create_from_streamEP15ClassFileStreamP6SymbolP15ClassLoaderDataRK13ClassLoadInfoP10JavaThread+0xb1
V  [libjvm.dylib+0xa43334]  _ZN16SystemDictionary32resolve_hidden_class_from_streamEP15ClassFileStreamP6Symbol6HandleRK13ClassLoadInfoP10JavaThread+0x74
V  [libjvm.dylib+0x5c4064]  JVM_LookupDefineClass+0x7e4
C  [libjava.dylib+0x1b68]  Java_java_lang_ClassLoader_defineClass0+0x198
j  java.lang.ClassLoader.defineClass0(Ljava/lang/ClassLoader;Ljava/lang/Class;Ljava/lang/String;[BIILjava/security/ProtectionDomain;ZILjava/lang/Object;)Ljava/lang/Class;+0 java.base@18.0.2.1
j  java.lang.System$2.defineClass(Ljava/lang/ClassLoader;Ljava/lang/Class;Ljava/lang/String;[BLjava/security/ProtectionDomain;ZILjava/lang/Object;)Ljava/lang/Class;+17 java.base@18.0.2.1
j  java.lang.invoke.MethodHandles$Lookup$ClassDefiner.defineClass(ZLjava/lang/Object;)Ljava/lang/Class;+54 java.base@18.0.2.1
j  java.lang.invoke.MethodHandles$Lookup$ClassDefiner.defineClassAsLookup(Z)Ljava/lang/invoke/MethodHandles$Lookup;+3 java.base@18.0.2.1
j  java.lang.invoke.MethodHandles$Lookup.defineHiddenClass([BZ[Ljava/lang/invoke/MethodHandles$Lookup$ClassOption;)Ljava/lang/invoke/MethodHandles$Lookup;+65 java.base@18.0.2.1
j  java.lang.invoke.InnerClassLambdaMetafactory.generateInnerClass()Ljava/lang/Class;+581 java.base@18.0.2.1
j  java.lang.invoke.InnerClassLambdaMetafactory.spinInnerClass()Ljava/lang/Class;+107 java.base@18.0.2.1
j  java.lang.invoke.InnerClassLambdaMetafactory.buildCallSite()Ljava/lang/invoke/CallSite;+1 java.base@18.0.2.1
j  java.lang.invoke.LambdaMetafactory.metafactory(Ljava/lang/invoke/MethodHandles$Lookup;Ljava/lang/String;Ljava/lang/invoke/MethodType;Ljava/lang/invoke/MethodType;Ljava/lang/invoke/MethodHandle;Ljava/lang/invoke/MethodType;)Ljava/lang/invoke/CallSite;+67 java.base@18.0.2.1
j  java.lang.invoke.DirectMethodHandle$Holder.invokeStatic(Ljava/lang/Object;Ljava/lang/Object;Ljava/lang/Object;Ljava/lang/Object;Ljava/lang/Object;Ljava/lang/Object;Ljava/lang/Object;)Ljava/lang/Object;+20 java.base@18.0.2.1
j  java.lang.invoke.Invokers$Holder.invokeExact_MT(Ljava/lang/Object;Ljava/lang/Object;Ljava/lang/Object;Ljava/lang/Object;Ljava/lang/Object;Ljava/lang/Object;Ljava/lang/Object;Ljava/lang/Object;)Ljava/lang/Object;+28 java.base@18.0.2.1
j  java.lang.invoke.BootstrapMethodInvoker.invoke(Ljava/lang/Class;Ljava/lang/invoke/MethodHandle;Ljava/lang/String;Ljava/lang/Object;Ljava/lang/Object;Ljava/lang/Class;)Ljava/lang/Object;+319 java.base@18.0.2.1
j  java.lang.invoke.CallSite.makeSite(Ljava/lang/invoke/MethodHandle;Ljava/lang/String;Ljava/lang/invoke/MethodType;Ljava/lang/Object;Ljava/lang/Class;)Ljava/lang/invoke/CallSite;+8 java.base@18.0.2.1
j  java.lang.invoke.MethodHandleNatives.linkCallSiteImpl(Ljava/lang/Class;Ljava/lang/invoke/MethodHandle;Ljava/lang/String;Ljava/lang/invoke/MethodType;Ljava/lang/Object;[Ljava/lang/Object;)Ljava/lang/invoke/MemberName;+6 java.base@18.0.2.1
j  java.lang.invoke.MethodHandleNatives.linkCallSite(Ljava/lang/Object;Ljava/lang/Object;Ljava/lang/Object;Ljava/lang/Object;Ljava/lang/Object;[Ljava/lang/Object;)Ljava/lang/invoke/MemberName;+45 java.base@18.0.2.1
v  ~StubRoutines::call_stub
V  [libjvm.dylib+0x529516]  _ZN9JavaCalls11call_helperEP9JavaValueRK12methodHandleP17JavaCallArgumentsP10JavaThread+0x2b6
V  [libjvm.dylib+0x528bc4]  _ZN9JavaCalls11call_staticEP9JavaValueP5KlassP6SymbolS5_P17JavaCallArgumentsP10JavaThread+0x114
V  [libjvm.dylib+0xa4733a]  _ZN16SystemDictionary23invoke_bootstrap_methodER13BootstrapInfoP10JavaThread+0x29a
V  [libjvm.dylib+0x734cbe]  _ZN12LinkResolver20resolve_dynamic_callER8CallInfoR13BootstrapInfoP10JavaThread+0x1e
V  [libjvm.dylib+0x7344e2]  _ZN12LinkResolver21resolve_invokedynamicER8CallInfoRK18constantPoolHandleiP10JavaThread+0x82
V  [libjvm.dylib+0x5230b4]  _ZN18InterpreterRuntime21resolve_invokedynamicEP10JavaThread+0x174
V  [libjvm.dylib+0x523229]  _ZN18InterpreterRuntime18resolve_from_cacheEP10JavaThreadN9Bytecodes4CodeE+0x109
j  com.sun.glass.ui.Screen.<clinit>()V+4 javafx.graphics
v  ~StubRoutines::call_stub
V  [libjvm.dylib+0x529516]  _ZN9JavaCalls11call_helperEP9JavaValueRK12methodHandleP17JavaCallArgumentsP10JavaThread+0x2b6
V  [libjvm.dylib+0x507b04]  _ZN13InstanceKlass22call_class_initializerEP10JavaThread+0x254
V  [libjvm.dylib+0x506ba7]  _ZN13InstanceKlass15initialize_implEP10JavaThread+0x4f7
V  [libjvm.dylib+0x731cb3]  _ZN12LinkResolver19resolve_static_callER8CallInfoRK8LinkInfobP10JavaThread+0x73
V  [libjvm.dylib+0x733ff0]  _ZN12LinkResolver14resolve_invokeER8CallInfo6HandleRK18constantPoolHandleiN9Bytecodes4CodeEP10JavaThread+0x80
V  [libjvm.dylib+0x522ab0]  _ZN18InterpreterRuntime14resolve_invokeEP10JavaThreadN9Bytecodes4CodeE+0x330
V  [libjvm.dylib+0x523176]  _ZN18InterpreterRuntime18resolve_from_cacheEP10JavaThreadN9Bytecodes4CodeE+0x56
j  com.sun.glass.ui.Application.lambda$run$1(Ljava/lang/Runnable;)V+0 javafx.graphics
j  com.sun.glass.ui.Application$$Lambda$71+0x0000000800c2fcc0.run()V+4 javafx.graphics
j  com.sun.glass.ui.mac.MacApplication.lambda$runLoop$3(Ljava/lang/Runnable;)V+12 javafx.graphics
j  com.sun.glass.ui.mac.MacApplication$$Lambda$72+0x0000000800c2d000.run()V+8 javafx.graphics
v  ~StubRoutines::call_stub
V  [libjvm.dylib+0x529516]  _ZN9JavaCalls11call_helperEP9JavaValueRK12methodHandleP17JavaCallArgumentsP10JavaThread+0x2b6
V  [libjvm.dylib+0x583926]  _ZL20jni_invoke_nonstaticP7JNIEnv_P9JavaValueP8_jobject11JNICallTypeP10_jmethodIDP18JNI_ArgumentPusherP10JavaThread+0x2d6
V  [libjvm.dylib+0x587d06]  jni_CallVoidMethod+0x196
C  [libglass.dylib+0x8582]  -[GlassApplication applicationWillFinishLaunching:]+0x192
C  [CoreFoundation+0x7575c]  __CFNOTIFICATIONCENTER_IS_CALLING_OUT_TO_AN_OBSERVER__+0xc
C  [CoreFoundation+0x112b32]  ___CFXRegistrationPost_block_invoke+0x31
C  [CoreFoundation+0x112ab0]  _CFXRegistrationPost+0x1f0
C  [CoreFoundation+0x473e8]  _CFXNotificationPost+0x2df
C  [Foundation+0x97fe]  -[NSNotificationCenter postNotificationName:object:userInfo:]+0x52
C  [AppKit+0x2ffbf]  -[NSApplication finishLaunching]+0x147
C  [AppKit+0x2fbc9]  -[NSApplication run]+0xfa
C  [libglass.dylib+0xa2a5]  -[GlassApplication runLoop:]+0x795
C  [Foundation+0x81527]  __NSThreadPerformPerform+0xb3
C  [CoreFoundation+0x8017b]  __CFRUNLOOP_IS_CALLING_OUT_TO_A_SOURCE0_PERFORM_FUNCTION__+0x11
C  [CoreFoundation+0x800e3]  __CFRunLoopDoSource0+0xb4
C  [CoreFoundation+0x7fe5d]  __CFRunLoopDoSources0+0xf2
C  [CoreFoundation+0x7e878]  __CFRunLoopRun+0x37c
C  [CoreFoundation+0x7de3c]  CFRunLoopRunSpecific+0x232
C  [libjli.dylib+0x6d02]  CreateExecutionEnvironment+0x192
C  [libjli.dylib+0x2705]  JLI_Launch+0x605
C  [java+0xc0e]  main+0x19e
C  0x000000010f70d52e

Java frames: (J=compiled Java code, j=interpreted, Vv=VM code)
j  java.lang.ClassLoader.defineClass0(Ljava/lang/ClassLoader;Ljava/lang/Class;Ljava/lang/String;[BIILjava/security/ProtectionDomain;ZILjava/lang/Object;)Ljava/lang/Class;+0 java.base@18.0.2.1
j  java.lang.System$2.defineClass(Ljava/lang/ClassLoader;Ljava/lang/Class;Ljava/lang/String;[BLjava/security/ProtectionDomain;ZILjava/lang/Object;)Ljava/lang/Class;+17 java.base@18.0.2.1
j  java.lang.invoke.MethodHandles$Lookup$ClassDefiner.defineClass(ZLjava/lang/Object;)Ljava/lang/Class;+54 java.base@18.0.2.1
j  java.lang.invoke.MethodHandles$Lookup$ClassDefiner.defineClassAsLookup(Z)Ljava/lang/invoke/MethodHandles$Lookup;+3 java.base@18.0.2.1
j  java.lang.invoke.MethodHandles$Lookup.defineHiddenClass([BZ[Ljava/lang/invoke/MethodHandles$Lookup$ClassOption;)Ljava/lang/invoke/MethodHandles$Lookup;+65 java.base@18.0.2.1
j  java.lang.invoke.InnerClassLambdaMetafactory.generateInnerClass()Ljava/lang/Class;+581 java.base@18.0.2.1
j  java.lang.invoke.InnerClassLambdaMetafactory.spinInnerClass()Ljava/lang/Class;+107 java.base@18.0.2.1
j  java.lang.invoke.InnerClassLambdaMetafactory.buildCallSite()Ljava/lang/invoke/CallSite;+1 java.base@18.0.2.1
j  java.lang.invoke.LambdaMetafactory.metafactory(Ljava/lang/invoke/MethodHandles$Lookup;Ljava/lang/String;Ljava/lang/invoke/MethodType;Ljava/lang/invoke/MethodType;Ljava/lang/invoke/MethodHandle;Ljava/lang/invoke/MethodType;)Ljava/lang/invoke/CallSite;+67 java.base@18.0.2.1
j  java.lang.invoke.DirectMethodHandle$Holder.invokeStatic(Ljava/lang/Object;Ljava/lang/Object;Ljava/lang/Object;Ljava/lang/Object;Ljava/lang/Object;Ljava/lang/Object;Ljava/lang/Object;)Ljava/lang/Object;+20 java.base@18.0.2.1
j  java.lang.invoke.Invokers$Holder.invokeExact_MT(Ljava/lang/Object;Ljava/lang/Object;Ljava/lang/Object;Ljava/lang/Object;Ljava/lang/Object;Ljava/lang/Object;Ljava/lang/Object;Ljava/lang/Object;)Ljava/lang/Object;+28 java.base@18.0.2.1
j  java.lang.invoke.BootstrapMethodInvoker.invoke(Ljava/lang/Class;Ljava/lang/invoke/MethodHandle;Ljava/lang/String;Ljava/lang/Object;Ljava/lang/Object;Ljava/lang/Class;)Ljava/lang/Object;+319 java.base@18.0.2.1
j  java.lang.invoke.CallSite.makeSite(Ljava/lang/invoke/MethodHandle;Ljava/lang/String;Ljava/lang/invoke/MethodType;Ljava/lang/Object;Ljava/lang/Class;)Ljava/lang/invoke/CallSite;+8 java.base@18.0.2.1
j  java.lang.invoke.MethodHandleNatives.linkCallSiteImpl(Ljava/lang/Class;Ljava/lang/invoke/MethodHandle;Ljava/lang/String;Ljava/lang/invoke/MethodType;Ljava/lang/Object;[Ljava/lang/Object;)Ljava/lang/invoke/MemberName;+6 java.base@18.0.2.1
j  java.lang.invoke.MethodHandleNatives.linkCallSite(Ljava/lang/Object;Ljava/lang/Object;Ljava/lang/Object;Ljava/lang/Object;Ljava/lang/Object;[Ljava/lang/Object;)Ljava/lang/invoke/MemberName;+45 java.base@18.0.2.1
v  ~StubRoutines::call_stub
j  com.sun.glass.ui.Screen.<clinit>()V+4 javafx.graphics
v  ~StubRoutines::call_stub
j  com.sun.glass.ui.Application.lambda$run$1(Ljava/lang/Runnable;)V+0 javafx.graphics
j  com.sun.glass.ui.Application$$Lambda$71+0x0000000800c2fcc0.run()V+4 javafx.graphics
j  com.sun.glass.ui.mac.MacApplication.lambda$runLoop$3(Ljava/lang/Runnable;)V+12 javafx.graphics
j  com.sun.glass.ui.mac.MacApplication$$Lambda$72+0x0000000800c2d000.run()V+8 javafx.graphics
v  ~StubRoutines::call_stub

siginfo: si_signo: 11 (SIGSEGV), si_code: 0 (unknown), si_addr: 0x0000000000000000

Register to memory mapping:

RAX=0xf0fe32c9f0f971f6 is an unknown value
RBX=0x00007ff7b8641458 is pointing into the stack for thread: 0x00007fca79033a00
RCX=0x00000000ee4f0001 is an unknown value
RDX=0x00000000ee4f0002 is an unknown value
RSP=0x00007ff7b8641380 is pointing into the stack for thread: 0x00007fca79033a00
RBP=0x00007ff7b86413b0 is pointing into the stack for thread: 0x00007fca79033a00
RSI=0x00007ff7b8641738 is pointing into the stack for thread: 0x00007fca79033a00
RDI=0x0000600003b31860 points into unknown readable memory: 0x6f630022ee4f0002 | 02 00 4f ee 22 00 63 6f
R8 =0x00007ff7b86416f8 is pointing into the stack for thread: 0x00007fca79033a00
R9 =0x0000000000000001 is an unknown value
R10=0x0000600003725b10 points into unknown readable memory: 0x0000000000000000 | 00 00 00 00 00 00 00 00
R11=0xffffe0084b4effc6 is an unknown value
R12=0xf0fe32c9f0f971f6 is an unknown value
R13=0x00007fca79033a00 is a thread
R14=0x00007fca79033a00 is a thread
R15=0x00007ff7b8641738 is pointing into the stack for thread: 0x00007fca79033a00


Registers:
RAX=0xf0fe32c9f0f971f6, RBX=0x00007ff7b8641458, RCX=0x00000000ee4f0001, RDX=0x00000000ee4f0002
RSP=0x00007ff7b8641380, RBP=0x00007ff7b86413b0, RSI=0x00007ff7b8641738, RDI=0x0000600003b31860
R8 =0x00007ff7b86416f8, R9 =0x0000000000000001, R10=0x0000600003725b10, R11=0xffffe0084b4effc6
R12=0xf0fe32c9f0f971f6, R13=0x00007fca79033a00, R14=0x00007fca79033a00, R15=0x00007ff7b8641738
RIP=0x0000000108e0ae7f, EFLAGS=0x0000000000010246, ERR=0x0000000000000000
  TRAPNO=0x000000000000000d

Top of Stack: (sp=0x00007ff7b8641380)
0x00007ff7b8641380:   00007ff7b86422e0 00007ff7b8641738
0x00007ff7b8641390:   f0fe32c9f0f971f6 00007fca79033a00
0x00007ff7b86413a0:   0000600003b31860 00007ff7b86416f8
0x00007ff7b86413b0:   00007ff7b8641630 000000010921ed61
0x00007ff7b86413c0:   00007fca79033a00 00007fca79033a00
0x00007ff7b86413d0:   000060000203cf40 00007fca798f1400
0x00007ff7b86413e0:   00007fca798f14f8 00007fca798f93e8
0x00007ff7b86413f0:   00000000000080b0 00007ff7b86422e0
0x00007ff7b8641400:   00007fca77712760 00007fca77712788
0x00007ff7b8641410:   00000001079eb000 00007fca77712b48
0x00007ff7b8641420:   00000000000003d8 0000000000000000
0x00007ff7b8641430:   0000000000000000 0000600003b0d860
0x00007ff7b8641440:   00007ff7b8641738 0000000000000003
0x00007ff7b8641450:   00007ff7b86414b0 00007ff7b8641738
0x00007ff7b8641460:   0000600003b31860 f0fe32c9f0f971f6
0x00007ff7b8641470:   00000000079e0001 0000000000000000
0x00007ff7b8641480:   0000000000000000 0000000000000000
0x00007ff7b8641490:   0000000000000000 0000000000000000
0x00007ff7b86414a0:   0000000000000000 00007ff858750000
0x00007ff7b86414b0:   0000000000000000 0000000000000000
0x00007ff7b86414c0:   0000000000000000 0000000000000000
0x00007ff7b86414d0:   0000000000000000 0000000000000000
0x00007ff7b86414e0:   0000000000000000 0000000000000000
0x00007ff7b86414f0:   0000000000000000 0000000000000000
0x00007ff7b8641500:   0000000000000000 0000000000000000
0x00007ff7b8641510:   0000000000000000 0000000000000000
0x00007ff7b8641520:   0000000000000000 0000000000000000
0x00007ff7b8641530:   000000000000000b 0000600000704cf0
0x00007ff7b8641540:   0000000000000010 0000000000000000
0x00007ff7b8641550:   00007ff7b8641590 0000000108c779b2
0x00007ff7b8641560:   0000000000000000 0000000000000000
0x00007ff7b8641570:   00007ff7b8641590 000000010956bdbe 

Instructions: (pc=0x0000000108e0ae7f)
0x0000000108e0ad7f:   00 48 c7 87 88 00 00 00 00 00 00 00 48 c7 87 80
0x0000000108e0ad8f:   00 00 00 00 00 00 00 48 c7 47 78 00 00 00 00 48
0x0000000108e0ad9f:   c7 47 70 00 00 00 00 48 c7 47 68 00 00 00 00 48
0x0000000108e0adaf:   c7 47 60 00 00 00 00 48 c7 47 58 00 00 00 00 48
0x0000000108e0adbf:   c7 87 60 01 00 00 00 00 00 00 48 c7 87 58 01 00
0x0000000108e0adcf:   00 00 00 00 00 49 8b 00 48 89 87 68 01 00 00 c7
0x0000000108e0addf:   87 70 01 00 00 00 00 00 00 44 89 8f 74 01 00 00
0x0000000108e0adef:   66 c7 87 78 01 00 00 00 00 c6 87 7a 01 00 00 00
0x0000000108e0adff:   48 c7 87 99 01 00 00 00 00 00 00 48 c7 87 94 01
0x0000000108e0ae0f:   00 00 00 00 00 00 48 c7 87 8c 01 00 00 00 00 00
0x0000000108e0ae1f:   00 48 c7 87 84 01 00 00 00 00 00 00 48 c7 87 7c
0x0000000108e0ae2f:   01 00 00 00 00 00 00 c7 87 a4 01 00 00 ff ff ff
0x0000000108e0ae3f:   ff 48 85 d2 75 0e 48 8d 05 24 51 a7 00 48 8b 90
0x0000000108e0ae4f:   10 20 00 00 48 89 53 08 48 89 d7 e8 41 8f 74 00
0x0000000108e0ae5f:   48 8d 05 68 f7 a5 00 80 38 00 74 10 41 80 7f 28
0x0000000108e0ae6f:   00 74 21 48 8d 05 2f ed a1 00 eb 1f 48 8b 43 10
0x0000000108e0ae7f:   48 8b 78 08 48 85 ff 74 1c ff 15 e2 ba a1 00 48
0x0000000108e0ae8f:   89 c7 eb 13 48 8d 05 1a f6 a5 00 8a 00 24 01 4d
0x0000000108e0ae9f:   8d 67 28 eb 10 31 ff 4d 8d 67 28 41 0f b6 77 28
0x0000000108e0aeaf:   e8 dc 92 7e 00 88 83 98 01 00 00 41 88 04 24 4c
0x0000000108e0aebf:   8b 6b 10 48 8d 05 8f 6b a5 00 41 b4 01 4c 39 28
0x0000000108e0aecf:   74 1f 49 8b 7d 08 48 85 ff 74 16 ff 15 90 ba a1
0x0000000108e0aedf:   00 48 85 c0 74 0b 4c 89 ef e8 73 d9 00 00 41 89
0x0000000108e0aeef:   c4 48 8d 05 bd f5 a5 00 8a 00 48 8d 0d a8 ec a1
0x0000000108e0aeff:   00 8a 09 84 c0 74 09 84 c9 74 05 45 31 e4 eb 0f
0x0000000108e0af0f:   84 c9 0f 94 c1 84 c0 0f 95 c0 08 c8 41 08 c4 44
0x0000000108e0af1f:   88 a3 99 01 00 00 48 89 df 4c 89 fe 4c 89 f2 e8
0x0000000108e0af2f:   3d 00 00 00 49 83 7e 08 00 74 0f 48 83 c4 08 5b
0x0000000108e0af3f:   41 5c 41 5d 41 5e 41 5f 5d c3 48 8b 53 28 48 89
0x0000000108e0af4f:   df 4c 89 f1 48 83 c4 08 5b 41 5c 41 5d 41 5e 41
0x0000000108e0af5f:   5f 5d e9 2a 08 00 00 66 2e 0f 1f 84 00 00 00 00
0x0000000108e0af6f:   00 55 48 89 e5 41 57 41 56 41 55 41 54 53 48 81 


Stack slot to memory mapping:
stack at sp + 0 slots: 0x00007ff7b86422e0 is pointing into the stack for thread: 0x00007fca79033a00
stack at sp + 1 slots: 0x00007ff7b8641738 is pointing into the stack for thread: 0x00007fca79033a00
stack at sp + 2 slots: 0xf0fe32c9f0f971f6 is an unknown value
stack at sp + 3 slots: 0x00007fca79033a00 is a thread
stack at sp + 4 slots: 0x0000600003b31860 points into unknown readable memory: 0x6f630022ee4f0002 | 02 00 4f ee 22 00 63 6f
stack at sp + 5 slots: 0x00007ff7b86416f8 is pointing into the stack for thread: 0x00007fca79033a00
stack at sp + 6 slots: 0x00007ff7b8641630 is pointing into the stack for thread: 0x00007fca79033a00
stack at sp + 7 slots: 0x000000010921ed61: _ZN12KlassFactory18create_from_streamEP15ClassFileStreamP6SymbolP15ClassLoaderDataRK13ClassLoadInfoP10JavaThread+0xb1 in /Users/hubertkowal/.gradle/jdks/adoptium-18-x64-hotspot-mac/Contents/Home/lib/server/libjvm.dylib at 0x0000000108b1c000


---------------  P R O C E S S  ---------------

Threads class SMR info:
_java_thread_list=0x0000600003533d00, length=15, elements={
0x00007fca79813000, 0x00007fca7982a800, 0x00007fca78821c00, 0x00007fca7781f800,
0x00007fca7903a000, 0x00007fca79815600, 0x00007fca7982d000, 0x00007fca7982d600,
0x00007fca79835c00, 0x00007fca7903a600, 0x00007fca79010800, 0x00007fca78823600,
0x00007fca778cd000, 0x00007fca7886e800, 0x00007fca79033a00
}

Java Threads: ( => current thread )
  0x00007fca79813000 JavaThread "main" [_thread_blocked, id=6403, stack(0x0000700006827000,0x0000700006927000)]
  0x00007fca7982a800 JavaThread "Reference Handler" daemon [_thread_blocked, id=17155, stack(0x0000700006f3c000,0x000070000703c000)]
  0x00007fca78821c00 JavaThread "Finalizer" daemon [_thread_blocked, id=16643, stack(0x000070000703f000,0x000070000713f000)]
  0x00007fca7781f800 JavaThread "Signal Dispatcher" daemon [_thread_blocked, id=23299, stack(0x0000700007248000,0x0000700007348000)]
  0x00007fca7903a000 JavaThread "Service Thread" daemon [_thread_blocked, id=42499, stack(0x000070000734b000,0x000070000744b000)]
  0x00007fca79815600 JavaThread "Monitor Deflation Thread" daemon [_thread_blocked, id=41987, stack(0x000070000744e000,0x000070000754e000)]
  0x00007fca7982d000 JavaThread "C2 CompilerThread0" daemon [_thread_blocked, id=23811, stack(0x0000700007551000,0x0000700007651000)]
  0x00007fca7982d600 JavaThread "C1 CompilerThread0" daemon [_thread_blocked, id=24067, stack(0x0000700007654000,0x0000700007754000)]
  0x00007fca79835c00 JavaThread "Sweeper thread" daemon [_thread_blocked, id=24579, stack(0x0000700007757000,0x0000700007857000)]
  0x00007fca7903a600 JavaThread "Common-Cleaner" daemon [_thread_blocked, id=41475, stack(0x000070000785a000,0x000070000795a000)]
  0x00007fca79010800 JavaThread "Notification Thread" daemon [_thread_blocked, id=40963, stack(0x000070000795d000,0x0000700007a5d000)]
  0x00007fca78823600 JavaThread "JavaFX-Launcher" [_thread_blocked, id=25603, stack(0x0000700007b63000,0x0000700007c63000)]
  0x00007fca778cd000 JavaThread "QuantumRenderer-0" daemon [_thread_blocked, id=25859, stack(0x0000700007c66000,0x0000700007d66000)]
  0x00007fca7886e800 JavaThread "InvokeLaterDispatcher" daemon [_thread_blocked, id=29703, stack(0x0000700007d69000,0x0000700007e69000)]
=>0x00007fca79033a00 JavaThread "Thread-2" [_thread_in_native, id=259, stack(0x00007ff7b7e47000,0x00007ff7b8647000)]

Other Threads:
  0x00007fca78007150 VMThread "VM Thread" [stack: 0x0000700006e39000,0x0000700006f39000] [id=15107]
  0x00007fca7801ede0 WatcherThread "VM Periodic Task Thread" [stack: 0x0000700007a60000,0x0000700007b60000] [id=25091]
  0x00007fca78005f40 WorkerThread "GC Thread#0" [stack: 0x000070000692a000,0x0000700006a2a000] [id=11779]
  0x00007fca78204a20 ConcurrentGCThread "G1 Main Marker" [stack: 0x0000700006a2d000,0x0000700006b2d000] [id=12291]
  0x00007fca78205280 WorkerThread "G1 Conc#0" [stack: 0x0000700006b30000,0x0000700006c30000] [id=18435]
  0x00007fca783101b0 ConcurrentGCThread "G1 Refine#0" [stack: 0x0000700006c33000,0x0000700006d33000] [id=13059]
  0x00007fca77705690 ConcurrentGCThread "G1 Service" [stack: 0x0000700006d36000,0x0000700006e36000] [id=13571]

Threads with active compile tasks:

VM state: not at safepoint (normal execution)

VM Mutex/Monitor currently owned by a thread: None

Heap address: 0x0000000780000000, size: 2048 MB, Compressed Oops mode: Zero based, Oop shift amount: 3

CDS archive(s) mapped at: [0x0000000800000000-0x0000000800ba6000-0x0000000800ba6000), size 12214272, SharedBaseAddress: 0x0000000800000000, ArchiveRelocationMode: 0.
Compressed class space mapped at: 0x0000000800c00000-0x0000000840c00000, reserved size: 1073741824
Narrow klass base: 0x0000000800000000, Narrow klass shift: 0, Narrow klass range: 0x100000000

GC Precious Log:
 CardTable entry size: 512
 Card Set container configuration: InlinePtr #cards 5 size 8 Array Of Cards #cards 12 size 40 Howl #buckets 4 coarsen threshold 1843 Howl Bitmap #cards 512 size 80 coarsen threshold 460 Card regions per heap region 1 cards per card region 2048
 CPUs: 4 total, 4 available
 Memory: 8192M
 Large Page Support: Disabled
 NUMA Support: Disabled
 Compressed Oops: Enabled (Zero based)
 Heap Region Size: 1M
 Heap Min Capacity: 8M
 Heap Initial Capacity: 128M
 Heap Max Capacity: 2G
 Pre-touch: Disabled
 Parallel Workers: 4
 Concurrent Workers: 1
 Concurrent Refinement Workers: 4
 Periodic GC: Disabled

Heap:
 garbage-first heap   total 133120K, used 10136K [0x0000000780000000, 0x0000000800000000)
  region size 1024K, 11 young (11264K), 0 survivors (0K)
 Metaspace       used 2726K, committed 2816K, reserved 1114112K
  class space    used 284K, committed 320K, reserved 1048576K

Heap Regions: E=young(eden), S=young(survivor), O=old, HS=humongous(starts), HC=humongous(continues), CS=collection set, F=free, OA=open archive, CA=closed archive, TAMS=top-at-mark-start (previous, next)
|   0|0x0000000780000000, 0x0000000780000000, 0x0000000780100000|  0%| F|  |TAMS 0x0000000780000000, 0x0000000780000000| Untracked 
|   1|0x0000000780100000, 0x0000000780100000, 0x0000000780200000|  0%| F|  |TAMS 0x0000000780100000, 0x0000000780100000| Untracked 
|   2|0x0000000780200000, 0x0000000780200000, 0x0000000780300000|  0%| F|  |TAMS 0x0000000780200000, 0x0000000780200000| Untracked 
|   3|0x0000000780300000, 0x0000000780300000, 0x0000000780400000|  0%| F|  |TAMS 0x0000000780300000, 0x0000000780300000| Untracked 
|   4|0x0000000780400000, 0x0000000780400000, 0x0000000780500000|  0%| F|  |TAMS 0x0000000780400000, 0x0000000780400000| Untracked 
|   5|0x0000000780500000, 0x0000000780500000, 0x0000000780600000|  0%| F|  |TAMS 0x0000000780500000, 0x0000000780500000| Untracked 
|   6|0x0000000780600000, 0x0000000780600000, 0x0000000780700000|  0%| F|  |TAMS 0x0000000780600000, 0x0000000780600000| Untracked 
|   7|0x0000000780700000, 0x0000000780700000, 0x0000000780800000|  0%| F|  |TAMS 0x0000000780700000, 0x0000000780700000| Untracked 
|   8|0x0000000780800000, 0x0000000780800000, 0x0000000780900000|  0%| F|  |TAMS 0x0000000780800000, 0x0000000780800000| Untracked 
|   9|0x0000000780900000, 0x0000000780900000, 0x0000000780a00000|  0%| F|  |TAMS 0x0000000780900000, 0x0000000780900000| Untracked 
|  10|0x0000000780a00000, 0x0000000780a00000, 0x0000000780b00000|  0%| F|  |TAMS 0x0000000780a00000, 0x0000000780a00000| Untracked 
|  11|0x0000000780b00000, 0x0000000780b00000, 0x0000000780c00000|  0%| F|  |TAMS 0x0000000780b00000, 0x0000000780b00000| Untracked 
|  12|0x0000000780c00000, 0x0000000780c00000, 0x0000000780d00000|  0%| F|  |TAMS 0x0000000780c00000, 0x0000000780c00000| Untracked 
|  13|0x0000000780d00000, 0x0000000780d00000, 0x0000000780e00000|  0%| F|  |TAMS 0x0000000780d00000, 0x0000000780d00000| Untracked 
|  14|0x0000000780e00000, 0x0000000780e00000, 0x0000000780f00000|  0%| F|  |TAMS 0x0000000780e00000, 0x0000000780e00000| Untracked 
|  15|0x0000000780f00000, 0x0000000780f00000, 0x0000000781000000|  0%| F|  |TAMS 0x0000000780f00000, 0x0000000780f00000| Untracked 
|  16|0x0000000781000000, 0x0000000781000000, 0x0000000781100000|  0%| F|  |TAMS 0x0000000781000000, 0x0000000781000000| Untracked 
|  17|0x0000000781100000, 0x0000000781100000, 0x0000000781200000|  0%| F|  |TAMS 0x0000000781100000, 0x0000000781100000| Untracked 
|  18|0x0000000781200000, 0x0000000781200000, 0x0000000781300000|  0%| F|  |TAMS 0x0000000781200000, 0x0000000781200000| Untracked 
|  19|0x0000000781300000, 0x0000000781300000, 0x0000000781400000|  0%| F|  |TAMS 0x0000000781300000, 0x0000000781300000| Untracked 
|  20|0x0000000781400000, 0x0000000781400000, 0x0000000781500000|  0%| F|  |TAMS 0x0000000781400000, 0x0000000781400000| Untracked 
|  21|0x0000000781500000, 0x0000000781500000, 0x0000000781600000|  0%| F|  |TAMS 0x0000000781500000, 0x0000000781500000| Untracked 
|  22|0x0000000781600000, 0x0000000781600000, 0x0000000781700000|  0%| F|  |TAMS 0x0000000781600000, 0x0000000781600000| Untracked 
|  23|0x0000000781700000, 0x0000000781700000, 0x0000000781800000|  0%| F|  |TAMS 0x0000000781700000, 0x0000000781700000| Untracked 
|  24|0x0000000781800000, 0x0000000781800000, 0x0000000781900000|  0%| F|  |TAMS 0x0000000781800000, 0x0000000781800000| Untracked 
|  25|0x0000000781900000, 0x0000000781900000, 0x0000000781a00000|  0%| F|  |TAMS 0x0000000781900000, 0x0000000781900000| Untracked 
|  26|0x0000000781a00000, 0x0000000781a00000, 0x0000000781b00000|  0%| F|  |TAMS 0x0000000781a00000, 0x0000000781a00000| Untracked 
|  27|0x0000000781b00000, 0x0000000781b00000, 0x0000000781c00000|  0%| F|  |TAMS 0x0000000781b00000, 0x0000000781b00000| Untracked 
|  28|0x0000000781c00000, 0x0000000781c00000, 0x0000000781d00000|  0%| F|  |TAMS 0x0000000781c00000, 0x0000000781c00000| Untracked 
|  29|0x0000000781d00000, 0x0000000781d00000, 0x0000000781e00000|  0%| F|  |TAMS 0x0000000781d00000, 0x0000000781d00000| Untracked 
|  30|0x0000000781e00000, 0x0000000781e00000, 0x0000000781f00000|  0%| F|  |TAMS 0x0000000781e00000, 0x0000000781e00000| Untracked 
|  31|0x0000000781f00000, 0x0000000781f00000, 0x0000000782000000|  0%| F|  |TAMS 0x0000000781f00000, 0x0000000781f00000| Untracked 
|  32|0x0000000782000000, 0x0000000782000000, 0x0000000782100000|  0%| F|  |TAMS 0x0000000782000000, 0x0000000782000000| Untracked 
|  33|0x0000000782100000, 0x0000000782100000, 0x0000000782200000|  0%| F|  |TAMS 0x0000000782100000, 0x0000000782100000| Untracked 
|  34|0x0000000782200000, 0x0000000782200000, 0x0000000782300000|  0%| F|  |TAMS 0x0000000782200000, 0x0000000782200000| Untracked 
|  35|0x0000000782300000, 0x0000000782300000, 0x0000000782400000|  0%| F|  |TAMS 0x0000000782300000, 0x0000000782300000| Untracked 
|  36|0x0000000782400000, 0x0000000782400000, 0x0000000782500000|  0%| F|  |TAMS 0x0000000782400000, 0x0000000782400000| Untracked 
|  37|0x0000000782500000, 0x0000000782500000, 0x0000000782600000|  0%| F|  |TAMS 0x0000000782500000, 0x0000000782500000| Untracked 
|  38|0x0000000782600000, 0x0000000782600000, 0x0000000782700000|  0%| F|  |TAMS 0x0000000782600000, 0x0000000782600000| Untracked 
|  39|0x0000000782700000, 0x0000000782700000, 0x0000000782800000|  0%| F|  |TAMS 0x0000000782700000, 0x0000000782700000| Untracked 
|  40|0x0000000782800000, 0x0000000782800000, 0x0000000782900000|  0%| F|  |TAMS 0x0000000782800000, 0x0000000782800000| Untracked 
|  41|0x0000000782900000, 0x0000000782900000, 0x0000000782a00000|  0%| F|  |TAMS 0x0000000782900000, 0x0000000782900000| Untracked 
|  42|0x0000000782a00000, 0x0000000782a00000, 0x0000000782b00000|  0%| F|  |TAMS 0x0000000782a00000, 0x0000000782a00000| Untracked 
|  43|0x0000000782b00000, 0x0000000782b00000, 0x0000000782c00000|  0%| F|  |TAMS 0x0000000782b00000, 0x0000000782b00000| Untracked 
|  44|0x0000000782c00000, 0x0000000782c00000, 0x0000000782d00000|  0%| F|  |TAMS 0x0000000782c00000, 0x0000000782c00000| Untracked 
|  45|0x0000000782d00000, 0x0000000782d00000, 0x0000000782e00000|  0%| F|  |TAMS 0x0000000782d00000, 0x0000000782d00000| Untracked 
|  46|0x0000000782e00000, 0x0000000782e00000, 0x0000000782f00000|  0%| F|  |TAMS 0x0000000782e00000, 0x0000000782e00000| Untracked 
|  47|0x0000000782f00000, 0x0000000782f00000, 0x0000000783000000|  0%| F|  |TAMS 0x0000000782f00000, 0x0000000782f00000| Untracked 
|  48|0x0000000783000000, 0x0000000783000000, 0x0000000783100000|  0%| F|  |TAMS 0x0000000783000000, 0x0000000783000000| Untracked 
|  49|0x0000000783100000, 0x0000000783100000, 0x0000000783200000|  0%| F|  |TAMS 0x0000000783100000, 0x0000000783100000| Untracked 
|  50|0x0000000783200000, 0x0000000783200000, 0x0000000783300000|  0%| F|  |TAMS 0x0000000783200000, 0x0000000783200000| Untracked 
|  51|0x0000000783300000, 0x0000000783300000, 0x0000000783400000|  0%| F|  |TAMS 0x0000000783300000, 0x0000000783300000| Untracked 
|  52|0x0000000783400000, 0x0000000783400000, 0x0000000783500000|  0%| F|  |TAMS 0x0000000783400000, 0x0000000783400000| Untracked 
|  53|0x0000000783500000, 0x0000000783500000, 0x0000000783600000|  0%| F|  |TAMS 0x0000000783500000, 0x0000000783500000| Untracked 
|  54|0x0000000783600000, 0x0000000783600000, 0x0000000783700000|  0%| F|  |TAMS 0x0000000783600000, 0x0000000783600000| Untracked 
|  55|0x0000000783700000, 0x0000000783700000, 0x0000000783800000|  0%| F|  |TAMS 0x0000000783700000, 0x0000000783700000| Untracked 
|  56|0x0000000783800000, 0x0000000783800000, 0x0000000783900000|  0%| F|  |TAMS 0x0000000783800000, 0x0000000783800000| Untracked 
|  57|0x0000000783900000, 0x0000000783900000, 0x0000000783a00000|  0%| F|  |TAMS 0x0000000783900000, 0x0000000783900000| Untracked 
|  58|0x0000000783a00000, 0x0000000783a00000, 0x0000000783b00000|  0%| F|  |TAMS 0x0000000783a00000, 0x0000000783a00000| Untracked 
|  59|0x0000000783b00000, 0x0000000783b00000, 0x0000000783c00000|  0%| F|  |TAMS 0x0000000783b00000, 0x0000000783b00000| Untracked 
|  60|0x0000000783c00000, 0x0000000783c00000, 0x0000000783d00000|  0%| F|  |TAMS 0x0000000783c00000, 0x0000000783c00000| Untracked 
|  61|0x0000000783d00000, 0x0000000783d00000, 0x0000000783e00000|  0%| F|  |TAMS 0x0000000783d00000, 0x0000000783d00000| Untracked 
|  62|0x0000000783e00000, 0x0000000783e00000, 0x0000000783f00000|  0%| F|  |TAMS 0x0000000783e00000, 0x0000000783e00000| Untracked 
|  63|0x0000000783f00000, 0x0000000783f00000, 0x0000000784000000|  0%| F|  |TAMS 0x0000000783f00000, 0x0000000783f00000| Untracked 
|  64|0x0000000784000000, 0x0000000784000000, 0x0000000784100000|  0%| F|  |TAMS 0x0000000784000000, 0x0000000784000000| Untracked 
|  65|0x0000000784100000, 0x0000000784100000, 0x0000000784200000|  0%| F|  |TAMS 0x0000000784100000, 0x0000000784100000| Untracked 
|  66|0x0000000784200000, 0x0000000784200000, 0x0000000784300000|  0%| F|  |TAMS 0x0000000784200000, 0x0000000784200000| Untracked 
|  67|0x0000000784300000, 0x0000000784300000, 0x0000000784400000|  0%| F|  |TAMS 0x0000000784300000, 0x0000000784300000| Untracked 
|  68|0x0000000784400000, 0x0000000784400000, 0x0000000784500000|  0%| F|  |TAMS 0x0000000784400000, 0x0000000784400000| Untracked 
|  69|0x0000000784500000, 0x0000000784500000, 0x0000000784600000|  0%| F|  |TAMS 0x0000000784500000, 0x0000000784500000| Untracked 
|  70|0x0000000784600000, 0x0000000784600000, 0x0000000784700000|  0%| F|  |TAMS 0x0000000784600000, 0x0000000784600000| Untracked 
|  71|0x0000000784700000, 0x0000000784700000, 0x0000000784800000|  0%| F|  |TAMS 0x0000000784700000, 0x0000000784700000| Untracked 
|  72|0x0000000784800000, 0x0000000784800000, 0x0000000784900000|  0%| F|  |TAMS 0x0000000784800000, 0x0000000784800000| Untracked 
|  73|0x0000000784900000, 0x0000000784900000, 0x0000000784a00000|  0%| F|  |TAMS 0x0000000784900000, 0x0000000784900000| Untracked 
|  74|0x0000000784a00000, 0x0000000784a00000, 0x0000000784b00000|  0%| F|  |TAMS 0x0000000784a00000, 0x0000000784a00000| Untracked 
|  75|0x0000000784b00000, 0x0000000784b00000, 0x0000000784c00000|  0%| F|  |TAMS 0x0000000784b00000, 0x0000000784b00000| Untracked 
|  76|0x0000000784c00000, 0x0000000784c00000, 0x0000000784d00000|  0%| F|  |TAMS 0x0000000784c00000, 0x0000000784c00000| Untracked 
|  77|0x0000000784d00000, 0x0000000784d00000, 0x0000000784e00000|  0%| F|  |TAMS 0x0000000784d00000, 0x0000000784d00000| Untracked 
|  78|0x0000000784e00000, 0x0000000784e00000, 0x0000000784f00000|  0%| F|  |TAMS 0x0000000784e00000, 0x0000000784e00000| Untracked 
|  79|0x0000000784f00000, 0x0000000784f00000, 0x0000000785000000|  0%| F|  |TAMS 0x0000000784f00000, 0x0000000784f00000| Untracked 
|  80|0x0000000785000000, 0x0000000785000000, 0x0000000785100000|  0%| F|  |TAMS 0x0000000785000000, 0x0000000785000000| Untracked 
|  81|0x0000000785100000, 0x0000000785100000, 0x0000000785200000|  0%| F|  |TAMS 0x0000000785100000, 0x0000000785100000| Untracked 
|  82|0x0000000785200000, 0x0000000785200000, 0x0000000785300000|  0%| F|  |TAMS 0x0000000785200000, 0x0000000785200000| Untracked 
|  83|0x0000000785300000, 0x0000000785300000, 0x0000000785400000|  0%| F|  |TAMS 0x0000000785300000, 0x0000000785300000| Untracked 
|  84|0x0000000785400000, 0x0000000785400000, 0x0000000785500000|  0%| F|  |TAMS 0x0000000785400000, 0x0000000785400000| Untracked 
|  85|0x0000000785500000, 0x0000000785500000, 0x0000000785600000|  0%| F|  |TAMS 0x0000000785500000, 0x0000000785500000| Untracked 
|  86|0x0000000785600000, 0x0000000785600000, 0x0000000785700000|  0%| F|  |TAMS 0x0000000785600000, 0x0000000785600000| Untracked 
|  87|0x0000000785700000, 0x0000000785700000, 0x0000000785800000|  0%| F|  |TAMS 0x0000000785700000, 0x0000000785700000| Untracked 
|  88|0x0000000785800000, 0x0000000785800000, 0x0000000785900000|  0%| F|  |TAMS 0x0000000785800000, 0x0000000785800000| Untracked 
|  89|0x0000000785900000, 0x0000000785900000, 0x0000000785a00000|  0%| F|  |TAMS 0x0000000785900000, 0x0000000785900000| Untracked 
|  90|0x0000000785a00000, 0x0000000785a00000, 0x0000000785b00000|  0%| F|  |TAMS 0x0000000785a00000, 0x0000000785a00000| Untracked 
|  91|0x0000000785b00000, 0x0000000785b00000, 0x0000000785c00000|  0%| F|  |TAMS 0x0000000785b00000, 0x0000000785b00000| Untracked 
|  92|0x0000000785c00000, 0x0000000785c00000, 0x0000000785d00000|  0%| F|  |TAMS 0x0000000785c00000, 0x0000000785c00000| Untracked 
|  93|0x0000000785d00000, 0x0000000785d00000, 0x0000000785e00000|  0%| F|  |TAMS 0x0000000785d00000, 0x0000000785d00000| Untracked 
|  94|0x0000000785e00000, 0x0000000785e00000, 0x0000000785f00000|  0%| F|  |TAMS 0x0000000785e00000, 0x0000000785e00000| Untracked 
|  95|0x0000000785f00000, 0x0000000785f00000, 0x0000000786000000|  0%| F|  |TAMS 0x0000000785f00000, 0x0000000785f00000| Untracked 
|  96|0x0000000786000000, 0x0000000786000000, 0x0000000786100000|  0%| F|  |TAMS 0x0000000786000000, 0x0000000786000000| Untracked 
|  97|0x0000000786100000, 0x0000000786100000, 0x0000000786200000|  0%| F|  |TAMS 0x0000000786100000, 0x0000000786100000| Untracked 
|  98|0x0000000786200000, 0x0000000786200000, 0x0000000786300000|  0%| F|  |TAMS 0x0000000786200000, 0x0000000786200000| Untracked 
|  99|0x0000000786300000, 0x0000000786300000, 0x0000000786400000|  0%| F|  |TAMS 0x0000000786300000, 0x0000000786300000| Untracked 
| 100|0x0000000786400000, 0x0000000786400000, 0x0000000786500000|  0%| F|  |TAMS 0x0000000786400000, 0x0000000786400000| Untracked 
| 101|0x0000000786500000, 0x0000000786500000, 0x0000000786600000|  0%| F|  |TAMS 0x0000000786500000, 0x0000000786500000| Untracked 
| 102|0x0000000786600000, 0x0000000786600000, 0x0000000786700000|  0%| F|  |TAMS 0x0000000786600000, 0x0000000786600000| Untracked 
| 103|0x0000000786700000, 0x0000000786700000, 0x0000000786800000|  0%| F|  |TAMS 0x0000000786700000, 0x0000000786700000| Untracked 
| 104|0x0000000786800000, 0x0000000786800000, 0x0000000786900000|  0%| F|  |TAMS 0x0000000786800000, 0x0000000786800000| Untracked 
| 105|0x0000000786900000, 0x0000000786900000, 0x0000000786a00000|  0%| F|  |TAMS 0x0000000786900000, 0x0000000786900000| Untracked 
| 106|0x0000000786a00000, 0x0000000786a00000, 0x0000000786b00000|  0%| F|  |TAMS 0x0000000786a00000, 0x0000000786a00000| Untracked 
| 107|0x0000000786b00000, 0x0000000786b00000, 0x0000000786c00000|  0%| F|  |TAMS 0x0000000786b00000, 0x0000000786b00000| Untracked 
| 108|0x0000000786c00000, 0x0000000786c00000, 0x0000000786d00000|  0%| F|  |TAMS 0x0000000786c00000, 0x0000000786c00000| Untracked 
| 109|0x0000000786d00000, 0x0000000786d00000, 0x0000000786e00000|  0%| F|  |TAMS 0x0000000786d00000, 0x0000000786d00000| Untracked 
| 110|0x0000000786e00000, 0x0000000786e00000, 0x0000000786f00000|  0%| F|  |TAMS 0x0000000786e00000, 0x0000000786e00000| Untracked 
| 111|0x0000000786f00000, 0x0000000786f00000, 0x0000000787000000|  0%| F|  |TAMS 0x0000000786f00000, 0x0000000786f00000| Untracked 
| 112|0x0000000787000000, 0x0000000787000000, 0x0000000787100000|  0%| F|  |TAMS 0x0000000787000000, 0x0000000787000000| Untracked 
| 113|0x0000000787100000, 0x0000000787100000, 0x0000000787200000|  0%| F|  |TAMS 0x0000000787100000, 0x0000000787100000| Untracked 
| 114|0x0000000787200000, 0x0000000787200000, 0x0000000787300000|  0%| F|  |TAMS 0x0000000787200000, 0x0000000787200000| Untracked 
| 115|0x0000000787300000, 0x0000000787300000, 0x0000000787400000|  0%| F|  |TAMS 0x0000000787300000, 0x0000000787300000| Untracked 
| 116|0x0000000787400000, 0x0000000787400000, 0x0000000787500000|  0%| F|  |TAMS 0x0000000787400000, 0x0000000787400000| Untracked 
| 117|0x0000000787500000, 0x0000000787543130, 0x0000000787600000| 26%| E|  |TAMS 0x0000000787500000, 0x0000000787500000| Complete 
| 118|0x0000000787600000, 0x0000000787700000, 0x0000000787700000|100%| E|CS|TAMS 0x0000000787600000, 0x0000000787600000| Complete 
| 119|0x0000000787700000, 0x0000000787800000, 0x0000000787800000|100%| E|CS|TAMS 0x0000000787700000, 0x0000000787700000| Complete 
| 120|0x0000000787800000, 0x0000000787900000, 0x0000000787900000|100%| E|CS|TAMS 0x0000000787800000, 0x0000000787800000| Complete 
| 121|0x0000000787900000, 0x0000000787a00000, 0x0000000787a00000|100%| E|CS|TAMS 0x0000000787900000, 0x0000000787900000| Complete 
| 122|0x0000000787a00000, 0x0000000787b00000, 0x0000000787b00000|100%| E|CS|TAMS 0x0000000787a00000, 0x0000000787a00000| Complete 
| 123|0x0000000787b00000, 0x0000000787c00000, 0x0000000787c00000|100%| E|CS|TAMS 0x0000000787b00000, 0x0000000787b00000| Complete 
| 124|0x0000000787c00000, 0x0000000787d00000, 0x0000000787d00000|100%| E|  |TAMS 0x0000000787c00000, 0x0000000787c00000| Complete 
| 125|0x0000000787d00000, 0x0000000787e00000, 0x0000000787e00000|100%| E|CS|TAMS 0x0000000787d00000, 0x0000000787d00000| Complete 
| 126|0x0000000787e00000, 0x0000000787f00000, 0x0000000787f00000|100%| E|CS|TAMS 0x0000000787e00000, 0x0000000787e00000| Complete 
| 127|0x0000000787f00000, 0x0000000788000000, 0x0000000788000000|100%| E|CS|TAMS 0x0000000787f00000, 0x0000000787f00000| Complete 
|2046|0x00000007ffe00000, 0x00000007ffe74000, 0x00000007fff00000| 45%|OA|  |TAMS 0x00000007ffe00000, 0x00000007ffe00000| Untracked 
|2047|0x00000007fff00000, 0x00000007fff72000, 0x0000000800000000| 44%|CA|  |TAMS 0x00000007fff00000, 0x00000007fff00000| Untracked 

Card table byte_map: [0x0000000108078000,0x0000000108478000] _byte_map_base: 0x0000000104478000

Marking Bits (Prev, Next): (CMBitMap*) 0x00007fca79011c10, (CMBitMap*) 0x00007fca79011c50
 Prev Bits: [0x0000000109c96000, 0x000000010bc96000)
 Next Bits: [0x000000010bc96000, 0x000000010dc96000)

Polling page: 0x00000001079f4000

Metaspace:

Usage:
  Non-class:      2.39 MB used.
      Class:    284.28 KB used.
       Both:      2.66 MB used.

Virtual space:
  Non-class space:       64.00 MB reserved,       2.44 MB (  4%) committed,  1 nodes.
      Class space:        1.00 GB reserved,     320.00 KB ( <1%) committed,  1 nodes.
             Both:        1.06 GB reserved,       2.75 MB ( <1%) committed. 

Chunk freelists:
   Non-Class:  2.88 MB
       Class:  3.56 MB
        Both:  6.44 MB

MaxMetaspaceSize: unlimited
CompressedClassSpaceSize: 1.00 GB
Initial GC threshold: 21.00 MB
Current GC threshold: 21.00 MB
CDS: on
MetaspaceReclaimPolicy: balanced
 - commit_granule_bytes: 65536.
 - commit_granule_words: 8192.
 - virtual_space_node_default_size: 8388608.
 - enlarge_chunks_in_place: 1.
 - new_chunks_are_fully_committed: 0.
 - uncommit_free_chunks: 1.
 - use_allocation_guard: 0.


Internal statistics:

num_allocs_failed_limit: 0.
num_arena_births: 74.
num_arena_deaths: 0.
num_vsnodes_births: 2.
num_vsnodes_deaths: 0.
num_space_committed: 44.
num_space_uncommitted: 0.
num_chunks_returned_to_freelist: 0.
num_chunks_taken_from_freelist: 155.
num_chunk_merges: 0.
num_chunk_splits: 91.
num_chunks_enlarged: 59.
num_inconsistent_stats: 0.

CodeHeap 'non-profiled nmethods': size=120032Kb used=206Kb max_used=206Kb free=119825Kb
 bounds [0x000000011ed6b000, 0x000000011efdb000, 0x00000001262a3000]
CodeHeap 'profiled nmethods': size=120028Kb used=949Kb max_used=949Kb free=119078Kb
 bounds [0x0000000117834000, 0x0000000117aa4000, 0x000000011ed6b000]
CodeHeap 'non-nmethods': size=5700Kb used=1180Kb max_used=1196Kb free=4519Kb
 bounds [0x00000001172a3000, 0x0000000117513000, 0x0000000117834000]
 total_blobs=1120 nmethods=650 adapters=384
 compilation: enabled
              stopped_count=0, restarted_count=0
 full_count=0

Compilation events (20 events):
Event: 0.482 Thread 0x00007fca7982d600 nmethod 642 0x000000011791da10 code [0x000000011791dbc0, 0x000000011791de60]
Event: 0.482 Thread 0x00007fca7982d000 nmethod 640 0x000000011ed9cb90 code [0x000000011ed9cd20, 0x000000011ed9ce38]
Event: 0.482 Thread 0x00007fca7982d000  641       4       sun.security.provider.MD5::implCompress0 (1407 bytes)
Event: 0.485 Thread 0x00007fca7982d600  643       3       java.io.FilterInputStream::read (9 bytes)
Event: 0.485 Thread 0x00007fca7982d600 nmethod 643 0x000000011791df90 code [0x000000011791e140, 0x000000011791e320]
Event: 0.487 Thread 0x00007fca7982d600  644       3       jdk.internal.org.objectweb.asm.SymbolTable$Entry::<init> (18 bytes)
Event: 0.487 Thread 0x00007fca7982d600 nmethod 644 0x000000011791e410 code [0x000000011791e5c0, 0x000000011791e740]
Event: 0.489 Thread 0x00007fca7982d600  645       3       jdk.internal.org.objectweb.asm.ByteVector::enlarge (51 bytes)
Event: 0.489 Thread 0x00007fca7982d600 nmethod 645 0x000000011791e810 code [0x000000011791e9c0, 0x000000011791ece0]
Event: 0.490 Thread 0x00007fca7982d600  646       3       java.lang.invoke.MemberName$Factory::resolveOrFail (79 bytes)
Event: 0.491 Thread 0x00007fca7982d600 nmethod 646 0x000000011791ee10 code [0x000000011791f020, 0x000000011791f730]
Event: 0.491 Thread 0x00007fca7982d600  647       1       java.lang.invoke.InfoFromMemberName::getReferenceKind (5 bytes)
Event: 0.491 Thread 0x00007fca7982d600 nmethod 647 0x000000011ed9cf90 code [0x000000011ed9d120, 0x000000011ed9d1f0]
Event: 0.503 Thread 0x00007fca7982d000 nmethod 641 0x000000011ed9d290 code [0x000000011ed9d420, 0x000000011ed9e0f8]
Event: 0.503 Thread 0x00007fca7982d000  648       4       java.lang.invoke.MethodType::parameterCount (6 bytes)
Event: 0.504 Thread 0x00007fca7982d000 nmethod 648 0x000000011ed9e390 code [0x000000011ed9e520, 0x000000011ed9e5b8]
Event: 0.566 Thread 0x00007fca7982d600  649       3       java.util.WeakHashMap::remove (131 bytes)
Event: 0.568 Thread 0x00007fca7982d600 nmethod 649 0x000000011791f990 code [0x000000011791fbe0, 0x0000000117920750]
Event: 0.664 Thread 0x00007fca7982d600  650       3       java.lang.invoke.MethodHandles$Lookup::<init> (84 bytes)
Event: 0.664 Thread 0x00007fca7982d600 nmethod 650 0x0000000117920b90 code [0x0000000117920d40, 0x0000000117920f90]

GC Heap History (0 events):
No events

Deoptimization events (14 events):
Event: 0.169 Thread 0x00007fca79813000 Uncommon trap: trap_request=0xffffff45 fr.pc=0x000000011ed76da0 relative=0x0000000000000080
Event: 0.169 Thread 0x00007fca79813000 Uncommon trap: reason=unstable_if action=reinterpret pc=0x000000011ed76da0 method=java.lang.CharacterDataLatin1.isJavaIdentifierPart(I)Z @ 11 c2
Event: 0.169 Thread 0x00007fca79813000 DEOPT PACKING pc=0x000000011ed76da0 sp=0x00007000069254a0
Event: 0.169 Thread 0x00007fca79813000 DEOPT UNPACKING pc=0x00000001172f5099 sp=0x0000700006925438 mode 2
Event: 0.241 Thread 0x00007fca78823600 DEOPT PACKING pc=0x0000000117871d3f sp=0x0000700007c617e0
Event: 0.241 Thread 0x00007fca78823600 DEOPT UNPACKING pc=0x00000001172f582f sp=0x0000700007c60c90 mode 0
Event: 0.266 Thread 0x00007fca78823600 Uncommon trap: trap_request=0xfffffff4 fr.pc=0x000000011ed771c8 relative=0x00000000000001a8
Event: 0.266 Thread 0x00007fca78823600 Uncommon trap: reason=null_check action=make_not_entrant pc=0x000000011ed771c8 method=java.lang.String.equals(Ljava/lang/Object;)Z @ 8 c2
Event: 0.266 Thread 0x00007fca78823600 DEOPT PACKING pc=0x000000011ed771c8 sp=0x0000700007c620b0
Event: 0.266 Thread 0x00007fca78823600 DEOPT UNPACKING pc=0x00000001172f5099 sp=0x0000700007c62078 mode 2
Event: 0.346 Thread 0x00007fca778cd000 Uncommon trap: trap_request=0xffffff45 fr.pc=0x000000011ed78b0c relative=0x000000000000074c
Event: 0.346 Thread 0x00007fca778cd000 Uncommon trap: reason=unstable_if action=reinterpret pc=0x000000011ed78b0c method=java.lang.String.isEmpty()Z @ 5 c2
Event: 0.346 Thread 0x00007fca778cd000 DEOPT PACKING pc=0x000000011ed78b0c sp=0x0000700007d64d10
Event: 0.346 Thread 0x00007fca778cd000 DEOPT UNPACKING pc=0x00000001172f5099 sp=0x0000700007d64c70 mode 2

Classes loaded (20 events):
Event: 0.372 Loading class java/lang/constant/DirectMethodHandleDesc$1
Event: 0.372 Loading class java/lang/constant/DirectMethodHandleDesc$1 done
Event: 0.372 Loading class java/lang/constant/PrimitiveClassDescImpl
Event: 0.372 Loading class java/lang/constant/DynamicConstantDesc
Event: 0.372 Loading class java/lang/constant/DynamicConstantDesc done
Event: 0.372 Loading class java/lang/constant/PrimitiveClassDescImpl done
Event: 0.372 Loading class java/lang/constant/DynamicConstantDesc$AnonymousDynamicConstantDesc
Event: 0.372 Loading class java/lang/constant/DynamicConstantDesc$AnonymousDynamicConstantDesc done
Event: 0.389 Loading class sun/security/provider/ByteArrayAccess
Event: 0.389 Loading class sun/security/provider/ByteArrayAccess done
Event: 0.453 Loading class java/util/concurrent/locks/AbstractQueuedSynchronizer$ConditionNode
Event: 0.453 Loading class java/util/concurrent/ForkJoinPool$ManagedBlocker
Event: 0.453 Loading class java/util/concurrent/ForkJoinPool$ManagedBlocker done
Event: 0.453 Loading class java/util/concurrent/locks/AbstractQueuedSynchronizer$ConditionNode done
Event: 0.488 Loading class java/util/concurrent/BlockingDeque
Event: 0.488 Loading class java/util/concurrent/BlockingDeque done
Event: 0.488 Loading class java/util/concurrent/LinkedBlockingDeque
Event: 0.488 Loading class java/util/concurrent/LinkedBlockingDeque done
Event: 0.659 Loading class java/util/concurrent/LinkedBlockingDeque$Node
Event: 0.659 Loading class java/util/concurrent/LinkedBlockingDeque$Node done

Classes unloaded (0 events):
No events

Classes redefined (0 events):
No events

Internal exceptions (7 events):
Event: 0.210 Thread 0x00007fca79813000 Exception <a 'java/lang/NoSuchMethodError'{0x0000000787cdbea8}: 'java.lang.Object java.lang.invoke.DirectMethodHandle$Holder.invokeStaticInit(java.lang.Object)'> (0x0000000787cdbea8) 
thrown [src/hotspot/share/interpreter/linkResolver.cpp, line 759]
Event: 0.219 Thread 0x00007fca79813000 Exception <a 'java/lang/NoSuchMethodError'{0x0000000787cf9538}: 'java.lang.Object java.lang.invoke.DirectMethodHandle$Holder.newInvokeSpecial(java.lang.Object, java.lang.Object, java.lang.Object, java.lang.Object, java.lang.Object)'> (0x0000000787cf9538) 
thrown [src/hotspot/share/interpreter/linkResolver.cpp, line 759]
Event: 0.221 Thread 0x00007fca78823600 Exception <a 'java/lang/NoSuchMethodError'{0x0000000787b4a788}: 'void java.lang.invoke.DirectMethodHandle$Holder.invokeStatic(java.lang.Object, java.lang.Object)'> (0x0000000787b4a788) 
thrown [src/hotspot/share/interpreter/linkResolver.cpp, line 759]
Event: 0.266 Thread 0x00007fca78823600 Implicit null exception at 0x000000011ed77055 to 0x000000011ed771b8
Event: 0.295 Thread 0x00007fca78823600 Exception <a 'java/lang/NoSuchMethodError'{0x00000007879e1200}: 'void java.lang.invoke.DirectMethodHandle$Holder.invokeSpecial(java.lang.Object, java.lang.Object, java.lang.Object)'> (0x00000007879e1200) 
thrown [src/hotspot/share/interpreter/linkResolver.cpp, line 759]
Event: 0.310 Thread 0x00007fca78823600 Exception <a 'java/lang/NoSuchMethodError'{0x000000078781e728}: 'void java.lang.invoke.DirectMethodHandle$Holder.invokeStatic(java.lang.Object, java.lang.Object, java.lang.Object)'> (0x000000078781e728) 
thrown [src/hotspot/share/interpreter/linkResolver.cpp, line 759]
Event: 0.454 Thread 0x00007fca78823600 Exception <a 'java/lang/NoSuchMethodError'{0x000000078783b048}: 'int java.lang.invoke.DirectMethodHandle$Holder.invokeStaticInit(java.lang.Object, java.lang.Object, java.lang.Object)'> (0x000000078783b048) 
thrown [src/hotspot/share/interpreter/linkResolver.cpp, line 759]

VM Operations (4 events):
Event: 0.178 Executing VM operation: HandshakeAllThreads
Event: 0.178 Executing VM operation: HandshakeAllThreads done
Event: 0.178 Executing VM operation: HandshakeAllThreads
Event: 0.178 Executing VM operation: HandshakeAllThreads done

Events (20 events):
Event: 0.089 Protecting memory [0x000070000785a000,0x000070000785e000] with protection modes 0
Event: 0.110 Loaded shared library /Users/hubertkowal/.gradle/jdks/adoptium-18-x64-hotspot-mac/Contents/Home/lib/libzip.dylib
Event: 0.196 Thread 0x00007fca79010800 Thread added: 0x00007fca79010800
Event: 0.196 Protecting memory [0x000070000795d000,0x0000700007961000] with protection modes 0
Event: 0.221 Thread 0x00007fca78823600 Thread added: 0x00007fca78823600
Event: 0.221 Protecting memory [0x0000700007b63000,0x0000700007b67000] with protection modes 0
Event: 0.312 Thread 0x00007fca778cd000 Thread added: 0x00007fca778cd000
Event: 0.312 Protecting memory [0x0000700007c66000,0x0000700007c6a000] with protection modes 0
Event: 0.345 Loading shared library /Users/hubertkowal/.gradle/caches/modules-2/files-2.1/org.openjfx/javafx-graphics/17/8b1d1124ce83e874db390016913fba7708f3592d/libprism_es2.dylib failed, dlopen(/Users/hubertkowal/.gradle/caches/modules-2/files-2.1/org.openjfx/javafx
Event: 0.400 Loaded shared library /Users/hubertkowal/.openjfx/cache/17/libprism_es2.dylib
Event: 0.475 Loading shared library /Users/hubertkowal/.gradle/caches/modules-2/files-2.1/org.openjfx/javafx-graphics/17/8b1d1124ce83e874db390016913fba7708f3592d/libglass.dylib failed, dlopen(/Users/hubertkowal/.gradle/caches/modules-2/files-2.1/org.openjfx/javafx-gra
Event: 0.486 Loaded shared library /Users/hubertkowal/.openjfx/cache/17/libglass.dylib
Event: 0.489 Thread 0x00007fca7886e800 Thread added: 0x00007fca7886e800
Event: 0.489 Protecting memory [0x0000700007d69000,0x0000700007d6d000] with protection modes 0
Event: 0.491 Protecting memory [0x00007ff7b7e47000,0x00007ff7b7e4b000] with protection modes 0
Event: 0.491 Thread 0x00007fca79033a00 Thread added: 0x00007fca79033a00
Event: 0.568 Thread 0x00007fca7795ee00 Thread added: 0x00007fca7795ee00
Event: 0.569 Protecting memory [0x0000700007e6c000,0x0000700007e70000] with protection modes 0
Event: 0.659 Protecting memory [0x0000700007e6c000,0x0000700007e70000] with protection modes 3
Event: 0.659 Thread 0x00007fca7795ee00 Thread exited: 0x00007fca7795ee00


Dynamic libraries:
0x00000001079d6000 	/Users/hubertkowal/.gradle/jdks/adoptium-18-x64-hotspot-mac/Contents/Home/lib/libjli.dylib
0x00007ff821d0e000 	/usr/lib/libz.1.dylib
0x00007ff821dee000 	/usr/lib/libSystem.B.dylib
0x00007ff821de9000 	/usr/lib/system/libcache.dylib
0x00007ff821da5000 	/usr/lib/system/libcommonCrypto.dylib
0x00007ff821dce000 	/usr/lib/system/libcompiler_rt.dylib
0x00007ff821dc4000 	/usr/lib/system/libcopyfile.dylib
0x00007ff816d7c000 	/usr/lib/system/libcorecrypto.dylib
0x00007ff816e3a000 	/usr/lib/system/libdispatch.dylib
0x00007ff816ffa000 	/usr/lib/system/libdyld.dylib
0x00007ff821de0000 	/usr/lib/system/libkeymgr.dylib
0x00007ff821d83000 	/usr/lib/system/libmacho.dylib
0x00007ff821404000 	/usr/lib/system/libquarantine.dylib
0x00007ff821dde000 	/usr/lib/system/libremovefile.dylib
0x00007ff81bf8f000 	/usr/lib/system/libsystem_asl.dylib
0x00007ff816d25000 	/usr/lib/system/libsystem_blocks.dylib
0x00007ff816ebe000 	/usr/lib/system/libsystem_c.dylib
0x00007ff821dd6000 	/usr/lib/system/libsystem_collections.dylib
0x00007ff8206b8000 	/usr/lib/system/libsystem_configuration.dylib
0x00007ff81f961000 	/usr/lib/system/libsystem_containermanager.dylib
0x00007ff821abb000 	/usr/lib/system/libsystem_coreservices.dylib
0x00007ff819630000 	/usr/lib/system/libsystem_darwin.dylib
0x00007ff821de1000 	/usr/lib/system/libsystem_dnssd.dylib
0x00007ff816ebb000 	/usr/lib/system/libsystem_featureflags.dylib
0x00007ff817010000 	/usr/lib/system/libsystem_info.dylib
0x00007ff821d21000 	/usr/lib/system/libsystem_m.dylib
0x00007ff816e0e000 	/usr/lib/system/libsystem_malloc.dylib
0x00007ff81bf2a000 	/usr/lib/system/libsystem_networkextension.dylib
0x00007ff819a56000 	/usr/lib/system/libsystem_notify.dylib
0x00007ff82805e000 	/usr/lib/system/libsystem_product_info_filter.dylib
0x00007ff8206bc000 	/usr/lib/system/libsystem_sandbox.dylib
0x00007ff821ddb000 	/usr/lib/system/libsystem_secinit.dylib
0x00007ff816fb6000 	/usr/lib/system/libsystem_kernel.dylib
0x00007ff817006000 	/usr/lib/system/libsystem_platform.dylib
0x00007ff816fee000 	/usr/lib/system/libsystem_pthread.dylib
0x00007ff81d7dd000 	/usr/lib/system/libsystem_symptoms.dylib
0x00007ff816d63000 	/usr/lib/system/libsystem_trace.dylib
0x00007ff821db1000 	/usr/lib/system/libunwind.dylib
0x00007ff816d27000 	/usr/lib/system/libxpc.dylib
0x00007ff816fa0000 	/usr/lib/libc++abi.dylib
0x00007ff816e81000 	/usr/lib/libobjc.A.dylib
0x00007ff821dbc000 	/usr/lib/liboah.dylib
0x00007ff816f47000 	/usr/lib/libc++.1.dylib
0x00007ff82de60000 	/System/Library/Frameworks/Cocoa.framework/Versions/A/Cocoa
0x00007ff819ab4000 	/System/Library/Frameworks/AppKit.framework/Versions/C/AppKit
0x00007ff81cfcb000 	/System/Library/Frameworks/CoreData.framework/Versions/A/CoreData
0x00007ff817eb7000 	/System/Library/Frameworks/Foundation.framework/Versions/C/Foundation
0x00007ff81a944000 	/System/Library/PrivateFrameworks/UIFoundation.framework/Versions/A/UIFoundation
0x00007ff827d61000 	/System/Library/PrivateFrameworks/RemoteViewServices.framework/Versions/A/RemoteViewServices
0x00007ff820042000 	/System/Library/PrivateFrameworks/XCTTargetBootstrap.framework/Versions/A/XCTTargetBootstrap
0x00007ff823bf7000 	/System/Library/PrivateFrameworks/InternationalSupport.framework/Versions/A/InternationalSupport
0x00007ff823c81000 	/System/Library/PrivateFrameworks/UserActivity.framework/Versions/A/UserActivity
0x00007ff822fd5000 	/usr/lib/libspindump.dylib
0x00007ff81abd3000 	/System/Library/Frameworks/UniformTypeIdentifiers.framework/Versions/A/UniformTypeIdentifiers
0x00007ff81e766000 	/usr/lib/libapp_launch_measurement.dylib
0x00007ff81d99d000 	/System/Library/PrivateFrameworks/CoreAnalytics.framework/Versions/A/CoreAnalytics
0x00007ff81e769000 	/System/Library/PrivateFrameworks/CoreAutoLayout.framework/Versions/A/CoreAutoLayout
0x00007ff81f999000 	/System/Library/Frameworks/Metal.framework/Versions/A/Metal
0x00007ff8206c8000 	/usr/lib/liblangid.dylib
0x00007ff820047000 	/System/Library/PrivateFrameworks/CoreSVG.framework/Versions/A/CoreSVG
0x00007ff81bfbf000 	/System/Library/PrivateFrameworks/SkyLight.framework/Versions/A/SkyLight
0x00007ff81c35e000 	/System/Library/Frameworks/CoreGraphics.framework/Versions/A/CoreGraphics
0x00007ff828421000 	/System/Library/Frameworks/Accelerate.framework/Versions/A/Accelerate
0x00007ff822a54000 	/System/Library/PrivateFrameworks/IconServices.framework/Versions/A/IconServices
0x00007ff81f97e000 	/System/Library/Frameworks/IOSurface.framework/Versions/A/IOSurface
0x00007ff81d9cb000 	/usr/lib/libDiagnosticMessagesClient.dylib
0x00007ff82bb04000 	/System/Library/Frameworks/ApplicationServices.framework/Versions/A/ApplicationServices
0x00007ff82002e000 	/System/Library/PrivateFrameworks/DFRFoundation.framework/Versions/A/DFRFoundation
0x00007ff81939c000 	/usr/lib/libicucore.A.dylib
0x00007ff8249ed000 	/System/Library/Frameworks/AudioToolbox.framework/Versions/A/AudioToolbox
0x00007ff823c03000 	/System/Library/PrivateFrameworks/DataDetectorsCore.framework/Versions/A/DataDetectorsCore
0x00007ff9200fe000 	/System/Library/PrivateFrameworks/TextInput.framework/Versions/A/TextInput
0x00007ff81bf42000 	/usr/lib/libMobileGestalt.dylib
0x00007ff81fd3a000 	/System/Library/Frameworks/Carbon.framework/Versions/A/Frameworks/HIToolbox.framework/Versions/A/HIToolbox
0x00007ff81e168000 	/System/Library/Frameworks/QuartzCore.framework/Versions/A/QuartzCore
0x00007ff819041000 	/System/Library/Frameworks/Security.framework/Versions/A/Security
0x00007ff827d99000 	/System/Library/Frameworks/Carbon.framework/Versions/A/Frameworks/SpeechRecognition.framework/Versions/A/SpeechRecognition
0x00007ff81e4c6000 	/System/Library/PrivateFrameworks/CoreUI.framework/Versions/A/CoreUI
0x00007ff81890b000 	/System/Library/Frameworks/CoreAudio.framework/Versions/A/CoreAudio
0x00007ff81daba000 	/System/Library/Frameworks/DiskArbitration.framework/Versions/A/DiskArbitration
0x00007ff8233c3000 	/System/Library/PrivateFrameworks/MultitouchSupport.framework/Versions/A/MultitouchSupport
0x00007ff81bf41000 	/usr/lib/libenergytrace.dylib
0x00007ff8199a0000 	/System/Library/Frameworks/IOKit.framework/Versions/A/IOKit
0x00007ff828189000 	/System/Library/Frameworks/CoreServices.framework/Versions/A/CoreServices
0x00007ff81e700000 	/System/Library/PrivateFrameworks/PerformanceAnalysis.framework/Versions/A/PerformanceAnalysis
0x00007ffa2fde0000 	/System/Library/Frameworks/OpenGL.framework/Versions/A/OpenGL
0x00007ff82132a000 	/System/Library/PrivateFrameworks/MobileKeyBag.framework/Versions/A/MobileKeyBag
0x00007ff81ca2a000 	/System/Library/Frameworks/ColorSync.framework/Versions/A/ColorSync
0x00007ff81703b000 	/System/Library/Frameworks/CoreFoundation.framework/Versions/A/CoreFoundation
0x00007ff8202be000 	/System/Library/Frameworks/CoreImage.framework/Versions/A/CoreImage
0x00007ff81871f000 	/System/Library/Frameworks/CoreText.framework/Versions/A/CoreText
0x00007ff820077000 	/System/Library/Frameworks/ImageIO.framework/Versions/A/ImageIO
0x00007ff821df4000 	/System/Library/PrivateFrameworks/SoftLinking.framework/Versions/A/SoftLinking
0x00007ff81e7b1000 	/usr/lib/libxml2.2.dylib
0x00007ff822078000 	/usr/lib/libcompression.dylib
0x00007ff823b2a000 	/System/Library/PrivateFrameworks/TextureIO.framework/Versions/A/TextureIO
0x00007ff822766000 	/usr/lib/libate.dylib
0x00007ff822542000 	/usr/lib/liblzma.5.dylib
0x00007ff817bc9000 	/System/Library/Frameworks/SystemConfiguration.framework/Versions/A/SystemConfiguration
0x00007ff821df0000 	/usr/lib/libfakelink.dylib
0x00007ff81ba9a000 	/System/Library/Frameworks/CFNetwork.framework/Versions/A/CFNetwork
0x00007ff821f31000 	/usr/lib/libarchive.2.dylib
0x00007ff8206c4000 	/System/Library/PrivateFrameworks/AppleSystemInfo.framework/Versions/A/AppleSystemInfo
0x00007ff82142b000 	/usr/lib/libbsm.0.dylib
0x00007ff81b0a9000 	/usr/lib/libnetwork.dylib
0x00007ff821d89000 	/usr/lib/system/libkxld.dylib
0x00007ff82105e000 	/System/Library/PrivateFrameworks/IOMobileFramebuffer.framework/Versions/A/IOMobileFramebuffer
0x00007ffb2f7af000 	/usr/lib/libCoreEntitlements.dylib
0x00007ff821a9d000 	/System/Library/PrivateFrameworks/AppleFSCompression.framework/Versions/A/AppleFSCompression
0x00007ff821413000 	/usr/lib/libcoretls.dylib
0x00007ff82255c000 	/usr/lib/libcoretls_cfhelpers.dylib
0x00007ff822073000 	/usr/lib/libpam.2.dylib
0x00007ff81d3fc000 	/usr/lib/libsqlite3.dylib
0x00007ff8225cb000 	/usr/lib/libxar.1.dylib
0x00007ff821aad000 	/usr/lib/libbz2.1.0.dylib
0x00007ff821df5000 	/usr/lib/libpcap.A.dylib
0x00007ff81d7d5000 	/usr/lib/libdns_services.dylib
0x00007ff822043000 	/usr/lib/libapple_nghttp2.dylib
0x00007ff821e2f000 	/usr/lib/libiconv.2.dylib
0x00007ff821d82000 	/usr/lib/libcharset.1.dylib
0x00007ff81e734000 	/System/Library/Frameworks/CoreServices.framework/Versions/A/Frameworks/FSEvents.framework/Versions/A/FSEvents
0x00007ff81963a000 	/System/Library/Frameworks/CoreServices.framework/Versions/A/Frameworks/CarbonCore.framework/Versions/A/CarbonCore
0x00007ff81da1e000 	/System/Library/Frameworks/CoreServices.framework/Versions/A/Frameworks/Metadata.framework/Versions/A/Metadata
0x00007ff821ac0000 	/System/Library/Frameworks/CoreServices.framework/Versions/A/Frameworks/OSServices.framework/Versions/A/OSServices
0x00007ff821fb8000 	/System/Library/Frameworks/CoreServices.framework/Versions/A/Frameworks/SearchKit.framework/Versions/A/SearchKit
0x00007ff81d767000 	/System/Library/Frameworks/CoreServices.framework/Versions/A/Frameworks/AE.framework/Versions/A/AE
0x00007ff81753e000 	/System/Library/Frameworks/CoreServices.framework/Versions/A/Frameworks/LaunchServices.framework/Versions/A/LaunchServices
0x00007ff8224f3000 	/System/Library/Frameworks/CoreServices.framework/Versions/A/Frameworks/DictionaryServices.framework/Versions/A/DictionaryServices
0x00007ff81e741000 	/System/Library/Frameworks/CoreServices.framework/Versions/A/Frameworks/SharedFileList.framework/Versions/A/SharedFileList
0x00007ff821407000 	/usr/lib/libCheckFix.dylib
0x00007ff81bfa6000 	/System/Library/PrivateFrameworks/TCC.framework/Versions/A/TCC
0x00007ff8206ca000 	/System/Library/PrivateFrameworks/CoreNLP.framework/Versions/A/CoreNLP
0x00007ff81d9ce000 	/System/Library/PrivateFrameworks/MetadataUtilities.framework/Versions/A/MetadataUtilities
0x00007ff817c7a000 	/usr/lib/libmecabra.dylib
0x00007ff82143b000 	/usr/lib/libmecab.dylib
0x00007ff817c45000 	/usr/lib/libCRFSuite.dylib
0x00007ff821495000 	/usr/lib/libgermantok.dylib
0x00007ff82201e000 	/usr/lib/libThaiTokenizer.dylib
0x00007ff81dac1000 	/System/Library/Frameworks/Accelerate.framework/Versions/A/Frameworks/vImage.framework/Versions/A/vImage
0x00007ff828160000 	/System/Library/Frameworks/Accelerate.framework/Versions/A/Frameworks/vecLib.framework/Versions/A/vecLib
0x00007ff82260c000 	/System/Library/Frameworks/Accelerate.framework/Versions/A/Frameworks/vecLib.framework/Versions/A/libvMisc.dylib
0x00007ff820e89000 	/System/Library/Frameworks/Accelerate.framework/Versions/A/Frameworks/vecLib.framework/Versions/A/libvDSP.dylib
0x00007ff8178b9000 	/System/Library/Frameworks/Accelerate.framework/Versions/A/Frameworks/vecLib.framework/Versions/A/libBLAS.dylib
0x00007ff822155000 	/System/Library/Frameworks/Accelerate.framework/Versions/A/Frameworks/vecLib.framework/Versions/A/libLAPACK.dylib
0x00007ff821498000 	/System/Library/Frameworks/Accelerate.framework/Versions/A/Frameworks/vecLib.framework/Versions/A/libLinearAlgebra.dylib
0x00007ff82205b000 	/System/Library/Frameworks/Accelerate.framework/Versions/A/Frameworks/vecLib.framework/Versions/A/libSparseBLAS.dylib
0x00007ff82214f000 	/System/Library/Frameworks/Accelerate.framework/Versions/A/Frameworks/vecLib.framework/Versions/A/libQuadrature.dylib
0x00007ff8207b5000 	/System/Library/Frameworks/Accelerate.framework/Versions/A/Frameworks/vecLib.framework/Versions/A/libBNNS.dylib
0x00007ff817b53000 	/System/Library/Frameworks/Accelerate.framework/Versions/A/Frameworks/vecLib.framework/Versions/A/libSparse.dylib
0x00007ff8207ae000 	/System/Library/PrivateFrameworks/LinguisticData.framework/Versions/A/LinguisticData
0x00007ff817b09000 	/System/Library/PrivateFrameworks/Lexicon.framework/Versions/A/Lexicon
0x00007ff822605000 	/usr/lib/libChineseTokenizer.dylib
0x00007ff818274000 	/System/Library/PrivateFrameworks/LanguageModeling.framework/Versions/A/LanguageModeling
0x00007ff822020000 	/System/Library/PrivateFrameworks/AppleSauce.framework/Versions/A/AppleSauce
0x00007ff82104c000 	/System/Library/PrivateFrameworks/CoreEmoji.framework/Versions/A/CoreEmoji
0x00007ff821f20000 	/usr/lib/libcmph.dylib
0x00007ff81e718000 	/System/Library/Frameworks/OpenDirectory.framework/Versions/A/Frameworks/CFOpenDirectory.framework/Versions/A/CFOpenDirectory
0x00007ff81e70c000 	/System/Library/Frameworks/OpenDirectory.framework/Versions/A/OpenDirectory
0x00007ff82255e000 	/System/Library/PrivateFrameworks/APFS.framework/Versions/A/APFS
0x00007ff821362000 	/System/Library/Frameworks/SecurityFoundation.framework/Versions/A/SecurityFoundation
0x00007ff8225d9000 	/usr/lib/libutil.dylib
0x00007ff819964000 	/System/Library/PrivateFrameworks/CoreServicesStore.framework/Versions/A/CoreServicesStore
0x00007ff8225dd000 	/usr/lib/libxslt.1.dylib
0x00007ff8213ef000 	/System/Library/PrivateFrameworks/BackgroundTaskManagement.framework/Versions/A/BackgroundTaskManagement
0x00007ff823a4a000 	/System/Library/Frameworks/ImageIO.framework/Versions/A/Resources/libRadiance.dylib
0x00007ff823a53000 	/System/Library/Frameworks/ImageIO.framework/Versions/A/Resources/libJPEG.dylib
0x00007ff8239a2000 	/System/Library/Frameworks/ImageIO.framework/Versions/A/Resources/libPng.dylib
0x00007ff8239c3000 	/System/Library/Frameworks/ImageIO.framework/Versions/A/Resources/libTIFF.dylib
0x00007ff823ab3000 	/System/Library/Frameworks/ImageIO.framework/Versions/A/Resources/libGIF.dylib
0x00007ff8232dd000 	/System/Library/Frameworks/ImageIO.framework/Versions/A/Resources/libJP2.dylib
0x00007ff822a1b000 	/usr/lib/libexpat.1.dylib
0x00007ff823292000 	/System/Library/PrivateFrameworks/AppleJPEG.framework/Versions/A/AppleJPEG
0x00007ff81fbfe000 	/System/Library/PrivateFrameworks/FontServices.framework/libFontParser.dylib
0x00007ff81d711000 	/System/Library/PrivateFrameworks/RunningBoardServices.framework/Versions/A/RunningBoardServices
0x00007ff82e41b000 	/System/Library/PrivateFrameworks/IOSurfaceAccelerator.framework/Versions/A/IOSurfaceAccelerator
0x00007ff8233bf000 	/System/Library/PrivateFrameworks/WatchdogClient.framework/Versions/A/WatchdogClient
0x00007ff818362000 	/System/Library/Frameworks/CoreDisplay.framework/Versions/A/CoreDisplay
0x00007ff81fafc000 	/System/Library/Frameworks/CoreMedia.framework/Versions/A/CoreMedia
0x00007ff81f990000 	/System/Library/PrivateFrameworks/IOAccelerator.framework/Versions/A/IOAccelerator
0x00007ff81e895000 	/System/Library/Frameworks/CoreVideo.framework/Versions/A/CoreVideo
0x00007ff822071000 	/System/Library/Frameworks/MetalPerformanceShaders.framework/Versions/A/MetalPerformanceShaders
0x00007ff8233fc000 	/System/Library/Frameworks/VideoToolbox.framework/Versions/A/VideoToolbox
0x00007ff81d65b000 	/System/Library/PrivateFrameworks/BaseBoard.framework/Versions/A/BaseBoard
0x00007ff81d3e2000 	/System/Library/PrivateFrameworks/ProtocolBuffer.framework/Versions/A/ProtocolBuffer
0x00007ff823a43000 	/System/Library/PrivateFrameworks/GPUWrangler.framework/Versions/A/GPUWrangler
0x00007ff823a27000 	/System/Library/PrivateFrameworks/IOPresentment.framework/Versions/A/IOPresentment
0x00007ff823a4d000 	/System/Library/PrivateFrameworks/DSExternalDisplay.framework/Versions/A/DSExternalDisplay
0x00007ffa2fdd4000 	/System/Library/Frameworks/OpenGL.framework/Versions/A/Libraries/libCoreFSCache.dylib
0x00007ffb1ceab000 	/System/Library/PrivateFrameworks/GPUCompiler.framework/Versions/31001/Libraries/libGPUCompilerUtils.dylib
0x00007ff823ab8000 	/System/Library/PrivateFrameworks/CMCaptureCore.framework/Versions/A/CMCaptureCore
0x00007ff822fc3000 	/System/Library/PrivateFrameworks/AppServerSupport.framework/Versions/A/AppServerSupport
0x00007ff825286000 	/System/Library/PrivateFrameworks/perfdata.framework/Versions/A/perfdata
0x00007ff81848e000 	/System/Library/PrivateFrameworks/AudioToolboxCore.framework/Versions/A/AudioToolboxCore
0x00007ff81fada000 	/System/Library/PrivateFrameworks/caulk.framework/Versions/A/caulk
0x00007ff824b98000 	/usr/lib/libAudioStatistics.dylib
0x00007ff91c88c000 	/System/Library/PrivateFrameworks/SystemPolicy.framework/Versions/A/SystemPolicy
0x00007ff824df3000 	/usr/lib/libSMC.dylib
0x00007ff82dd13000 	/System/Library/Frameworks/CoreMIDI.framework/Versions/A/CoreMIDI
0x00007ff823971000 	/usr/lib/libAudioToolboxUtility.dylib
0x00007ff918ab8000 	/System/Library/PrivateFrameworks/OSAServicesClient.framework/Versions/A/OSAServicesClient
0x00007ff825293000 	/usr/lib/libperfcheck.dylib
0x00007ff91d339000 	/usr/lib/libmis.dylib
0x00007ffa2fe2f000 	/System/Library/Frameworks/OpenGL.framework/Versions/A/Libraries/libGLU.dylib
0x00007ffa2fdf3000 	/System/Library/Frameworks/OpenGL.framework/Versions/A/Libraries/libGFXShared.dylib
0x00007ffa2fffc000 	/System/Library/Frameworks/OpenGL.framework/Versions/A/Libraries/libGL.dylib
0x00007ffa2fdfc000 	/System/Library/Frameworks/OpenGL.framework/Versions/A/Libraries/libGLImage.dylib
0x00007ffa2fdf0000 	/System/Library/Frameworks/OpenGL.framework/Versions/A/Libraries/libCVMSPluginSupport.dylib
0x00007ffa2fddb000 	/System/Library/Frameworks/OpenGL.framework/Versions/A/Libraries/libCoreVMClient.dylib
0x00007ff820646000 	/System/Library/Frameworks/MetalPerformanceShaders.framework/Versions/A/Frameworks/MPSCore.framework/Versions/A/MPSCore
0x00007ff821a08000 	/System/Library/Frameworks/MetalPerformanceShaders.framework/Versions/A/Frameworks/MPSImage.framework/Versions/A/MPSImage
0x00007ff8214ae000 	/System/Library/Frameworks/MetalPerformanceShaders.framework/Versions/A/Frameworks/MPSNeuralNetwork.framework/Versions/A/MPSNeuralNetwork
0x00007ff821922000 	/System/Library/Frameworks/MetalPerformanceShaders.framework/Versions/A/Frameworks/MPSMatrix.framework/Versions/A/MPSMatrix
0x00007ff8216dd000 	/System/Library/Frameworks/MetalPerformanceShaders.framework/Versions/A/Frameworks/MPSRayIntersector.framework/Versions/A/MPSRayIntersector
0x00007ff82195a000 	/System/Library/Frameworks/MetalPerformanceShaders.framework/Versions/A/Frameworks/MPSNDArray.framework/Versions/A/MPSNDArray
0x00007ffa358b4000 	/System/Library/Frameworks/MetalPerformanceShaders.framework/Versions/A/Frameworks/MPSFunctions.framework/Versions/A/MPSFunctions
0x00007ff817795000 	/System/Library/PrivateFrameworks/MetalTools.framework/Versions/A/MetalTools
0x00007ff8206c2000 	/System/Library/PrivateFrameworks/AggregateDictionary.framework/Versions/A/AggregateDictionary
0x00007ff8227fd000 	/usr/lib/libIOReport.dylib
0x00007ffa3140b000 	/System/Library/Frameworks/OpenCL.framework/Versions/A/OpenCL
0x00007ff822b61000 	/System/Library/PrivateFrameworks/FaceCore.framework/Versions/A/FaceCore
0x00007ff822b52000 	/System/Library/PrivateFrameworks/GraphVisualizer.framework/Versions/A/GraphVisualizer
0x00007ffb1cdb6000 	/System/Library/PrivateFrameworks/FontServices.framework/Versions/A/FontServices
0x00007ff822f7b000 	/System/Library/PrivateFrameworks/OTSVG.framework/Versions/A/OTSVG
0x00007ff81e47b000 	/System/Library/Frameworks/ApplicationServices.framework/Versions/A/Frameworks/ATS.framework/Versions/A/Resources/libFontRegistry.dylib
0x00007ff822fcb000 	/System/Library/PrivateFrameworks/FontServices.framework/libhvf.dylib
0x00007ffb1cdb7000 	/System/Library/PrivateFrameworks/FontServices.framework/libXTFontStaticRegistryData.dylib
0x00007ff8229cb000 	/System/Library/PrivateFrameworks/AppleVA.framework/Versions/A/AppleVA
0x00007ff824bb8000 	/System/Library/Frameworks/ApplicationServices.framework/Versions/A/Frameworks/ATS.framework/Versions/A/ATS
0x00007ff81cb28000 	/System/Library/Frameworks/ApplicationServices.framework/Versions/A/Frameworks/HIServices.framework/Versions/A/HIServices
0x00007ff823ac2000 	/System/Library/Frameworks/ApplicationServices.framework/Versions/A/Frameworks/PrintCore.framework/Versions/A/PrintCore
0x00007ff824f46000 	/System/Library/Frameworks/ApplicationServices.framework/Versions/A/Frameworks/QD.framework/Versions/A/QD
0x00007ff824f3e000 	/System/Library/Frameworks/ApplicationServices.framework/Versions/A/Frameworks/ColorSyncLegacy.framework/Versions/A/ColorSyncLegacy
0x00007ff824ba8000 	/System/Library/Frameworks/ApplicationServices.framework/Versions/A/Frameworks/SpeechSynthesis.framework/Versions/A/SpeechSynthesis
0x00007ff823a83000 	/System/Library/Frameworks/ApplicationServices.framework/Versions/A/Frameworks/ATSUI.framework/Versions/A/ATSUI
0x00007ff824ed3000 	/usr/lib/libcups.2.dylib
0x00007ff8252a2000 	/System/Library/Frameworks/Kerberos.framework/Versions/A/Kerberos
0x00007ff8252b1000 	/System/Library/Frameworks/GSS.framework/Versions/A/GSS
0x00007ff824c24000 	/usr/lib/libresolv.9.dylib
0x00007ff822fda000 	/System/Library/PrivateFrameworks/Heimdal.framework/Versions/A/Heimdal
0x00007ff82be96000 	/System/Library/Frameworks/Kerberos.framework/Versions/A/Libraries/libHeimdalProxy.dylib
0x00007ff81d7e5000 	/System/Library/Frameworks/Network.framework/Versions/A/Network
0x00007ff822a35000 	/usr/lib/libheimdal-asn1.dylib
0x00007ff8252fc000 	/System/Library/PrivateFrameworks/CommonAuth.framework/Versions/A/CommonAuth
0x00007ff824b2a000 	/System/Library/PrivateFrameworks/AudioSession.framework/Versions/A/AudioSession
0x00007ff822ac5000 	/System/Library/PrivateFrameworks/MediaExperience.framework/Versions/A/MediaExperience
0x00007ff8249bc000 	/System/Library/PrivateFrameworks/AudioSession.framework/libSessionUtility.dylib
0x00007ff824f52000 	/System/Library/PrivateFrameworks/AudioResourceArbitration.framework/Versions/A/AudioResourceArbitration
0x00007ff828fd3000 	/System/Library/PrivateFrameworks/PowerLog.framework/Versions/A/PowerLog
0x00007ff822a3e000 	/System/Library/PrivateFrameworks/IconFoundation.framework/Versions/A/IconFoundation
0x00007ff827d89000 	/System/Library/PrivateFrameworks/SpeechRecognitionCore.framework/Versions/A/SpeechRecognitionCore
0x00007ffa22076000 	/System/Library/CoreServices/Encodings/libLatin2Converter.dylib
0x0000000108b1c000 	/Users/hubertkowal/.gradle/jdks/adoptium-18-x64-hotspot-mac/Contents/Home/lib/server/libjvm.dylib
0x0000000107a00000 	/Users/hubertkowal/.gradle/jdks/adoptium-18-x64-hotspot-mac/Contents/Home/lib/libjimage.dylib
0x0000000107a77000 	/Users/hubertkowal/.gradle/jdks/adoptium-18-x64-hotspot-mac/Contents/Home/lib/libjava.dylib
0x00000001088d2000 	/Users/hubertkowal/.gradle/jdks/adoptium-18-x64-hotspot-mac/Contents/Home/lib/libnio.dylib
0x00000001088e7000 	/Users/hubertkowal/.gradle/jdks/adoptium-18-x64-hotspot-mac/Contents/Home/lib/libnet.dylib
0x00000001088fb000 	/Users/hubertkowal/.gradle/jdks/adoptium-18-x64-hotspot-mac/Contents/Home/lib/libzip.dylib
0x0000000108909000 	/Users/hubertkowal/.openjfx/cache/17/libprism_es2.dylib
0x00007ff819926000 	/System/Library/PrivateFrameworks/CoreServicesInternal.framework/Versions/A/CoreServicesInternal
0x00007ffa30007000 	/System/Library/Frameworks/OpenGL.framework/Versions/A/Resources/GLEngine.bundle/GLEngine
0x00007ffa2fe6d000 	/System/Library/Frameworks/OpenGL.framework/Versions/A/Libraries/libGLProgrammability.dylib
0x00007ffa28cf9000 	/System/Library/Extensions/AppleIntelICLGraphicsGLDriver.bundle/Contents/MacOS/AppleIntelICLGraphicsGLDriver
0x00007ff9274d4000 	/System/Library/PrivateFrameworks/GPUSupport.framework/Versions/A/Libraries/libGPUSupportMercury.dylib
0x00007ffa30191000 	/System/Library/Frameworks/OpenGL.framework/Versions/A/Resources/GLRendererFloat.bundle/GLRendererFloat
0x000000010e5d7000 	/Users/hubertkowal/.openjfx/cache/17/libglass.dylib
0x00007ff8295c4000 	/System/Library/Frameworks/FileProvider.framework/Versions/A/FileProvider
0x00007ff81d5c8000 	/System/Library/Frameworks/Accounts.framework/Versions/A/Accounts
0x00007ff82973d000 	/System/Library/PrivateFrameworks/GenerationalStorage.framework/Versions/A/GenerationalStorage
0x00007ff82a24d000 	/System/Library/PrivateFrameworks/CoreSymbolication.framework/Versions/A/CoreSymbolication
0x00007ff828fc8000 	/System/Library/PrivateFrameworks/SymptomDiagnosticReporter.framework/Versions/A/SymptomDiagnosticReporter
0x00007ff81abe7000 	/System/Library/PrivateFrameworks/DesktopServicesPriv.framework/Versions/A/DesktopServicesPriv
0x00007ff819a65000 	/usr/lib/libsandbox.1.dylib
0x00007ff81e914000 	/System/Library/PrivateFrameworks/UserManagement.framework/Versions/A/UserManagement
0x00007ff82a212000 	/System/Library/PrivateFrameworks/DebugSymbols.framework/Versions/A/DebugSymbols
0x00007ff824f33000 	/System/Library/PrivateFrameworks/NetAuth.framework/Versions/A/NetAuth
0x00007ff825e42000 	/System/Library/PrivateFrameworks/Sharing.framework/Versions/A/Sharing
0x00007ff81e8e7000 	/System/Library/PrivateFrameworks/login.framework/Versions/A/Frameworks/loginsupport.framework/Versions/A/loginsupport
0x00007ff82b3b0000 	/System/Library/PrivateFrameworks/Apple80211.framework/Versions/A/Apple80211
0x00007ff821aed000 	/System/Library/PrivateFrameworks/AuthKit.framework/Versions/A/AuthKit
0x00007ff821142000 	/System/Library/PrivateFrameworks/CoreUtils.framework/Versions/A/CoreUtils
0x00007ff821069000 	/System/Library/Frameworks/CoreWLAN.framework/Versions/A/CoreWLAN
0x00007ff825fa1000 	/System/Library/Frameworks/IOBluetooth.framework/Versions/A/IOBluetooth
0x00007ff82b418000 	/System/Library/PrivateFrameworks/CoreWiFi.framework/Versions/A/CoreWiFi
0x00007ff829de7000 	/System/Library/PrivateFrameworks/FrontBoardServices.framework/Versions/A/FrontBoardServices
0x00007ff829e78000 	/System/Library/PrivateFrameworks/BoardServices.framework/Versions/A/BoardServices
0x00007ff821351000 	/System/Library/PrivateFrameworks/AssertionServices.framework/Versions/A/AssertionServices
0x00007ff82b59b000 	/System/Library/PrivateFrameworks/BackBoardServices.framework/Versions/A/BackBoardServices
0x00007ff82538d000 	/System/Library/PrivateFrameworks/CorePhoneNumbers.framework/Versions/A/CorePhoneNumbers
0x00007ff824c51000 	/System/Library/PrivateFrameworks/MultiverseSupport.framework/Versions/A/MultiverseSupport
0x00007ff82b80f000 	/System/Library/PrivateFrameworks/RemoteServiceDiscovery.framework/Versions/A/RemoteServiceDiscovery
0x00007ff8290e5000 	/System/Library/PrivateFrameworks/DiskManagement.framework/Versions/A/DiskManagement
0x00007ff828ff9000 	/System/Library/PrivateFrameworks/AppleIDAuthSupport.framework/Versions/A/AppleIDAuthSupport
0x00007ffb17731000 	/System/Library/PrivateFrameworks/AAAFoundation.framework/Versions/A/AAAFoundation
0x00007ff82536e000 	/System/Library/PrivateFrameworks/KeychainCircle.framework/Versions/A/KeychainCircle
0x00007ff82b81f000 	/System/Library/PrivateFrameworks/RemoteXPC.framework/Versions/A/RemoteXPC
0x00007ff8290b1000 	/System/Library/PrivateFrameworks/MediaKit.framework/Versions/A/MediaKit
0x00007ff829005000 	/System/Library/Frameworks/DiscRecording.framework/Versions/A/DiscRecording
0x00007ff822943000 	/usr/lib/libCoreStorage.dylib
0x00007ff82b88a000 	/usr/lib/libcsfde.dylib
0x00007ff82606e000 	/System/Library/PrivateFrameworks/ProtectedCloudStorage.framework/Versions/A/ProtectedCloudStorage
0x00007ff82b886000 	/System/Library/PrivateFrameworks/EFILogin.framework/Versions/A/EFILogin
0x00007ff829763000 	/System/Library/PrivateFrameworks/OctagonTrust.framework/Versions/A/OctagonTrust
0x00007ffb1c019000 	/System/Library/PrivateFrameworks/CoreUtilsExtras.framework/Versions/A/CoreUtilsExtras
0x00007ff828f2c000 	/System/Library/Frameworks/CoreBluetooth.framework/Versions/A/CoreBluetooth
0x00007ff82bf1b000 	/System/Library/Frameworks/AudioUnit.framework/Versions/A/AudioUnit
0x00007ff82293b000 	/usr/lib/libMatch.1.dylib
0x00007ff92195d000 	/System/Library/Frameworks/Accelerate.framework/Versions/A/Frameworks/vImage.framework/Versions/A/Libraries/libCGInterfaces.dylib
0x000000010f6d7000 	/usr/lib/libobjc-trampolines.dylib
0x00007ff81e60c000 	/System/Library/PrivateFrameworks/ViewBridge.framework/Versions/A/ViewBridge


VM Arguments:
jvm_args: --add-modules=javafx.controls --module-path=/Users/hubertkowal/.gradle/caches/modules-2/files-2.1/org.openjfx/javafx-controls/17/e73acf695ffccb4f904ff7b76de8999eefb547c2/javafx-controls-17-mac.jar:/Users/hubertkowal/.gradle/caches/modules-2/files-2.1/org.openjfx/javafx-graphics/17/8b1d1124ce83e874db390016913fba7708f3592d/javafx-graphics-17-mac.jar:/Users/hubertkowal/.gradle/caches/modules-2/files-2.1/org.openjfx/javafx-base/17/61d52392b063be78f7cc1b0fbfc04dda7a835a15/javafx-base-17-mac.jar -Dfile.encoding=UTF-8 -Duser.country=PL -Duser.language=pl -Duser.variant 
java_command: agh.ics.oop.World
java_class_path (initial): /Users/hubertkowal/Documents/java/obiektowe/AnimalWorld/build/classes/java/main:/Users/hubertkowal/Documents/java/obiektowe/AnimalWorld/build/resources/main
Launcher Type: SUN_STANDARD

[Global flags]
     intx CICompilerCount                          = 3                                         {product} {ergonomic}
     uint ConcGCThreads                            = 1                                         {product} {ergonomic}
     uint G1ConcRefinementThreads                  = 4                                         {product} {ergonomic}
   size_t G1HeapRegionSize                         = 1048576                                   {product} {ergonomic}
    uintx GCDrainStackTargetSize                   = 64                                        {product} {ergonomic}
   size_t InitialHeapSize                          = 134217728                                 {product} {ergonomic}
   size_t MarkStackSize                            = 4194304                                   {product} {ergonomic}
   size_t MaxHeapSize                              = 2147483648                                {product} {ergonomic}
   size_t MaxNewSize                               = 1287651328                                {product} {ergonomic}
   size_t MinHeapDeltaBytes                        = 1048576                                   {product} {ergonomic}
   size_t MinHeapSize                              = 8388608                                   {product} {ergonomic}
    uintx NonNMethodCodeHeapSize                   = 5832780                                {pd product} {ergonomic}
    uintx NonProfiledCodeHeapSize                  = 122912730                              {pd product} {ergonomic}
    uintx ProfiledCodeHeapSize                     = 122912730                              {pd product} {ergonomic}
    uintx ReservedCodeCacheSize                    = 251658240                              {pd product} {ergonomic}
     bool SegmentedCodeCache                       = true                                      {product} {ergonomic}
   size_t SoftMaxHeapSize                          = 2147483648                             {manageable} {ergonomic}
     bool UseCompressedClassPointers               = true                           {product lp64_product} {ergonomic}
     bool UseCompressedOops                        = true                           {product lp64_product} {ergonomic}
     bool UseG1GC                                  = true                                      {product} {ergonomic}
     bool UseNUMA                                  = false                                     {product} {ergonomic}
     bool UseNUMAInterleaving                      = false                                     {product} {ergonomic}

Logging:
Log output configuration:
 #0: stdout all=warning uptime,level,tags foldmultilines=false
 #1: stderr all=off uptime,level,tags foldmultilines=false

Environment Variables:
PATH=/Library/Frameworks/Python.framework/Versions/3.11/bin:/Library/Frameworks/Python.framework/Versions/3.10/bin:/usr/local/bin:/usr/bin:/bin:/usr/sbin:/sbin:/Users/hubertkowal/.cabal/bin:/Users/hubertkowal/.ghcup/bin
SHELL=/bin/zsh
LC_CTYPE=pl_PL.UTF-8

Signal Handlers:
   SIGSEGV: _ZL13crash_handleriP9__siginfoPv in libjvm.dylib, mask=11100110000111110111111111111111, flags=SA_RESTART|SA_SIGINFO
    SIGBUS: _ZL13crash_handleriP9__siginfoPv in libjvm.dylib, mask=11100110000111110111111111111111, flags=SA_RESTART|SA_SIGINFO
    SIGFPE: _ZL13crash_handleriP9__siginfoPv in libjvm.dylib, mask=11100110000111110111111111111111, flags=SA_RESTART|SA_SIGINFO
   SIGPIPE: _ZL17javaSignalHandleriP9__siginfoPv in libjvm.dylib, mask=11100110000111110111111111111111, flags=SA_RESTART|SA_SIGINFO
   SIGXFSZ: _ZL17javaSignalHandleriP9__siginfoPv in libjvm.dylib, mask=11100110000111110111111111111111, flags=SA_RESTART|SA_SIGINFO
    SIGILL: _ZL13crash_handleriP9__siginfoPv in libjvm.dylib, mask=11100110000111110111111111111111, flags=SA_RESTART|SA_SIGINFO
   SIGUSR2: _ZL10SR_handleriP9__siginfoP17__darwin_ucontext in libjvm.dylib, mask=00100000000000000000000000000000, flags=SA_RESTART|SA_SIGINFO
    SIGHUP: _ZL11UserHandleriPvS_ in libjvm.dylib, mask=11100110000111110111111111111111, flags=SA_RESTART|SA_SIGINFO
    SIGINT: _ZL11UserHandleriPvS_ in libjvm.dylib, mask=11100110000111110111111111111111, flags=SA_RESTART|SA_SIGINFO
   SIGTERM: _ZL11UserHandleriPvS_ in libjvm.dylib, mask=11100110000111110111111111111111, flags=SA_RESTART|SA_SIGINFO
   SIGQUIT: _ZL11UserHandleriPvS_ in libjvm.dylib, mask=11100110000111110111111111111111, flags=SA_RESTART|SA_SIGINFO
   SIGTRAP: _ZL13crash_handleriP9__siginfoPv in libjvm.dylib, mask=11100110000111110111111111111111, flags=SA_RESTART|SA_SIGINFO


---------------  S Y S T E M  ---------------

OS:
uname: Darwin 21.6.0 Darwin Kernel Version 21.6.0: Mon Aug 22 20:17:10 PDT 2022; root:xnu-8020.140.49~2/RELEASE_X86_64 x86_64
OS uptime: 78 days 5:09 hours
rlimit (soft/hard): STACK 8192k/65532k , CORE 0k/infinity , NPROC 1392/2088 , NOFILE 10240/infinity , AS infinity/infinity , CPU infinity/infinity , DATA infinity/infinity , FSIZE infinity/infinity , MEMLOCK infinity/infinity , RSS infinity/infinity
load average: 5.79 4.11 3.18

CPU: total 4 (initial active 4) (2 cores per cpu, 2 threads per core) family 6 model 126 stepping 5 microcode 0xb2, cx8, cmov, fxsr, ht, mmx, 3dnowpref, sse, sse2, sse3, ssse3, sse4.1, sse4.2, popcnt, lzcnt, tsc, tscinvbit, avx, avx2, aes, erms, clmul, bmi1, bmi2, adx, sha, fma, vzeroupper, clflush, clflushopt

Memory: 4k page, physical 8388608k(195972k free), swap 2097152k(945920k free)

vm_info: OpenJDK 64-Bit Server VM (18.0.2.1+1) for bsd-amd64 JRE (18.0.2.1+1), built on Aug 25 2022 18:06:32 by "jenkins" with clang 4.2.1 Compatible Apple LLVM 10.0.1 (clang-1001.0.46.4)

END.
